{"C:\\Users\\gdmp9\\Desktop\\JAC App\\apps\\backend\\src\\app.controller.ts": {"path":"C:\\Users\\gdmp9\\Desktop\\JAC App\\apps\\backend\\src\\app.controller.ts","statementMap":{"0":{"start":{"line":1,"column":0},"end":{"line":1,"column":49}},"1":{"start":{"line":2,"column":0},"end":{"line":2,"column":43}},"2":{"start":{"line":5,"column":7},"end":{"line":12,"column":null}},"3":{"start":{"line":6,"column":31},"end":{"line":6,"column":43}},"4":{"start":{"line":10,"column":4},"end":{"line":10,"column":38}},"5":{"start":{"line":5,"column":13},"end":{"line":5,"column":26}},"6":{"start":{"line":9,"column":2},"end":{"line":11,"column":null}},"7":{"start":{"line":5,"column":13},"end":{"line":12,"column":null}}},"fnMap":{"0":{"name":"(anonymous_2)","decl":{"start":{"line":6,"column":2},"end":{"line":6,"column":31}},"loc":{"start":{"line":6,"column":53},"end":{"line":6,"column":57}}},"1":{"name":"(anonymous_3)","decl":{"start":{"line":9,"column":2},"end":{"line":9,"column":10}},"loc":{"start":{"line":9,"column":10},"end":{"line":11,"column":3}}}},"branchMap":{"0":{"loc":{"start":{"line":6,"column":43},"end":{"line":6,"column":56}},"type":"cond-expr","locations":[{"start":{"line":6,"column":53},"end":{"line":6,"column":56}},{"start":{"line":6,"column":53},"end":{"line":6,"column":56}}]},"1":{"loc":{"start":{"line":6,"column":43},"end":{"line":6,"column":53}},"type":"binary-expr","locations":[{"start":{"line":6,"column":43},"end":{"line":6,"column":56}},{"start":{"line":6,"column":43},"end":{"line":6,"column":53}}]}},"s":{"0":1,"1":1,"2":1,"3":1,"4":1,"5":1,"6":1,"7":1},"f":{"0":1,"1":1},"b":{"0":[1,0],"1":[1,1]}}
,"C:\\Users\\gdmp9\\Desktop\\JAC App\\apps\\backend\\src\\app.module.ts": {"path":"C:\\Users\\gdmp9\\Desktop\\JAC App\\apps\\backend\\src\\app.module.ts","statementMap":{"0":{"start":{"line":1,"column":0},"end":{"line":1,"column":40}},"1":{"start":{"line":2,"column":0},"end":{"line":2,"column":53}},"2":{"start":{"line":3,"column":0},"end":{"line":3,"column":50}},"3":{"start":{"line":4,"column":0},"end":{"line":4,"column":68}},"4":{"start":{"line":5,"column":0},"end":{"line":5,"column":49}},"5":{"start":{"line":6,"column":0},"end":{"line":6,"column":43}},"6":{"start":{"line":7,"column":0},"end":{"line":7,"column":54}},"7":{"start":{"line":8,"column":0},"end":{"line":8,"column":54}},"8":{"start":{"line":9,"column":0},"end":{"line":9,"column":48}},"9":{"start":{"line":10,"column":0},"end":{"line":10,"column":75}},"10":{"start":{"line":11,"column":0},"end":{"line":11,"column":60}},"11":{"start":{"line":12,"column":0},"end":{"line":12,"column":63}},"12":{"start":{"line":13,"column":0},"end":{"line":13,"column":72}},"13":{"start":{"line":14,"column":0},"end":{"line":14,"column":78}},"14":{"start":{"line":15,"column":0},"end":{"line":15,"column":69}},"15":{"start":{"line":16,"column":0},"end":{"line":16,"column":63}},"16":{"start":{"line":17,"column":0},"end":{"line":17,"column":98}},"17":{"start":{"line":18,"column":0},"end":{"line":18,"column":69}},"18":{"start":{"line":19,"column":0},"end":{"line":19,"column":63}},"19":{"start":{"line":20,"column":0},"end":{"line":20,"column":63}},"20":{"start":{"line":21,"column":0},"end":{"line":21,"column":72}},"21":{"start":{"line":22,"column":0},"end":{"line":22,"column":78}},"22":{"start":{"line":23,"column":0},"end":{"line":23,"column":89}},"23":{"start":{"line":24,"column":0},"end":{"line":24,"column":78}},"24":{"start":{"line":25,"column":0},"end":{"line":25,"column":66}},"25":{"start":{"line":26,"column":0},"end":{"line":26,"column":66}},"26":{"start":{"line":27,"column":0},"end":{"line":27,"column":78}},"27":{"start":{"line":28,"column":0},"end":{"line":28,"column":71}},"28":{"start":{"line":29,"column":0},"end":{"line":29,"column":83}},"29":{"start":{"line":30,"column":0},"end":{"line":30,"column":107}},"30":{"start":{"line":31,"column":0},"end":{"line":31,"column":81}},"31":{"start":{"line":32,"column":0},"end":{"line":32,"column":81}},"32":{"start":{"line":33,"column":0},"end":{"line":33,"column":66}},"33":{"start":{"line":84,"column":7},"end":{"line":84,"column":null}},"34":{"start":{"line":84,"column":13},"end":{"line":84,"column":22}},"35":{"start":{"line":84,"column":13},"end":{"line":84,"column":null}}},"fnMap":{},"branchMap":{},"s":{"0":0,"1":0,"2":0,"3":0,"4":0,"5":0,"6":0,"7":0,"8":0,"9":0,"10":0,"11":0,"12":0,"13":0,"14":0,"15":0,"16":0,"17":0,"18":0,"19":0,"20":0,"21":0,"22":0,"23":0,"24":0,"25":0,"26":0,"27":0,"28":0,"29":0,"30":0,"31":0,"32":0,"33":0,"34":0,"35":0},"f":{},"b":{}}
,"C:\\Users\\gdmp9\\Desktop\\JAC App\\apps\\backend\\src\\app.service.ts": {"path":"C:\\Users\\gdmp9\\Desktop\\JAC App\\apps\\backend\\src\\app.service.ts","statementMap":{"0":{"start":{"line":1,"column":0},"end":{"line":1,"column":44}},"1":{"start":{"line":4,"column":7},"end":{"line":8,"column":null}},"2":{"start":{"line":6,"column":4},"end":{"line":6,"column":26}},"3":{"start":{"line":4,"column":13},"end":{"line":4,"column":23}},"4":{"start":{"line":4,"column":13},"end":{"line":8,"column":null}}},"fnMap":{"0":{"name":"(anonymous_1)","decl":{"start":{"line":5,"column":2},"end":{"line":5,"column":10}},"loc":{"start":{"line":5,"column":10},"end":{"line":7,"column":3}}}},"branchMap":{},"s":{"0":1,"1":1,"2":1,"3":1,"4":1},"f":{"0":1},"b":{}}
,"C:\\Users\\gdmp9\\Desktop\\JAC App\\apps\\backend\\src\\main.ts": {"path":"C:\\Users\\gdmp9\\Desktop\\JAC App\\apps\\backend\\src\\main.ts","statementMap":{"0":{"start":{"line":1,"column":0},"end":{"line":1,"column":43}},"1":{"start":{"line":2,"column":0},"end":{"line":2,"column":71}},"2":{"start":{"line":3,"column":0},"end":{"line":3,"column":65}},"3":{"start":{"line":4,"column":0},"end":{"line":4,"column":28}},"4":{"start":{"line":5,"column":0},"end":{"line":5,"column":41}},"5":{"start":{"line":15,"column":18},"end":{"line":21,"column":6}},"6":{"start":{"line":22,"column":4},"end":{"line":26,"column":5}},"7":{"start":{"line":23,"column":6},"end":{"line":23,"column":41}},"8":{"start":{"line":25,"column":6},"end":{"line":25,"column":41}},"9":{"start":{"line":29,"column":54},"end":{"line":29,"column":94}},"10":{"start":{"line":30,"column":58},"end":{"line":30,"column":99}},"11":{"start":{"line":31,"column":54},"end":{"line":31,"column":94}},"12":{"start":{"line":32,"column":54},"end":{"line":32,"column":94}},"13":{"start":{"line":33,"column":54},"end":{"line":33,"column":94}},"14":{"start":{"line":34,"column":54},"end":{"line":34,"column":94}},"15":{"start":{"line":37,"column":26},"end":{"line":42,"column":2}},"16":{"start":{"line":45,"column":18},"end":{"line":45,"column":70}},"17":{"start":{"line":45,"column":52},"end":{"line":45,"column":69}},"18":{"start":{"line":46,"column":2},"end":{"line":51,"column":3}},"19":{"start":{"line":47,"column":16},"end":{"line":47,"column":133}},"20":{"start":{"line":49,"column":4},"end":{"line":49,"column":23}},"21":{"start":{"line":50,"column":4},"end":{"line":50,"column":20}},"22":{"start":{"line":55,"column":2},"end":{"line":55,"column":16}},"23":{"start":{"line":57,"column":17},"end":{"line":57,"column":54}},"24":{"start":{"line":58,"column":14},"end":{"line":60,"column":4}},"25":{"start":{"line":61,"column":17},"end":{"line":61,"column":68}},"26":{"start":{"line":64,"column":2},"end":{"line":64,"column":20}},"27":{"start":{"line":66,"column":2},"end":{"line":66,"column":29}},"28":{"start":{"line":67,"column":2},"end":{"line":73,"column":4}},"29":{"start":{"line":74,"column":2},"end":{"line":77,"column":5}},"30":{"start":{"line":81,"column":4},"end":{"line":81,"column":83}},"31":{"start":{"line":82,"column":2},"end":{"line":92,"column":3}},"32":{"start":{"line":83,"column":19},"end":{"line":88,"column":14}},"33":{"start":{"line":89,"column":21},"end":{"line":89,"column":62}},"34":{"start":{"line":90,"column":4},"end":{"line":90,"column":51}},"35":{"start":{"line":91,"column":4},"end":{"line":91,"column":50}},"36":{"start":{"line":94,"column":15},"end":{"line":94,"column":39}},"37":{"start":{"line":95,"column":2},"end":{"line":95,"column":25}},"38":{"start":{"line":96,"column":2},"end":{"line":96,"column":57}},"39":{"start":{"line":98,"column":0},"end":{"line":98,"column":12}}},"fnMap":{"0":{"name":"(anonymous_1)","decl":{"start":{"line":14,"column":10},"end":{"line":14,"column":15}},"loc":{"start":{"line":14,"column":81},"end":{"line":27,"column":3}}},"1":{"name":"(anonymous_2)","decl":{"start":{"line":29,"column":2},"end":{"line":29,"column":5}},"loc":{"start":{"line":29,"column":40},"end":{"line":29,"column":96}}},"2":{"name":"(anonymous_3)","decl":{"start":{"line":30,"column":2},"end":{"line":30,"column":7}},"loc":{"start":{"line":30,"column":54},"end":{"line":30,"column":101}}},"3":{"name":"(anonymous_4)","decl":{"start":{"line":31,"column":2},"end":{"line":31,"column":6}},"loc":{"start":{"line":31,"column":41},"end":{"line":31,"column":96}}},"4":{"name":"(anonymous_5)","decl":{"start":{"line":32,"column":2},"end":{"line":32,"column":7}},"loc":{"start":{"line":32,"column":42},"end":{"line":32,"column":96}}},"5":{"name":"(anonymous_6)","decl":{"start":{"line":33,"column":2},"end":{"line":33,"column":9}},"loc":{"start":{"line":33,"column":44},"end":{"line":33,"column":96}}},"6":{"name":"(anonymous_7)","decl":{"start":{"line":34,"column":2},"end":{"line":34,"column":7}},"loc":{"start":{"line":34,"column":42},"end":{"line":34,"column":96}}},"7":{"name":"validateEnv","decl":{"start":{"line":44,"column":9},"end":{"line":44,"column":20}},"loc":{"start":{"line":44,"column":20},"end":{"line":52,"column":1}}},"8":{"name":"(anonymous_9)","decl":{"start":{"line":45,"column":43},"end":{"line":45,"column":44}},"loc":{"start":{"line":45,"column":52},"end":{"line":45,"column":69}}},"9":{"name":"bootstrap","decl":{"start":{"line":54,"column":15},"end":{"line":54,"column":24}},"loc":{"start":{"line":54,"column":24},"end":{"line":97,"column":1}}}},"branchMap":{"0":{"loc":{"start":{"line":19,"column":11},"end":{"line":19,"column":82}},"type":"cond-expr","locations":[{"start":{"line":19,"column":41},"end":{"line":19,"column":64}},{"start":{"line":19,"column":67},"end":{"line":19,"column":82}}]},"1":{"loc":{"start":{"line":20,"column":10},"end":{"line":20,"column":28}},"type":"binary-expr","locations":[{"start":{"line":20,"column":10},"end":{"line":20,"column":15}},{"start":{"line":20,"column":19},"end":{"line":20,"column":28}}]},"2":{"loc":{"start":{"line":22,"column":4},"end":{"line":26,"column":5}},"type":"if","locations":[{"start":{"line":22,"column":4},"end":{"line":26,"column":5}},{"start":{"line":24,"column":11},"end":{"line":26,"column":5}}]},"3":{"loc":{"start":{"line":22,"column":8},"end":{"line":22,"column":45}},"type":"binary-expr","locations":[{"start":{"line":22,"column":8},"end":{"line":22,"column":25}},{"start":{"line":22,"column":29},"end":{"line":22,"column":45}}]},"4":{"loc":{"start":{"line":46,"column":2},"end":{"line":51,"column":3}},"type":"if","locations":[{"start":{"line":46,"column":2},"end":{"line":51,"column":3}},{"start":{},"end":{}}]},"5":{"loc":{"start":{"line":59,"column":12},"end":{"line":59,"column":49}},"type":"cond-expr","locations":[{"start":{"line":59,"column":21},"end":{"line":59,"column":37}},{"start":{"line":59,"column":40},"end":{"line":59,"column":49}}]},"6":{"loc":{"start":{"line":61,"column":17},"end":{"line":61,"column":68}},"type":"cond-expr","locations":[{"start":{"line":61,"column":26},"end":{"line":61,"column":42}},{"start":{"line":61,"column":45},"end":{"line":61,"column":68}}]},"7":{"loc":{"start":{"line":75,"column":12},"end":{"line":75,"column":62}},"type":"binary-expr","locations":[{"start":{"line":75,"column":12},"end":{"line":75,"column":35}},{"start":{"line":75,"column":39},"end":{"line":75,"column":62}}]},"8":{"loc":{"start":{"line":81,"column":4},"end":{"line":81,"column":83}},"type":"binary-expr","locations":[{"start":{"line":81,"column":4},"end":{"line":81,"column":41}},{"start":{"line":81,"column":45},"end":{"line":81,"column":83}}]},"9":{"loc":{"start":{"line":82,"column":2},"end":{"line":92,"column":3}},"type":"if","locations":[{"start":{"line":82,"column":2},"end":{"line":92,"column":3}},{"start":{},"end":{}}]},"10":{"loc":{"start":{"line":94,"column":15},"end":{"line":94,"column":39}},"type":"binary-expr","locations":[{"start":{"line":94,"column":15},"end":{"line":94,"column":31}},{"start":{"line":94,"column":35},"end":{"line":94,"column":39}}]}},"s":{"0":0,"1":0,"2":0,"3":0,"4":0,"5":0,"6":0,"7":0,"8":0,"9":0,"10":0,"11":0,"12":0,"13":0,"14":0,"15":0,"16":0,"17":0,"18":0,"19":0,"20":0,"21":0,"22":0,"23":0,"24":0,"25":0,"26":0,"27":0,"28":0,"29":0,"30":0,"31":0,"32":0,"33":0,"34":0,"35":0,"36":0,"37":0,"38":0,"39":0},"f":{"0":0,"1":0,"2":0,"3":0,"4":0,"5":0,"6":0,"7":0,"8":0,"9":0},"b":{"0":[0,0],"1":[0,0],"2":[0,0],"3":[0,0],"4":[0,0],"5":[0,0],"6":[0,0],"7":[0,0],"8":[0,0],"9":[0,0],"10":[0,0]}}
,"C:\\Users\\gdmp9\\Desktop\\JAC App\\apps\\backend\\src\\application\\auditorias\\auditorias.controller.ts": {"path":"C:\\Users\\gdmp9\\Desktop\\JAC App\\apps\\backend\\src\\application\\auditorias\\auditorias.controller.ts","statementMap":{"0":{"start":{"line":1,"column":0},"end":{"line":1,"column":76}},"1":{"start":{"line":2,"column":0},"end":{"line":2,"column":45}},"2":{"start":{"line":3,"column":0},"end":{"line":3,"column":59}},"3":{"start":{"line":4,"column":0},"end":{"line":4,"column":59}},"4":{"start":{"line":5,"column":0},"end":{"line":5,"column":62}},"5":{"start":{"line":6,"column":0},"end":{"line":6,"column":43}},"6":{"start":{"line":8,"column":0},"end":{"line":8,"column":57}},"7":{"start":{"line":17,"column":7},"end":{"line":46,"column":null}},"8":{"start":{"line":18,"column":31},"end":{"line":18,"column":43}},"9":{"start":{"line":30,"column":20},"end":{"line":30,"column":38}},"10":{"start":{"line":31,"column":69},"end":{"line":36,"column":6}},"11":{"start":{"line":37,"column":24},"end":{"line":37,"column":54}},"12":{"start":{"line":38,"column":4},"end":{"line":38,"column":91}},"13":{"start":{"line":38,"column":48},"end":{"line":38,"column":91}},"14":{"start":{"line":39,"column":4},"end":{"line":39,"column":80}},"15":{"start":{"line":39,"column":53},"end":{"line":39,"column":80}},"16":{"start":{"line":40,"column":19},"end":{"line":40,"column":70}},"17":{"start":{"line":41,"column":4},"end":{"line":44,"column":6}},"18":{"start":{"line":17,"column":13},"end":{"line":17,"column":33}},"19":{"start":{"line":21,"column":8},"end":{"line":45,"column":null}},"20":{"start":{"line":17,"column":13},"end":{"line":46,"column":null}}},"fnMap":{"0":{"name":"(anonymous_4)","decl":{"start":{"line":18,"column":2},"end":{"line":18,"column":31}},"loc":{"start":{"line":18,"column":60},"end":{"line":18,"column":64}}},"1":{"name":"(anonymous_5)","decl":{"start":{"line":21,"column":8},"end":{"line":21,"column":14}},"loc":{"start":{"line":28,"column":38},"end":{"line":45,"column":3}}}},"branchMap":{"0":{"loc":{"start":{"line":32,"column":13},"end":{"line":32,"column":52}},"type":"cond-expr","locations":[{"start":{"line":32,"column":21},"end":{"line":32,"column":40}},{"start":{"line":32,"column":43},"end":{"line":32,"column":52}}]},"1":{"loc":{"start":{"line":33,"column":14},"end":{"line":33,"column":55}},"type":"cond-expr","locations":[{"start":{"line":33,"column":23},"end":{"line":33,"column":43}},{"start":{"line":33,"column":46},"end":{"line":33,"column":55}}]},"2":{"loc":{"start":{"line":34,"column":15},"end":{"line":34,"column":43}},"type":"binary-expr","locations":[{"start":{"line":34,"column":15},"end":{"line":34,"column":30}},{"start":{"line":34,"column":34},"end":{"line":34,"column":43}}]},"3":{"loc":{"start":{"line":35,"column":14},"end":{"line":35,"column":41}},"type":"binary-expr","locations":[{"start":{"line":35,"column":14},"end":{"line":35,"column":28}},{"start":{"line":35,"column":32},"end":{"line":35,"column":41}}]},"4":{"loc":{"start":{"line":38,"column":4},"end":{"line":38,"column":91}},"type":"if","locations":[{"start":{"line":38,"column":4},"end":{"line":38,"column":91}},{"start":{},"end":{}}]},"5":{"loc":{"start":{"line":38,"column":8},"end":{"line":38,"column":46}},"type":"binary-expr","locations":[{"start":{"line":38,"column":8},"end":{"line":38,"column":14}},{"start":{"line":38,"column":18},"end":{"line":38,"column":46}}]},"6":{"loc":{"start":{"line":39,"column":4},"end":{"line":39,"column":80}},"type":"if","locations":[{"start":{"line":39,"column":4},"end":{"line":39,"column":80}},{"start":{},"end":{}}]},"7":{"loc":{"start":{"line":39,"column":8},"end":{"line":39,"column":51}},"type":"binary-expr","locations":[{"start":{"line":39,"column":8},"end":{"line":39,"column":27}},{"start":{"line":39,"column":31},"end":{"line":39,"column":51}}]},"8":{"loc":{"start":{"line":18,"column":43},"end":{"line":18,"column":63}},"type":"cond-expr","locations":[{"start":{"line":18,"column":60},"end":{"line":18,"column":63}},{"start":{"line":18,"column":60},"end":{"line":18,"column":63}}]},"9":{"loc":{"start":{"line":18,"column":43},"end":{"line":18,"column":60}},"type":"binary-expr","locations":[{"start":{"line":18,"column":43},"end":{"line":18,"column":63}},{"start":{"line":18,"column":43},"end":{"line":18,"column":60}}]}},"s":{"0":0,"1":0,"2":0,"3":0,"4":0,"5":0,"6":0,"7":0,"8":0,"9":0,"10":0,"11":0,"12":0,"13":0,"14":0,"15":0,"16":0,"17":0,"18":0,"19":0,"20":0},"f":{"0":0,"1":0},"b":{"0":[0,0],"1":[0,0],"2":[0,0],"3":[0,0],"4":[0,0],"5":[0,0],"6":[0,0],"7":[0,0],"8":[0,0],"9":[0,0]}}
,"C:\\Users\\gdmp9\\Desktop\\JAC App\\apps\\backend\\src\\application\\auditorias\\auditorias.module.ts": {"path":"C:\\Users\\gdmp9\\Desktop\\JAC App\\apps\\backend\\src\\application\\auditorias\\auditorias.module.ts","statementMap":{"0":{"start":{"line":1,"column":0},"end":{"line":1,"column":40}},"1":{"start":{"line":2,"column":0},"end":{"line":2,"column":58}},"2":{"start":{"line":3,"column":0},"end":{"line":3,"column":63}},"3":{"start":{"line":4,"column":0},"end":{"line":4,"column":57}},"4":{"start":{"line":11,"column":7},"end":{"line":11,"column":null}},"5":{"start":{"line":11,"column":13},"end":{"line":11,"column":29}},"6":{"start":{"line":11,"column":13},"end":{"line":11,"column":null}}},"fnMap":{},"branchMap":{},"s":{"0":0,"1":0,"2":0,"3":0,"4":0,"5":0,"6":0},"f":{},"b":{}}
,"C:\\Users\\gdmp9\\Desktop\\JAC App\\apps\\backend\\src\\application\\auditorias\\auditorias.service.ts": {"path":"C:\\Users\\gdmp9\\Desktop\\JAC App\\apps\\backend\\src\\application\\auditorias\\auditorias.service.ts","statementMap":{"0":{"start":{"line":1,"column":0},"end":{"line":1,"column":44}},"1":{"start":{"line":2,"column":0},"end":{"line":2,"column":60}},"2":{"start":{"line":15,"column":7},"end":{"line":76,"column":null}},"3":{"start":{"line":16,"column":31},"end":{"line":16,"column":39}},"4":{"start":{"line":29,"column":18},"end":{"line":29,"column":50}},"5":{"start":{"line":30,"column":19},"end":{"line":30,"column":36}},"6":{"start":{"line":31,"column":19},"end":{"line":31,"column":42}},"7":{"start":{"line":32,"column":22},"end":{"line":32,"column":47}},"8":{"start":{"line":34,"column":43},"end":{"line":34,"column":54}},"9":{"start":{"line":35,"column":4},"end":{"line":35,"column":67}},"10":{"start":{"line":35,"column":31},"end":{"line":35,"column":67}},"11":{"start":{"line":36,"column":4},"end":{"line":44,"column":5}},"12":{"start":{"line":37,"column":19},"end":{"line":37,"column":37}},"13":{"start":{"line":38,"column":6},"end":{"line":43,"column":8}},"14":{"start":{"line":46,"column":20},"end":{"line":46,"column":43}},"15":{"start":{"line":48,"column":26},"end":{"line":61,"column":6}},"16":{"start":{"line":63,"column":4},"end":{"line":74,"column":6}},"17":{"start":{"line":64,"column":29},"end":{"line":72,"column":8}},"18":{"start":{"line":15,"column":13},"end":{"line":15,"column":30}},"19":{"start":{"line":15,"column":13},"end":{"line":76,"column":null}}},"fnMap":{"0":{"name":"(anonymous_2)","decl":{"start":{"line":16,"column":2},"end":{"line":16,"column":31}},"loc":{"start":{"line":16,"column":52},"end":{"line":16,"column":56}}},"1":{"name":"(anonymous_3)","decl":{"start":{"line":18,"column":2},"end":{"line":18,"column":7}},"loc":{"start":{"line":27,"column":5},"end":{"line":75,"column":3}}},"2":{"name":"(anonymous_4)","decl":{"start":{"line":64,"column":21},"end":{"line":64,"column":22}},"loc":{"start":{"line":64,"column":29},"end":{"line":72,"column":8}}}},"branchMap":{"0":{"loc":{"start":{"line":29,"column":27},"end":{"line":29,"column":44}},"type":"binary-expr","locations":[{"start":{"line":29,"column":27},"end":{"line":29,"column":38}},{"start":{"line":29,"column":42},"end":{"line":29,"column":44}}]},"1":{"loc":{"start":{"line":30,"column":19},"end":{"line":30,"column":36}},"type":"binary-expr","locations":[{"start":{"line":30,"column":19},"end":{"line":30,"column":31}},{"start":{"line":30,"column":35},"end":{"line":30,"column":36}}]},"2":{"loc":{"start":{"line":31,"column":19},"end":{"line":31,"column":42}},"type":"binary-expr","locations":[{"start":{"line":31,"column":19},"end":{"line":31,"column":31}},{"start":{"line":31,"column":35},"end":{"line":31,"column":42}}]},"3":{"loc":{"start":{"line":32,"column":22},"end":{"line":32,"column":47}},"type":"binary-expr","locations":[{"start":{"line":32,"column":22},"end":{"line":32,"column":37}},{"start":{"line":32,"column":41},"end":{"line":32,"column":47}}]},"4":{"loc":{"start":{"line":35,"column":4},"end":{"line":35,"column":67}},"type":"if","locations":[{"start":{"line":35,"column":4},"end":{"line":35,"column":67}},{"start":{},"end":{}}]},"5":{"loc":{"start":{"line":36,"column":4},"end":{"line":44,"column":5}},"type":"if","locations":[{"start":{"line":36,"column":4},"end":{"line":44,"column":5}},{"start":{},"end":{}}]},"6":{"loc":{"start":{"line":36,"column":8},"end":{"line":36,"column":54}},"type":"binary-expr","locations":[{"start":{"line":36,"column":8},"end":{"line":36,"column":20}},{"start":{"line":36,"column":24},"end":{"line":36,"column":54}}]},"7":{"loc":{"start":{"line":69,"column":19},"end":{"line":69,"column":63}},"type":"binary-expr","locations":[{"start":{"line":69,"column":19},"end":{"line":69,"column":57}},{"start":{"line":69,"column":61},"end":{"line":69,"column":63}}]},"8":{"loc":{"start":{"line":16,"column":39},"end":{"line":16,"column":55}},"type":"cond-expr","locations":[{"start":{"line":16,"column":52},"end":{"line":16,"column":55}},{"start":{"line":16,"column":52},"end":{"line":16,"column":55}}]},"9":{"loc":{"start":{"line":16,"column":39},"end":{"line":16,"column":52}},"type":"binary-expr","locations":[{"start":{"line":16,"column":39},"end":{"line":16,"column":55}},{"start":{"line":16,"column":39},"end":{"line":16,"column":52}}]}},"s":{"0":0,"1":0,"2":0,"3":0,"4":0,"5":0,"6":0,"7":0,"8":0,"9":0,"10":0,"11":0,"12":0,"13":0,"14":0,"15":0,"16":0,"17":0,"18":0,"19":0},"f":{"0":0,"1":0,"2":0},"b":{"0":[0,0],"1":[0,0],"2":[0,0],"3":[0,0],"4":[0,0],"5":[0,0],"6":[0,0],"7":[0,0],"8":[0,0],"9":[0,0]}}
,"C:\\Users\\gdmp9\\Desktop\\JAC App\\apps\\backend\\src\\application\\avisos-junta\\avisos-junta.controller.ts": {"path":"C:\\Users\\gdmp9\\Desktop\\JAC App\\apps\\backend\\src\\application\\avisos-junta\\avisos-junta.controller.ts","statementMap":{"0":{"start":{"line":1,"column":0},"end":{"line":1,"column":null}},"1":{"start":{"line":13,"column":0},"end":{"line":13,"column":42}},"2":{"start":{"line":14,"column":0},"end":{"line":14,"column":45}},"3":{"start":{"line":15,"column":0},"end":{"line":15,"column":59}},"4":{"start":{"line":16,"column":0},"end":{"line":16,"column":62}},"5":{"start":{"line":17,"column":0},"end":{"line":17,"column":43}},"6":{"start":{"line":18,"column":0},"end":{"line":18,"column":59}},"7":{"start":{"line":20,"column":0},"end":{"line":20,"column":60}},"8":{"start":{"line":21,"column":0},"end":{"line":21,"column":65}},"9":{"start":{"line":22,"column":0},"end":{"line":22,"column":75}},"10":{"start":{"line":32,"column":7},"end":{"line":84,"column":null}},"11":{"start":{"line":33,"column":31},"end":{"line":33,"column":39}},"12":{"start":{"line":37,"column":17},"end":{"line":37,"column":36}},"13":{"start":{"line":38,"column":4},"end":{"line":38,"column":59}},"14":{"start":{"line":48,"column":21},"end":{"line":48,"column":50}},"15":{"start":{"line":50,"column":6},"end":{"line":50,"column":71}},"16":{"start":{"line":51,"column":4},"end":{"line":51,"column":58}},"17":{"start":{"line":61,"column":21},"end":{"line":61,"column":50}},"18":{"start":{"line":62,"column":4},"end":{"line":62,"column":65}},"19":{"start":{"line":73,"column":21},"end":{"line":73,"column":50}},"20":{"start":{"line":74,"column":4},"end":{"line":74,"column":74}},"21":{"start":{"line":81,"column":21},"end":{"line":81,"column":50}},"22":{"start":{"line":82,"column":4},"end":{"line":82,"column":66}},"23":{"start":{"line":32,"column":13},"end":{"line":32,"column":34}},"24":{"start":{"line":36,"column":8},"end":{"line":39,"column":null}},"25":{"start":{"line":44,"column":8},"end":{"line":52,"column":null}},"26":{"start":{"line":57,"column":8},"end":{"line":63,"column":null}},"27":{"start":{"line":68,"column":8},"end":{"line":75,"column":null}},"28":{"start":{"line":80,"column":8},"end":{"line":83,"column":null}},"29":{"start":{"line":32,"column":13},"end":{"line":84,"column":null}}},"fnMap":{"0":{"name":"(anonymous_4)","decl":{"start":{"line":33,"column":2},"end":{"line":33,"column":31}},"loc":{"start":{"line":33,"column":57},"end":{"line":33,"column":61}}},"1":{"name":"(anonymous_5)","decl":{"start":{"line":36,"column":8},"end":{"line":36,"column":21}},"loc":{"start":{"line":36,"column":55},"end":{"line":39,"column":3}}},"2":{"name":"(anonymous_6)","decl":{"start":{"line":44,"column":8},"end":{"line":44,"column":19}},"loc":{"start":{"line":46,"column":36},"end":{"line":52,"column":3}}},"3":{"name":"(anonymous_7)","decl":{"start":{"line":57,"column":8},"end":{"line":57,"column":13}},"loc":{"start":{"line":59,"column":36},"end":{"line":63,"column":3}}},"4":{"name":"(anonymous_8)","decl":{"start":{"line":68,"column":8},"end":{"line":68,"column":18}},"loc":{"start":{"line":71,"column":41},"end":{"line":75,"column":3}}},"5":{"name":"(anonymous_9)","decl":{"start":{"line":80,"column":8},"end":{"line":80,"column":16}},"loc":{"start":{"line":80,"column":75},"end":{"line":83,"column":3}}}},"branchMap":{"0":{"loc":{"start":{"line":38,"column":37},"end":{"line":38,"column":57}},"type":"binary-expr","locations":[{"start":{"line":38,"column":37},"end":{"line":38,"column":49}},{"start":{"line":38,"column":53},"end":{"line":38,"column":57}}]},"1":{"loc":{"start":{"line":50,"column":6},"end":{"line":50,"column":71}},"type":"cond-expr","locations":[{"start":{"line":50,"column":26},"end":{"line":50,"column":30}},{"start":{"line":50,"column":33},"end":{"line":50,"column":71}}]},"2":{"loc":{"start":{"line":50,"column":33},"end":{"line":50,"column":71}},"type":"cond-expr","locations":[{"start":{"line":50,"column":54},"end":{"line":50,"column":59}},{"start":{"line":50,"column":62},"end":{"line":50,"column":71}}]},"3":{"loc":{"start":{"line":59,"column":18},"end":{"line":59,"column":null}},"type":"cond-expr","locations":[{"start":{"line":59,"column":36},"end":{"line":59,"column":null}},{"start":{"line":59,"column":36},"end":{"line":59,"column":null}}]},"4":{"loc":{"start":{"line":59,"column":18},"end":{"line":59,"column":36}},"type":"binary-expr","locations":[{"start":{"line":59,"column":18},"end":{"line":59,"column":null}},{"start":{"line":59,"column":18},"end":{"line":59,"column":36}}]},"5":{"loc":{"start":{"line":71,"column":18},"end":{"line":71,"column":null}},"type":"cond-expr","locations":[{"start":{"line":71,"column":41},"end":{"line":71,"column":null}},{"start":{"line":71,"column":41},"end":{"line":71,"column":null}}]},"6":{"loc":{"start":{"line":71,"column":18},"end":{"line":71,"column":41}},"type":"binary-expr","locations":[{"start":{"line":71,"column":18},"end":{"line":71,"column":null}},{"start":{"line":71,"column":18},"end":{"line":71,"column":41}}]},"7":{"loc":{"start":{"line":33,"column":39},"end":{"line":33,"column":60}},"type":"cond-expr","locations":[{"start":{"line":33,"column":57},"end":{"line":33,"column":60}},{"start":{"line":33,"column":57},"end":{"line":33,"column":60}}]},"8":{"loc":{"start":{"line":33,"column":39},"end":{"line":33,"column":57}},"type":"binary-expr","locations":[{"start":{"line":33,"column":39},"end":{"line":33,"column":60}},{"start":{"line":33,"column":39},"end":{"line":33,"column":57}}]}},"s":{"0":0,"1":0,"2":0,"3":0,"4":0,"5":0,"6":0,"7":0,"8":0,"9":0,"10":0,"11":0,"12":0,"13":0,"14":0,"15":0,"16":0,"17":0,"18":0,"19":0,"20":0,"21":0,"22":0,"23":0,"24":0,"25":0,"26":0,"27":0,"28":0,"29":0},"f":{"0":0,"1":0,"2":0,"3":0,"4":0,"5":0},"b":{"0":[0,0],"1":[0,0],"2":[0,0],"3":[0,0],"4":[0,0],"5":[0,0],"6":[0,0],"7":[0,0],"8":[0,0]}}
,"C:\\Users\\gdmp9\\Desktop\\JAC App\\apps\\backend\\src\\application\\avisos-junta\\avisos-junta.module.ts": {"path":"C:\\Users\\gdmp9\\Desktop\\JAC App\\apps\\backend\\src\\application\\avisos-junta\\avisos-junta.module.ts","statementMap":{"0":{"start":{"line":1,"column":0},"end":{"line":1,"column":40}},"1":{"start":{"line":2,"column":0},"end":{"line":2,"column":52}},"2":{"start":{"line":3,"column":0},"end":{"line":3,"column":70}},"3":{"start":{"line":4,"column":0},"end":{"line":4,"column":58}},"4":{"start":{"line":5,"column":0},"end":{"line":5,"column":66}},"5":{"start":{"line":6,"column":0},"end":{"line":6,"column":60}},"6":{"start":{"line":18,"column":7},"end":{"line":18,"column":null}},"7":{"start":{"line":18,"column":13},"end":{"line":18,"column":30}},"8":{"start":{"line":18,"column":13},"end":{"line":18,"column":null}}},"fnMap":{},"branchMap":{},"s":{"0":0,"1":0,"2":0,"3":0,"4":0,"5":0,"6":0,"7":0,"8":0},"f":{},"b":{}}
,"C:\\Users\\gdmp9\\Desktop\\JAC App\\apps\\backend\\src\\application\\avisos-junta\\avisos-junta.service.ts": {"path":"C:\\Users\\gdmp9\\Desktop\\JAC App\\apps\\backend\\src\\application\\avisos-junta\\avisos-junta.service.ts","statementMap":{"0":{"start":{"line":1,"column":0},"end":{"line":1,"column":63}},"1":{"start":{"line":2,"column":0},"end":{"line":2,"column":60}},"2":{"start":{"line":3,"column":0},"end":{"line":3,"column":67}},"3":{"start":{"line":13,"column":7},"end":{"line":139,"column":null}},"4":{"start":{"line":15,"column":21},"end":{"line":15,"column":29}},"5":{"start":{"line":16,"column":21},"end":{"line":16,"column":28}},"6":{"start":{"line":21,"column":4},"end":{"line":21,"column":38}},"7":{"start":{"line":21,"column":18},"end":{"line":21,"column":38}},"8":{"start":{"line":22,"column":19},"end":{"line":32,"column":6}},"9":{"start":{"line":33,"column":4},"end":{"line":33,"column":28}},"10":{"start":{"line":38,"column":57},"end":{"line":38,"column":68}},"11":{"start":{"line":39,"column":4},"end":{"line":39,"column":52}},"12":{"start":{"line":39,"column":30},"end":{"line":39,"column":52}},"13":{"start":{"line":40,"column":19},"end":{"line":51,"column":6}},"14":{"start":{"line":52,"column":4},"end":{"line":52,"column":28}},"15":{"start":{"line":57,"column":18},"end":{"line":72,"column":6}},"16":{"start":{"line":73,"column":4},"end":{"line":80,"column":7}},"17":{"start":{"line":81,"column":4},"end":{"line":81,"column":27}},"18":{"start":{"line":91,"column":22},"end":{"line":93,"column":6}},"19":{"start":{"line":94,"column":4},"end":{"line":94,"column":71}},"20":{"start":{"line":94,"column":20},"end":{"line":94,"column":71}},"21":{"start":{"line":95,"column":18},"end":{"line":110,"column":6}},"22":{"start":{"line":111,"column":4},"end":{"line":118,"column":7}},"23":{"start":{"line":119,"column":4},"end":{"line":119,"column":27}},"24":{"start":{"line":124,"column":22},"end":{"line":126,"column":6}},"25":{"start":{"line":127,"column":4},"end":{"line":127,"column":71}},"26":{"start":{"line":127,"column":20},"end":{"line":127,"column":71}},"27":{"start":{"line":128,"column":4},"end":{"line":128,"column":59}},"28":{"start":{"line":129,"column":4},"end":{"line":136,"column":7}},"29":{"start":{"line":137,"column":4},"end":{"line":137,"column":28}},"30":{"start":{"line":13,"column":13},"end":{"line":13,"column":31}},"31":{"start":{"line":13,"column":13},"end":{"line":139,"column":null}}},"fnMap":{"0":{"name":"(anonymous_2)","decl":{"start":{"line":14,"column":2},"end":{"line":14,"column":null}},"loc":{"start":{"line":16,"column":40},"end":{"line":17,"column":6}}},"1":{"name":"(anonymous_3)","decl":{"start":{"line":20,"column":2},"end":{"line":20,"column":7}},"loc":{"start":{"line":20,"column":44},"end":{"line":34,"column":3}}},"2":{"name":"(anonymous_4)","decl":{"start":{"line":37,"column":2},"end":{"line":37,"column":7}},"loc":{"start":{"line":37,"column":53},"end":{"line":53,"column":3}}},"3":{"name":"(anonymous_5)","decl":{"start":{"line":56,"column":2},"end":{"line":56,"column":7}},"loc":{"start":{"line":56,"column":69},"end":{"line":82,"column":3}}},"4":{"name":"(anonymous_6)","decl":{"start":{"line":85,"column":2},"end":{"line":85,"column":7}},"loc":{"start":{"line":89,"column":32},"end":{"line":120,"column":3}}},"5":{"name":"(anonymous_7)","decl":{"start":{"line":123,"column":2},"end":{"line":123,"column":7}},"loc":{"start":{"line":123,"column":59},"end":{"line":138,"column":3}}}},"branchMap":{"0":{"loc":{"start":{"line":21,"column":4},"end":{"line":21,"column":38}},"type":"if","locations":[{"start":{"line":21,"column":4},"end":{"line":21,"column":38}},{"start":{},"end":{}}]},"1":{"loc":{"start":{"line":39,"column":4},"end":{"line":39,"column":52}},"type":"if","locations":[{"start":{"line":39,"column":4},"end":{"line":39,"column":52}},{"start":{},"end":{}}]},"2":{"loc":{"start":{"line":94,"column":4},"end":{"line":94,"column":71}},"type":"if","locations":[{"start":{"line":94,"column":4},"end":{"line":94,"column":71}},{"start":{},"end":{}}]},"3":{"loc":{"start":{"line":98,"column":12},"end":{"line":98,"column":69}},"type":"binary-expr","locations":[{"start":{"line":98,"column":12},"end":{"line":98,"column":36}},{"start":{"line":98,"column":40},"end":{"line":98,"column":69}}]},"4":{"loc":{"start":{"line":99,"column":12},"end":{"line":99,"column":78}},"type":"binary-expr","locations":[{"start":{"line":99,"column":12},"end":{"line":99,"column":39}},{"start":{"line":99,"column":43},"end":{"line":99,"column":78}}]},"5":{"loc":{"start":{"line":100,"column":12},"end":{"line":100,"column":62}},"type":"binary-expr","locations":[{"start":{"line":100,"column":12},"end":{"line":100,"column":36}},{"start":{"line":100,"column":40},"end":{"line":100,"column":62}}]},"6":{"loc":{"start":{"line":127,"column":4},"end":{"line":127,"column":71}},"type":"if","locations":[{"start":{"line":127,"column":4},"end":{"line":127,"column":71}},{"start":{},"end":{}}]},"7":{"loc":{"start":{"line":15,"column":29},"end":{"line":15,"column":null}},"type":"cond-expr","locations":[{"start":{"line":15,"column":42},"end":{"line":15,"column":null}},{"start":{"line":15,"column":42},"end":{"line":15,"column":null}}]},"8":{"loc":{"start":{"line":15,"column":29},"end":{"line":15,"column":42}},"type":"binary-expr","locations":[{"start":{"line":15,"column":29},"end":{"line":15,"column":null}},{"start":{"line":15,"column":29},"end":{"line":15,"column":42}}]},"9":{"loc":{"start":{"line":15,"column":42},"end":{"line":16,"column":null}},"type":"cond-expr","locations":[{"start":{"line":16,"column":40},"end":{"line":16,"column":null}},{"start":{"line":16,"column":40},"end":{"line":16,"column":null}}]},"10":{"loc":{"start":{"line":15,"column":42},"end":{"line":16,"column":40}},"type":"binary-expr","locations":[{"start":{"line":15,"column":42},"end":{"line":16,"column":null}},{"start":{"line":16,"column":28},"end":{"line":16,"column":40}}]}},"s":{"0":0,"1":0,"2":0,"3":0,"4":0,"5":0,"6":0,"7":0,"8":0,"9":0,"10":0,"11":0,"12":0,"13":0,"14":0,"15":0,"16":0,"17":0,"18":0,"19":0,"20":0,"21":0,"22":0,"23":0,"24":0,"25":0,"26":0,"27":0,"28":0,"29":0,"30":0,"31":0},"f":{"0":0,"1":0,"2":0,"3":0,"4":0,"5":0},"b":{"0":[0,0],"1":[0,0],"2":[0,0],"3":[0,0],"4":[0,0],"5":[0,0],"6":[0,0],"7":[0,0],"8":[0,0],"9":[0,0],"10":[0,0]}}
,"C:\\Users\\gdmp9\\Desktop\\JAC App\\apps\\backend\\src\\application\\avisos-junta\\dto\\actualizar-aviso-junta.dto.ts": {"path":"C:\\Users\\gdmp9\\Desktop\\JAC App\\apps\\backend\\src\\application\\avisos-junta\\dto\\actualizar-aviso-junta.dto.ts","statementMap":{"0":{"start":{"line":1,"column":0},"end":{"line":1,"column":88}},"1":{"start":{"line":6,"column":0},"end":{"line":6,"column":13}},"2":{"start":{"line":11,"column":2},"end":{"line":11,"column":null}},"3":{"start":{"line":16,"column":2},"end":{"line":16,"column":null}},"4":{"start":{"line":20,"column":2},"end":{"line":20,"column":null}}},"fnMap":{},"branchMap":{},"s":{"0":0,"1":0,"2":0,"3":0,"4":0},"f":{},"b":{}}
,"C:\\Users\\gdmp9\\Desktop\\JAC App\\apps\\backend\\src\\application\\avisos-junta\\dto\\crear-aviso-junta.dto.ts": {"path":"C:\\Users\\gdmp9\\Desktop\\JAC App\\apps\\backend\\src\\application\\avisos-junta\\dto\\crear-aviso-junta.dto.ts","statementMap":{"0":{"start":{"line":1,"column":0},"end":{"line":1,"column":77}},"1":{"start":{"line":7,"column":0},"end":{"line":7,"column":13}},"2":{"start":{"line":11,"column":2},"end":{"line":11,"column":null}},"3":{"start":{"line":15,"column":2},"end":{"line":15,"column":null}}},"fnMap":{},"branchMap":{},"s":{"0":0,"1":0,"2":0,"3":0},"f":{},"b":{}}
,"C:\\Users\\gdmp9\\Desktop\\JAC App\\apps\\backend\\src\\application\\bootstrap\\bootstrap.controller.ts": {"path":"C:\\Users\\gdmp9\\Desktop\\JAC App\\apps\\backend\\src\\application\\bootstrap\\bootstrap.controller.ts","statementMap":{"0":{"start":{"line":1,"column":0},"end":{"line":1,"column":null}},"1":{"start":{"line":11,"column":0},"end":{"line":11,"column":45}},"2":{"start":{"line":12,"column":0},"end":{"line":12,"column":55}},"3":{"start":{"line":13,"column":0},"end":{"line":13,"column":60}},"4":{"start":{"line":16,"column":7},"end":{"line":71,"column":null}},"5":{"start":{"line":17,"column":31},"end":{"line":17,"column":49}},"6":{"start":{"line":26,"column":26},"end":{"line":26,"column":53}},"7":{"start":{"line":27,"column":4},"end":{"line":29,"column":5}},"8":{"start":{"line":28,"column":6},"end":{"line":28,"column":84}},"9":{"start":{"line":31,"column":18},"end":{"line":31,"column":70}},"10":{"start":{"line":32,"column":4},"end":{"line":34,"column":5}},"11":{"start":{"line":33,"column":6},"end":{"line":33,"column":105}},"12":{"start":{"line":36,"column":4},"end":{"line":38,"column":5}},"13":{"start":{"line":37,"column":6},"end":{"line":37,"column":81}},"14":{"start":{"line":40,"column":4},"end":{"line":48,"column":5}},"15":{"start":{"line":47,"column":6},"end":{"line":47,"column":124}},"16":{"start":{"line":50,"column":4},"end":{"line":62,"column":5}},"17":{"start":{"line":59,"column":6},"end":{"line":61,"column":8}},"18":{"start":{"line":64,"column":19},"end":{"line":64,"column":70}},"19":{"start":{"line":66,"column":4},"end":{"line":69,"column":6}},"20":{"start":{"line":16,"column":13},"end":{"line":16,"column":32}},"21":{"start":{"line":22,"column":8},"end":{"line":70,"column":null}},"22":{"start":{"line":16,"column":13},"end":{"line":71,"column":null}}},"fnMap":{"0":{"name":"(anonymous_4)","decl":{"start":{"line":17,"column":2},"end":{"line":17,"column":31}},"loc":{"start":{"line":17,"column":65},"end":{"line":17,"column":69}}},"1":{"name":"(anonymous_5)","decl":{"start":{"line":22,"column":8},"end":{"line":22,"column":16}},"loc":{"start":{"line":24,"column":47},"end":{"line":70,"column":3}}}},"branchMap":{"0":{"loc":{"start":{"line":27,"column":4},"end":{"line":29,"column":5}},"type":"if","locations":[{"start":{"line":27,"column":4},"end":{"line":29,"column":5}},{"start":{},"end":{}}]},"1":{"loc":{"start":{"line":27,"column":8},"end":{"line":27,"column":49}},"type":"binary-expr","locations":[{"start":{"line":27,"column":8},"end":{"line":27,"column":22}},{"start":{"line":27,"column":26},"end":{"line":27,"column":49}}]},"2":{"loc":{"start":{"line":32,"column":4},"end":{"line":34,"column":5}},"type":"if","locations":[{"start":{"line":32,"column":4},"end":{"line":34,"column":5}},{"start":{},"end":{}}]},"3":{"loc":{"start":{"line":36,"column":4},"end":{"line":38,"column":5}},"type":"if","locations":[{"start":{"line":36,"column":4},"end":{"line":38,"column":5}},{"start":{},"end":{}}]},"4":{"loc":{"start":{"line":36,"column":8},"end":{"line":36,"column":49}},"type":"binary-expr","locations":[{"start":{"line":36,"column":8},"end":{"line":36,"column":27}},{"start":{"line":36,"column":31},"end":{"line":36,"column":49}}]},"5":{"loc":{"start":{"line":40,"column":4},"end":{"line":48,"column":5}},"type":"if","locations":[{"start":{"line":40,"column":4},"end":{"line":48,"column":5}},{"start":{},"end":{}}]},"6":{"loc":{"start":{"line":41,"column":6},"end":{"line":45,"column":34}},"type":"binary-expr","locations":[{"start":{"line":41,"column":6},"end":{"line":41,"column":33}},{"start":{"line":42,"column":6},"end":{"line":42,"column":35}},{"start":{"line":43,"column":6},"end":{"line":43,"column":39}},{"start":{"line":44,"column":6},"end":{"line":44,"column":41}},{"start":{"line":45,"column":6},"end":{"line":45,"column":34}}]},"7":{"loc":{"start":{"line":50,"column":4},"end":{"line":62,"column":5}},"type":"if","locations":[{"start":{"line":50,"column":4},"end":{"line":62,"column":5}},{"start":{},"end":{}}]},"8":{"loc":{"start":{"line":51,"column":6},"end":{"line":57,"column":51}},"type":"binary-expr","locations":[{"start":{"line":51,"column":6},"end":{"line":51,"column":31}},{"start":{"line":52,"column":6},"end":{"line":52,"column":30}},{"start":{"line":53,"column":6},"end":{"line":53,"column":33}},{"start":{"line":54,"column":6},"end":{"line":54,"column":43}},{"start":{"line":55,"column":6},"end":{"line":55,"column":45}},{"start":{"line":56,"column":6},"end":{"line":56,"column":49}},{"start":{"line":57,"column":6},"end":{"line":57,"column":51}}]},"9":{"loc":{"start":{"line":23,"column":18},"end":{"line":23,"column":null}},"type":"cond-expr","locations":[{"start":{"line":23,"column":34},"end":{"line":23,"column":null}},{"start":{"line":23,"column":34},"end":{"line":23,"column":null}}]},"10":{"loc":{"start":{"line":23,"column":18},"end":{"line":23,"column":34}},"type":"binary-expr","locations":[{"start":{"line":23,"column":18},"end":{"line":23,"column":null}},{"start":{"line":23,"column":18},"end":{"line":23,"column":34}}]},"11":{"loc":{"start":{"line":17,"column":49},"end":{"line":17,"column":68}},"type":"cond-expr","locations":[{"start":{"line":17,"column":65},"end":{"line":17,"column":68}},{"start":{"line":17,"column":65},"end":{"line":17,"column":68}}]},"12":{"loc":{"start":{"line":17,"column":49},"end":{"line":17,"column":65}},"type":"binary-expr","locations":[{"start":{"line":17,"column":49},"end":{"line":17,"column":68}},{"start":{"line":17,"column":49},"end":{"line":17,"column":65}}]}},"s":{"0":0,"1":0,"2":0,"3":0,"4":0,"5":0,"6":0,"7":0,"8":0,"9":0,"10":0,"11":0,"12":0,"13":0,"14":0,"15":0,"16":0,"17":0,"18":0,"19":0,"20":0,"21":0,"22":0},"f":{"0":0,"1":0},"b":{"0":[0,0],"1":[0,0],"2":[0,0],"3":[0,0],"4":[0,0],"5":[0,0],"6":[0,0,0,0,0],"7":[0,0],"8":[0,0,0,0,0,0,0],"9":[0,0],"10":[0,0],"11":[0,0],"12":[0,0]}}
,"C:\\Users\\gdmp9\\Desktop\\JAC App\\apps\\backend\\src\\application\\bootstrap\\bootstrap.module.ts": {"path":"C:\\Users\\gdmp9\\Desktop\\JAC App\\apps\\backend\\src\\application\\bootstrap\\bootstrap.module.ts","statementMap":{"0":{"start":{"line":1,"column":0},"end":{"line":1,"column":40}},"1":{"start":{"line":2,"column":0},"end":{"line":2,"column":61}},"2":{"start":{"line":3,"column":0},"end":{"line":3,"column":55}},"3":{"start":{"line":4,"column":0},"end":{"line":4,"column":52}},"4":{"start":{"line":11,"column":7},"end":{"line":11,"column":null}},"5":{"start":{"line":11,"column":13},"end":{"line":11,"column":28}},"6":{"start":{"line":11,"column":13},"end":{"line":11,"column":null}}},"fnMap":{},"branchMap":{},"s":{"0":0,"1":0,"2":0,"3":0,"4":0,"5":0,"6":0},"f":{},"b":{}}
,"C:\\Users\\gdmp9\\Desktop\\JAC App\\apps\\backend\\src\\application\\bootstrap\\bootstrap.service.ts": {"path":"C:\\Users\\gdmp9\\Desktop\\JAC App\\apps\\backend\\src\\application\\bootstrap\\bootstrap.service.ts","statementMap":{"0":{"start":{"line":1,"column":0},"end":{"line":1,"column":44}},"1":{"start":{"line":2,"column":0},"end":{"line":2,"column":60}},"2":{"start":{"line":3,"column":0},"end":{"line":3,"column":54}},"3":{"start":{"line":4,"column":0},"end":{"line":4,"column":33}},"4":{"start":{"line":5,"column":0},"end":{"line":5,"column":43}},"5":{"start":{"line":6,"column":0},"end":{"line":6,"column":37}},"6":{"start":{"line":7,"column":0},"end":{"line":7,"column":64}},"7":{"start":{"line":57,"column":16},"end":{"line":57,"column":49}},"8":{"start":{"line":58,"column":16},"end":{"line":58,"column":31}},"9":{"start":{"line":59,"column":2},"end":{"line":61,"column":14}},"10":{"start":{"line":60,"column":16},"end":{"line":60,"column":39}},"11":{"start":{"line":70,"column":7},"end":{"line":143,"column":null}},"12":{"start":{"line":72,"column":21},"end":{"line":72,"column":29}},"13":{"start":{"line":73,"column":21},"end":{"line":73,"column":35}},"14":{"start":{"line":77,"column":18},"end":{"line":77,"column":49}},"15":{"start":{"line":78,"column":4},"end":{"line":78,"column":23}},"16":{"start":{"line":82,"column":18},"end":{"line":82,"column":53}},"17":{"start":{"line":83,"column":4},"end":{"line":85,"column":5}},"18":{"start":{"line":84,"column":6},"end":{"line":84,"column":44}},"19":{"start":{"line":87,"column":29},"end":{"line":89,"column":6}},"20":{"start":{"line":91,"column":33},"end":{"line":91,"column":83}},"21":{"start":{"line":92,"column":34},"end":{"line":92,"column":59}},"22":{"start":{"line":94,"column":26},"end":{"line":104,"column":6}},"23":{"start":{"line":106,"column":4},"end":{"line":111,"column":7}},"24":{"start":{"line":113,"column":24},"end":{"line":123,"column":6}},"25":{"start":{"line":125,"column":4},"end":{"line":141,"column":6}},"26":{"start":{"line":70,"column":13},"end":{"line":70,"column":29}},"27":{"start":{"line":70,"column":13},"end":{"line":143,"column":null}}},"fnMap":{"0":{"name":"generarPasswordTemporal","decl":{"start":{"line":56,"column":9},"end":{"line":56,"column":32}},"loc":{"start":{"line":56,"column":32},"end":{"line":62,"column":1}}},"1":{"name":"(anonymous_12)","decl":{"start":{"line":60,"column":9},"end":{"line":60,"column":10}},"loc":{"start":{"line":60,"column":16},"end":{"line":60,"column":39}}},"2":{"name":"(anonymous_13)","decl":{"start":{"line":71,"column":2},"end":{"line":71,"column":null}},"loc":{"start":{"line":73,"column":47},"end":{"line":74,"column":6}}},"3":{"name":"(anonymous_14)","decl":{"start":{"line":76,"column":2},"end":{"line":76,"column":7}},"loc":{"start":{"line":76,"column":30},"end":{"line":79,"column":3}}},"4":{"name":"(anonymous_15)","decl":{"start":{"line":81,"column":2},"end":{"line":81,"column":7}},"loc":{"start":{"line":81,"column":45},"end":{"line":142,"column":3}}}},"branchMap":{"0":{"loc":{"start":{"line":83,"column":4},"end":{"line":85,"column":5}},"type":"if","locations":[{"start":{"line":83,"column":4},"end":{"line":85,"column":5}},{"start":{},"end":{}}]},"1":{"loc":{"start":{"line":72,"column":29},"end":{"line":72,"column":null}},"type":"cond-expr","locations":[{"start":{"line":72,"column":42},"end":{"line":72,"column":null}},{"start":{"line":72,"column":42},"end":{"line":72,"column":null}}]},"2":{"loc":{"start":{"line":72,"column":29},"end":{"line":72,"column":42}},"type":"binary-expr","locations":[{"start":{"line":72,"column":29},"end":{"line":72,"column":null}},{"start":{"line":72,"column":29},"end":{"line":72,"column":42}}]},"3":{"loc":{"start":{"line":72,"column":42},"end":{"line":73,"column":null}},"type":"cond-expr","locations":[{"start":{"line":73,"column":47},"end":{"line":73,"column":null}},{"start":{"line":73,"column":47},"end":{"line":73,"column":null}}]},"4":{"loc":{"start":{"line":72,"column":42},"end":{"line":73,"column":47}},"type":"binary-expr","locations":[{"start":{"line":72,"column":42},"end":{"line":73,"column":null}},{"start":{"line":73,"column":35},"end":{"line":73,"column":47}}]}},"s":{"0":0,"1":0,"2":0,"3":0,"4":0,"5":0,"6":0,"7":0,"8":0,"9":0,"10":0,"11":0,"12":0,"13":0,"14":0,"15":0,"16":0,"17":0,"18":0,"19":0,"20":0,"21":0,"22":0,"23":0,"24":0,"25":0,"26":0,"27":0},"f":{"0":0,"1":0,"2":0,"3":0,"4":0},"b":{"0":[0,0],"1":[0,0],"2":[0,0],"3":[0,0],"4":[0,0]}}
,"C:\\Users\\gdmp9\\Desktop\\JAC App\\apps\\backend\\src\\application\\bootstrap\\dto\\bootstrap-body.dto.ts": {"path":"C:\\Users\\gdmp9\\Desktop\\JAC App\\apps\\backend\\src\\application\\bootstrap\\dto\\bootstrap-body.dto.ts","statementMap":{"0":{"start":{"line":1,"column":0},"end":{"line":1,"column":null}},"1":{"start":{"line":9,"column":0},"end":{"line":9,"column":41}},"2":{"start":{"line":11,"column":0},"end":{"line":11,"column":13}},"3":{"start":{"line":13,"column":2},"end":{"line":13,"column":null}},"4":{"start":{"line":16,"column":2},"end":{"line":16,"column":null}},"5":{"start":{"line":19,"column":2},"end":{"line":19,"column":null}},"6":{"start":{"line":22,"column":2},"end":{"line":22,"column":null}},"7":{"start":{"line":25,"column":2},"end":{"line":25,"column":null}},"8":{"start":{"line":28,"column":0},"end":{"line":28,"column":13}},"9":{"start":{"line":30,"column":2},"end":{"line":30,"column":null}},"10":{"start":{"line":33,"column":2},"end":{"line":33,"column":null}},"11":{"start":{"line":36,"column":2},"end":{"line":36,"column":null}},"12":{"start":{"line":39,"column":2},"end":{"line":39,"column":null}},"13":{"start":{"line":43,"column":2},"end":{"line":43,"column":null}},"14":{"start":{"line":47,"column":2},"end":{"line":47,"column":null}},"15":{"start":{"line":50,"column":0},"end":{"line":50,"column":13}},"16":{"start":{"line":52,"column":2},"end":{"line":52,"column":null}},"17":{"start":{"line":56,"column":2},"end":{"line":56,"column":null}},"18":{"start":{"line":62,"column":2},"end":{"line":62,"column":null}},"19":{"start":{"line":66,"column":2},"end":{"line":66,"column":null}},"20":{"start":{"line":70,"column":2},"end":{"line":70,"column":null}},"21":{"start":{"line":74,"column":2},"end":{"line":74,"column":null}},"22":{"start":{"line":73,"column":14},"end":{"line":73,"column":35}},"23":{"start":{"line":77,"column":0},"end":{"line":77,"column":13}},"24":{"start":{"line":80,"column":2},"end":{"line":80,"column":null}},"25":{"start":{"line":79,"column":14},"end":{"line":79,"column":39}},"26":{"start":{"line":84,"column":2},"end":{"line":84,"column":null}},"27":{"start":{"line":83,"column":14},"end":{"line":83,"column":38}}},"fnMap":{"0":{"name":"(anonymous_2)","decl":{"start":{"line":73,"column":8},"end":{"line":73,"column":11}},"loc":{"start":{"line":73,"column":14},"end":{"line":73,"column":35}}},"1":{"name":"(anonymous_3)","decl":{"start":{"line":79,"column":8},"end":{"line":79,"column":11}},"loc":{"start":{"line":79,"column":14},"end":{"line":79,"column":39}}},"2":{"name":"(anonymous_4)","decl":{"start":{"line":83,"column":8},"end":{"line":83,"column":11}},"loc":{"start":{"line":83,"column":14},"end":{"line":83,"column":38}}}},"branchMap":{},"s":{"0":0,"1":0,"2":0,"3":0,"4":0,"5":0,"6":0,"7":0,"8":0,"9":0,"10":0,"11":0,"12":0,"13":0,"14":0,"15":0,"16":0,"17":0,"18":0,"19":0,"20":0,"21":0,"22":0,"23":0,"24":0,"25":0,"26":0,"27":0},"f":{"0":0,"1":0,"2":0},"b":{}}
,"C:\\Users\\gdmp9\\Desktop\\JAC App\\apps\\backend\\src\\application\\cartas\\cartas.controller.ts": {"path":"C:\\Users\\gdmp9\\Desktop\\JAC App\\apps\\backend\\src\\application\\cartas\\cartas.controller.ts","statementMap":{"0":{"start":{"line":5,"column":0},"end":{"line":5,"column":null}},"1":{"start":{"line":17,"column":0},"end":{"line":17,"column":48}},"2":{"start":{"line":18,"column":0},"end":{"line":18,"column":45}},"3":{"start":{"line":19,"column":0},"end":{"line":19,"column":59}},"4":{"start":{"line":20,"column":0},"end":{"line":20,"column":59}},"5":{"start":{"line":21,"column":0},"end":{"line":21,"column":62}},"6":{"start":{"line":22,"column":0},"end":{"line":22,"column":43}},"7":{"start":{"line":25,"column":0},"end":{"line":25,"column":66}},"8":{"start":{"line":26,"column":0},"end":{"line":26,"column":49}},"9":{"start":{"line":27,"column":0},"end":{"line":27,"column":60}},"10":{"start":{"line":28,"column":0},"end":{"line":28,"column":98}},"11":{"start":{"line":29,"column":0},"end":{"line":29,"column":80}},"12":{"start":{"line":30,"column":0},"end":{"line":30,"column":77}},"13":{"start":{"line":31,"column":0},"end":{"line":31,"column":53}},"14":{"start":{"line":32,"column":0},"end":{"line":32,"column":60}},"15":{"start":{"line":33,"column":0},"end":{"line":33,"column":63}},"16":{"start":{"line":34,"column":0},"end":{"line":34,"column":42}},"17":{"start":{"line":39,"column":7},"end":{"line":336,"column":null}},"18":{"start":{"line":41,"column":21},"end":{"line":41,"column":29}},"19":{"start":{"line":42,"column":21},"end":{"line":42,"column":35}},"20":{"start":{"line":43,"column":21},"end":{"line":43,"column":31}},"21":{"start":{"line":44,"column":21},"end":{"line":44,"column":29}},"22":{"start":{"line":45,"column":21},"end":{"line":45,"column":34}},"23":{"start":{"line":46,"column":21},"end":{"line":46,"column":30}},"24":{"start":{"line":61,"column":20},"end":{"line":61,"column":37}},"25":{"start":{"line":62,"column":17},"end":{"line":62,"column":25}},"26":{"start":{"line":64,"column":4},"end":{"line":70,"column":5}},"27":{"start":{"line":65,"column":6},"end":{"line":67,"column":7}},"28":{"start":{"line":66,"column":8},"end":{"line":66,"column":77}},"29":{"start":{"line":68,"column":19},"end":{"line":68,"column":80}},"30":{"start":{"line":69,"column":6},"end":{"line":69,"column":69}},"31":{"start":{"line":72,"column":4},"end":{"line":78,"column":5}},"32":{"start":{"line":73,"column":6},"end":{"line":75,"column":7}},"33":{"start":{"line":74,"column":8},"end":{"line":74,"column":97}},"34":{"start":{"line":76,"column":19},"end":{"line":76,"column":62}},"35":{"start":{"line":77,"column":6},"end":{"line":77,"column":69}},"36":{"start":{"line":80,"column":4},"end":{"line":80,"column":78}},"37":{"start":{"line":94,"column":4},"end":{"line":96,"column":5}},"38":{"start":{"line":95,"column":6},"end":{"line":95,"column":62}},"39":{"start":{"line":98,"column":17},"end":{"line":98,"column":25}},"40":{"start":{"line":99,"column":20},"end":{"line":99,"column":33}},"41":{"start":{"line":101,"column":4},"end":{"line":103,"column":5}},"42":{"start":{"line":102,"column":6},"end":{"line":102,"column":79}},"43":{"start":{"line":105,"column":17},"end":{"line":105,"column":80}},"44":{"start":{"line":106,"column":4},"end":{"line":109,"column":6}},"45":{"start":{"line":125,"column":20},"end":{"line":125,"column":37}},"46":{"start":{"line":126,"column":17},"end":{"line":126,"column":25}},"47":{"start":{"line":128,"column":4},"end":{"line":130,"column":5}},"48":{"start":{"line":129,"column":6},"end":{"line":129,"column":92}},"49":{"start":{"line":132,"column":20},"end":{"line":144,"column":6}},"50":{"start":{"line":145,"column":4},"end":{"line":147,"column":5}},"51":{"start":{"line":146,"column":6},"end":{"line":146,"column":52}},"52":{"start":{"line":149,"column":18},"end":{"line":161,"column":6}},"53":{"start":{"line":163,"column":37},"end":{"line":166,"column":6}},"54":{"start":{"line":168,"column":24},"end":{"line":168,"column":43}},"55":{"start":{"line":169,"column":25},"end":{"line":169,"column":35}},"56":{"start":{"line":170,"column":17},"end":{"line":170,"column":43}},"57":{"start":{"line":172,"column":17},"end":{"line":199,"column":6}},"58":{"start":{"line":201,"column":21},"end":{"line":203,"column":6}},"59":{"start":{"line":204,"column":19},"end":{"line":204,"column":40}},"60":{"start":{"line":205,"column":4},"end":{"line":205,"column":38}},"61":{"start":{"line":219,"column":20},"end":{"line":219,"column":37}},"62":{"start":{"line":220,"column":17},"end":{"line":220,"column":25}},"63":{"start":{"line":222,"column":24},"end":{"line":222,"column":89}},"64":{"start":{"line":224,"column":16},"end":{"line":224,"column":84}},"65":{"start":{"line":225,"column":4},"end":{"line":225,"column":29}},"66":{"start":{"line":240,"column":20},"end":{"line":240,"column":37}},"67":{"start":{"line":241,"column":17},"end":{"line":245,"column":null}},"68":{"start":{"line":247,"column":4},"end":{"line":247,"column":67}},"69":{"start":{"line":261,"column":20},"end":{"line":261,"column":37}},"70":{"start":{"line":262,"column":4},"end":{"line":262,"column":51}},"71":{"start":{"line":264,"column":19},"end":{"line":268,"column":6}},"72":{"start":{"line":270,"column":4},"end":{"line":273,"column":6}},"73":{"start":{"line":287,"column":16},"end":{"line":290,"column":6}},"74":{"start":{"line":291,"column":4},"end":{"line":291,"column":26}},"75":{"start":{"line":291,"column":14},"end":{"line":291,"column":26}},"76":{"start":{"line":293,"column":20},"end":{"line":306,"column":6}},"77":{"start":{"line":307,"column":4},"end":{"line":307,"column":19}},"78":{"start":{"line":323,"column":6},"end":{"line":325,"column":49}},"79":{"start":{"line":326,"column":4},"end":{"line":334,"column":6}},"80":{"start":{"line":39,"column":13},"end":{"line":39,"column":29}},"81":{"start":{"line":56,"column":8},"end":{"line":81,"column":null}},"82":{"start":{"line":90,"column":8},"end":{"line":110,"column":null}},"83":{"start":{"line":121,"column":8},"end":{"line":206,"column":null}},"84":{"start":{"line":215,"column":8},"end":{"line":226,"column":null}},"85":{"start":{"line":235,"column":8},"end":{"line":248,"column":null}},"86":{"start":{"line":257,"column":8},"end":{"line":274,"column":null}},"87":{"start":{"line":39,"column":13},"end":{"line":336,"column":null}}},"fnMap":{"0":{"name":"(anonymous_4)","decl":{"start":{"line":40,"column":2},"end":{"line":40,"column":null}},"loc":{"start":{"line":46,"column":44},"end":{"line":47,"column":6}}},"1":{"name":"(anonymous_5)","decl":{"start":{"line":56,"column":8},"end":{"line":56,"column":14}},"loc":{"start":{"line":59,"column":37},"end":{"line":81,"column":3}}},"2":{"name":"(anonymous_6)","decl":{"start":{"line":90,"column":8},"end":{"line":90,"column":17}},"loc":{"start":{"line":92,"column":37},"end":{"line":110,"column":3}}},"3":{"name":"(anonymous_7)","decl":{"start":{"line":121,"column":8},"end":{"line":121,"column":17}},"loc":{"start":{"line":123,"column":37},"end":{"line":206,"column":3}}},"4":{"name":"(anonymous_8)","decl":{"start":{"line":215,"column":8},"end":{"line":215,"column":17}},"loc":{"start":{"line":217,"column":37},"end":{"line":226,"column":3}}},"5":{"name":"(anonymous_9)","decl":{"start":{"line":235,"column":8},"end":{"line":235,"column":16}},"loc":{"start":{"line":238,"column":37},"end":{"line":248,"column":3}}},"6":{"name":"(anonymous_10)","decl":{"start":{"line":257,"column":8},"end":{"line":257,"column":15}},"loc":{"start":{"line":259,"column":37},"end":{"line":274,"column":3}}},"7":{"name":"(anonymous_11)","decl":{"start":{"line":276,"column":10},"end":{"line":276,"column":15}},"loc":{"start":{"line":278,"column":24},"end":{"line":308,"column":3}}},"8":{"name":"(anonymous_12)","decl":{"start":{"line":310,"column":10},"end":{"line":310,"column":26}},"loc":{"start":{"line":320,"column":41},"end":{"line":335,"column":3}}}},"branchMap":{"0":{"loc":{"start":{"line":64,"column":4},"end":{"line":70,"column":5}},"type":"if","locations":[{"start":{"line":64,"column":4},"end":{"line":70,"column":5}},{"start":{},"end":{}}]},"1":{"loc":{"start":{"line":65,"column":6},"end":{"line":67,"column":7}},"type":"if","locations":[{"start":{"line":65,"column":6},"end":{"line":67,"column":7}},{"start":{},"end":{}}]},"2":{"loc":{"start":{"line":65,"column":10},"end":{"line":65,"column":79}},"type":"binary-expr","locations":[{"start":{"line":65,"column":10},"end":{"line":65,"column":54}},{"start":{"line":65,"column":58},"end":{"line":65,"column":79}}]},"3":{"loc":{"start":{"line":72,"column":4},"end":{"line":78,"column":5}},"type":"if","locations":[{"start":{"line":72,"column":4},"end":{"line":78,"column":5}},{"start":{},"end":{}}]},"4":{"loc":{"start":{"line":73,"column":6},"end":{"line":75,"column":7}},"type":"if","locations":[{"start":{"line":73,"column":6},"end":{"line":75,"column":7}},{"start":{},"end":{}}]},"5":{"loc":{"start":{"line":94,"column":4},"end":{"line":96,"column":5}},"type":"if","locations":[{"start":{"line":94,"column":4},"end":{"line":96,"column":5}},{"start":{},"end":{}}]},"6":{"loc":{"start":{"line":101,"column":4},"end":{"line":103,"column":5}},"type":"if","locations":[{"start":{"line":101,"column":4},"end":{"line":103,"column":5}},{"start":{},"end":{}}]},"7":{"loc":{"start":{"line":101,"column":8},"end":{"line":101,"column":84}},"type":"binary-expr","locations":[{"start":{"line":101,"column":8},"end":{"line":101,"column":59}},{"start":{"line":101,"column":63},"end":{"line":101,"column":84}}]},"8":{"loc":{"start":{"line":128,"column":4},"end":{"line":130,"column":5}},"type":"if","locations":[{"start":{"line":128,"column":4},"end":{"line":130,"column":5}},{"start":{},"end":{}}]},"9":{"loc":{"start":{"line":145,"column":4},"end":{"line":147,"column":5}},"type":"if","locations":[{"start":{"line":145,"column":4},"end":{"line":147,"column":5}},{"start":{},"end":{}}]},"10":{"loc":{"start":{"line":168,"column":24},"end":{"line":168,"column":43}},"type":"binary-expr","locations":[{"start":{"line":168,"column":24},"end":{"line":168,"column":37}},{"start":{"line":168,"column":41},"end":{"line":168,"column":43}}]},"11":{"loc":{"start":{"line":179,"column":23},"end":{"line":179,"column":47}},"type":"binary-expr","locations":[{"start":{"line":179,"column":23},"end":{"line":179,"column":39}},{"start":{"line":179,"column":43},"end":{"line":179,"column":47}}]},"12":{"loc":{"start":{"line":180,"column":30},"end":{"line":180,"column":61}},"type":"binary-expr","locations":[{"start":{"line":180,"column":30},"end":{"line":180,"column":53}},{"start":{"line":180,"column":57},"end":{"line":180,"column":61}}]},"13":{"loc":{"start":{"line":181,"column":23},"end":{"line":181,"column":54}},"type":"binary-expr","locations":[{"start":{"line":181,"column":23},"end":{"line":181,"column":46}},{"start":{"line":181,"column":50},"end":{"line":181,"column":54}}]},"14":{"loc":{"start":{"line":182,"column":13},"end":{"line":182,"column":34}},"type":"binary-expr","locations":[{"start":{"line":182,"column":13},"end":{"line":182,"column":26}},{"start":{"line":182,"column":30},"end":{"line":182,"column":34}}]},"15":{"loc":{"start":{"line":183,"column":15},"end":{"line":183,"column":38}},"type":"binary-expr","locations":[{"start":{"line":183,"column":15},"end":{"line":183,"column":30}},{"start":{"line":183,"column":34},"end":{"line":183,"column":38}}]},"16":{"loc":{"start":{"line":185,"column":16},"end":{"line":185,"column":34}},"type":"binary-expr","locations":[{"start":{"line":185,"column":16},"end":{"line":185,"column":26}},{"start":{"line":185,"column":30},"end":{"line":185,"column":34}}]},"17":{"loc":{"start":{"line":186,"column":25},"end":{"line":186,"column":52}},"type":"binary-expr","locations":[{"start":{"line":186,"column":25},"end":{"line":186,"column":44}},{"start":{"line":186,"column":48},"end":{"line":186,"column":52}}]},"18":{"loc":{"start":{"line":187,"column":19},"end":{"line":187,"column":40}},"type":"binary-expr","locations":[{"start":{"line":187,"column":19},"end":{"line":187,"column":32}},{"start":{"line":187,"column":36},"end":{"line":187,"column":40}}]},"19":{"loc":{"start":{"line":188,"column":31},"end":{"line":188,"column":64}},"type":"binary-expr","locations":[{"start":{"line":188,"column":31},"end":{"line":188,"column":56}},{"start":{"line":188,"column":60},"end":{"line":188,"column":64}}]},"20":{"loc":{"start":{"line":189,"column":18},"end":{"line":189,"column":38}},"type":"binary-expr","locations":[{"start":{"line":189,"column":18},"end":{"line":189,"column":30}},{"start":{"line":189,"column":34},"end":{"line":189,"column":38}}]},"21":{"loc":{"start":{"line":190,"column":19},"end":{"line":190,"column":45}},"type":"binary-expr","locations":[{"start":{"line":190,"column":19},"end":{"line":190,"column":37}},{"start":{"line":190,"column":41},"end":{"line":190,"column":45}}]},"22":{"loc":{"start":{"line":191,"column":19},"end":{"line":191,"column":45}},"type":"binary-expr","locations":[{"start":{"line":191,"column":19},"end":{"line":191,"column":37}},{"start":{"line":191,"column":41},"end":{"line":191,"column":45}}]},"23":{"loc":{"start":{"line":192,"column":18},"end":{"line":194,"column":14}},"type":"cond-expr","locations":[{"start":{"line":193,"column":10},"end":{"line":193,"column":70}},{"start":{"line":194,"column":10},"end":{"line":194,"column":14}}]},"24":{"loc":{"start":{"line":195,"column":18},"end":{"line":197,"column":14}},"type":"cond-expr","locations":[{"start":{"line":196,"column":10},"end":{"line":196,"column":70}},{"start":{"line":197,"column":10},"end":{"line":197,"column":14}}]},"25":{"loc":{"start":{"line":222,"column":24},"end":{"line":222,"column":89}},"type":"cond-expr","locations":[{"start":{"line":222,"column":70},"end":{"line":222,"column":79}},{"start":{"line":222,"column":82},"end":{"line":222,"column":89}}]},"26":{"loc":{"start":{"line":244,"column":6},"end":{"line":244,"column":40}},"type":"binary-expr","locations":[{"start":{"line":244,"column":6},"end":{"line":244,"column":32}},{"start":{"line":244,"column":36},"end":{"line":244,"column":40}}]},"27":{"loc":{"start":{"line":291,"column":4},"end":{"line":291,"column":26}},"type":"if","locations":[{"start":{"line":291,"column":4},"end":{"line":291,"column":26}},{"start":{},"end":{}}]},"28":{"loc":{"start":{"line":323,"column":6},"end":{"line":325,"column":49}},"type":"cond-expr","locations":[{"start":{"line":324,"column":10},"end":{"line":324,"column":49}},{"start":{"line":325,"column":10},"end":{"line":325,"column":49}}]},"29":{"loc":{"start":{"line":331,"column":23},"end":{"line":331,"column":48}},"type":"binary-expr","locations":[{"start":{"line":331,"column":23},"end":{"line":331,"column":40}},{"start":{"line":331,"column":44},"end":{"line":331,"column":48}}]},"30":{"loc":{"start":{"line":332,"column":16},"end":{"line":332,"column":34}},"type":"binary-expr","locations":[{"start":{"line":332,"column":16},"end":{"line":332,"column":26}},{"start":{"line":332,"column":30},"end":{"line":332,"column":34}}]},"31":{"loc":{"start":{"line":124,"column":5},"end":{"line":124,"column":null}},"type":"cond-expr","locations":[{"start":{"line":124,"column":12},"end":{"line":124,"column":null}},{"start":{"line":124,"column":12},"end":{"line":124,"column":null}}]},"32":{"loc":{"start":{"line":124,"column":5},"end":{"line":124,"column":12}},"type":"binary-expr","locations":[{"start":{"line":124,"column":5},"end":{"line":124,"column":null}},{"start":{"line":124,"column":5},"end":{"line":124,"column":12}}]},"33":{"loc":{"start":{"line":237,"column":18},"end":{"line":237,"column":null}},"type":"cond-expr","locations":[{"start":{"line":237,"column":34},"end":{"line":237,"column":null}},{"start":{"line":237,"column":34},"end":{"line":237,"column":null}}]},"34":{"loc":{"start":{"line":237,"column":18},"end":{"line":237,"column":34}},"type":"binary-expr","locations":[{"start":{"line":237,"column":18},"end":{"line":237,"column":null}},{"start":{"line":237,"column":18},"end":{"line":237,"column":34}}]},"35":{"loc":{"start":{"line":41,"column":29},"end":{"line":41,"column":null}},"type":"cond-expr","locations":[{"start":{"line":41,"column":42},"end":{"line":41,"column":null}},{"start":{"line":41,"column":42},"end":{"line":41,"column":null}}]},"36":{"loc":{"start":{"line":41,"column":29},"end":{"line":41,"column":42}},"type":"binary-expr","locations":[{"start":{"line":41,"column":29},"end":{"line":41,"column":null}},{"start":{"line":41,"column":29},"end":{"line":41,"column":42}}]},"37":{"loc":{"start":{"line":41,"column":42},"end":{"line":42,"column":null}},"type":"cond-expr","locations":[{"start":{"line":42,"column":55},"end":{"line":42,"column":null}},{"start":{"line":42,"column":55},"end":{"line":42,"column":null}}]},"38":{"loc":{"start":{"line":41,"column":42},"end":{"line":42,"column":55}},"type":"binary-expr","locations":[{"start":{"line":41,"column":42},"end":{"line":42,"column":null}},{"start":{"line":42,"column":35},"end":{"line":42,"column":55}}]},"39":{"loc":{"start":{"line":42,"column":55},"end":{"line":43,"column":null}},"type":"cond-expr","locations":[{"start":{"line":43,"column":46},"end":{"line":43,"column":null}},{"start":{"line":43,"column":46},"end":{"line":43,"column":null}}]},"40":{"loc":{"start":{"line":42,"column":55},"end":{"line":43,"column":46}},"type":"binary-expr","locations":[{"start":{"line":42,"column":55},"end":{"line":43,"column":null}},{"start":{"line":43,"column":31},"end":{"line":43,"column":46}}]},"41":{"loc":{"start":{"line":43,"column":46},"end":{"line":44,"column":null}},"type":"cond-expr","locations":[{"start":{"line":44,"column":42},"end":{"line":44,"column":null}},{"start":{"line":44,"column":42},"end":{"line":44,"column":null}}]},"42":{"loc":{"start":{"line":43,"column":46},"end":{"line":44,"column":42}},"type":"binary-expr","locations":[{"start":{"line":43,"column":46},"end":{"line":44,"column":null}},{"start":{"line":44,"column":29},"end":{"line":44,"column":42}}]},"43":{"loc":{"start":{"line":44,"column":42},"end":{"line":45,"column":null}},"type":"cond-expr","locations":[{"start":{"line":45,"column":51},"end":{"line":45,"column":null}},{"start":{"line":45,"column":51},"end":{"line":45,"column":null}}]},"44":{"loc":{"start":{"line":44,"column":42},"end":{"line":45,"column":51}},"type":"binary-expr","locations":[{"start":{"line":44,"column":42},"end":{"line":45,"column":null}},{"start":{"line":45,"column":34},"end":{"line":45,"column":51}}]},"45":{"loc":{"start":{"line":45,"column":51},"end":{"line":46,"column":null}},"type":"cond-expr","locations":[{"start":{"line":46,"column":44},"end":{"line":46,"column":null}},{"start":{"line":46,"column":44},"end":{"line":46,"column":null}}]},"46":{"loc":{"start":{"line":45,"column":51},"end":{"line":46,"column":44}},"type":"binary-expr","locations":[{"start":{"line":45,"column":51},"end":{"line":46,"column":null}},{"start":{"line":46,"column":30},"end":{"line":46,"column":44}}]}},"s":{"0":0,"1":0,"2":0,"3":0,"4":0,"5":0,"6":0,"7":0,"8":0,"9":0,"10":0,"11":0,"12":0,"13":0,"14":0,"15":0,"16":0,"17":0,"18":0,"19":0,"20":0,"21":0,"22":0,"23":0,"24":0,"25":0,"26":0,"27":0,"28":0,"29":0,"30":0,"31":0,"32":0,"33":0,"34":0,"35":0,"36":0,"37":0,"38":0,"39":0,"40":0,"41":0,"42":0,"43":0,"44":0,"45":0,"46":0,"47":0,"48":0,"49":0,"50":0,"51":0,"52":0,"53":0,"54":0,"55":0,"56":0,"57":0,"58":0,"59":0,"60":0,"61":0,"62":0,"63":0,"64":0,"65":0,"66":0,"67":0,"68":0,"69":0,"70":0,"71":0,"72":0,"73":0,"74":0,"75":0,"76":0,"77":0,"78":0,"79":0,"80":0,"81":0,"82":0,"83":0,"84":0,"85":0,"86":0,"87":0},"f":{"0":0,"1":0,"2":0,"3":0,"4":0,"5":0,"6":0,"7":0,"8":0},"b":{"0":[0,0],"1":[0,0],"2":[0,0],"3":[0,0],"4":[0,0],"5":[0,0],"6":[0,0],"7":[0,0],"8":[0,0],"9":[0,0],"10":[0,0],"11":[0,0],"12":[0,0],"13":[0,0],"14":[0,0],"15":[0,0],"16":[0,0],"17":[0,0],"18":[0,0],"19":[0,0],"20":[0,0],"21":[0,0],"22":[0,0],"23":[0,0],"24":[0,0],"25":[0,0],"26":[0,0],"27":[0,0],"28":[0,0],"29":[0,0],"30":[0,0],"31":[0,0],"32":[0,0],"33":[0,0],"34":[0,0],"35":[0,0],"36":[0,0],"37":[0,0],"38":[0,0],"39":[0,0],"40":[0,0],"41":[0,0],"42":[0,0],"43":[0,0],"44":[0,0],"45":[0,0],"46":[0,0]}}
,"C:\\Users\\gdmp9\\Desktop\\JAC App\\apps\\backend\\src\\application\\cartas\\cartas.module.ts": {"path":"C:\\Users\\gdmp9\\Desktop\\JAC App\\apps\\backend\\src\\application\\cartas\\cartas.module.ts","statementMap":{"0":{"start":{"line":1,"column":0},"end":{"line":1,"column":40}},"1":{"start":{"line":2,"column":0},"end":{"line":2,"column":52}},"2":{"start":{"line":3,"column":0},"end":{"line":3,"column":58}},"3":{"start":{"line":4,"column":0},"end":{"line":4,"column":67}},"4":{"start":{"line":5,"column":0},"end":{"line":5,"column":73}},"5":{"start":{"line":6,"column":0},"end":{"line":6,"column":75}},"6":{"start":{"line":7,"column":0},"end":{"line":7,"column":83}},"7":{"start":{"line":8,"column":0},"end":{"line":8,"column":55}},"8":{"start":{"line":9,"column":0},"end":{"line":9,"column":49}},"9":{"start":{"line":17,"column":7},"end":{"line":17,"column":null}},"10":{"start":{"line":17,"column":13},"end":{"line":17,"column":25}},"11":{"start":{"line":17,"column":13},"end":{"line":17,"column":null}}},"fnMap":{},"branchMap":{},"s":{"0":0,"1":0,"2":0,"3":0,"4":0,"5":0,"6":0,"7":0,"8":0,"9":0,"10":0,"11":0},"f":{},"b":{}}
,"C:\\Users\\gdmp9\\Desktop\\JAC App\\apps\\backend\\src\\application\\cartas\\cartas.service.ts": {"path":"C:\\Users\\gdmp9\\Desktop\\JAC App\\apps\\backend\\src\\application\\cartas\\cartas.service.ts","statementMap":{"0":{"start":{"line":7,"column":0},"end":{"line":7,"column":44}},"1":{"start":{"line":8,"column":0},"end":{"line":8,"column":53}},"2":{"start":{"line":9,"column":0},"end":{"line":9,"column":60}},"3":{"start":{"line":10,"column":0},"end":{"line":10,"column":83}},"4":{"start":{"line":11,"column":0},"end":{"line":11,"column":65}},"5":{"start":{"line":12,"column":0},"end":{"line":12,"column":98}},"6":{"start":{"line":13,"column":0},"end":{"line":13,"column":77}},"7":{"start":{"line":14,"column":0},"end":{"line":14,"column":36}},"8":{"start":{"line":15,"column":0},"end":{"line":15,"column":null}},"9":{"start":{"line":36,"column":7},"end":{"line":323,"column":null}},"10":{"start":{"line":38,"column":21},"end":{"line":38,"column":29}},"11":{"start":{"line":39,"column":21},"end":{"line":39,"column":25}},"12":{"start":{"line":40,"column":21},"end":{"line":40,"column":34}},"13":{"start":{"line":41,"column":21},"end":{"line":41,"column":35}},"14":{"start":{"line":42,"column":21},"end":{"line":42,"column":30}},"15":{"start":{"line":59,"column":20},"end":{"line":61,"column":6}},"16":{"start":{"line":62,"column":4},"end":{"line":64,"column":5}},"17":{"start":{"line":63,"column":6},"end":{"line":63,"column":52}},"18":{"start":{"line":66,"column":19},"end":{"line":81,"column":6}},"19":{"start":{"line":82,"column":4},"end":{"line":82,"column":18}},"20":{"start":{"line":96,"column":19},"end":{"line":109,"column":6}},"21":{"start":{"line":110,"column":4},"end":{"line":118,"column":8}},"22":{"start":{"line":110,"column":30},"end":{"line":118,"column":6}},"23":{"start":{"line":131,"column":20},"end":{"line":133,"column":6}},"24":{"start":{"line":134,"column":4},"end":{"line":136,"column":5}},"25":{"start":{"line":135,"column":6},"end":{"line":135,"column":52}},"26":{"start":{"line":137,"column":4},"end":{"line":139,"column":5}},"27":{"start":{"line":138,"column":6},"end":{"line":138,"column":48}},"28":{"start":{"line":141,"column":22},"end":{"line":143,"column":6}},"29":{"start":{"line":144,"column":4},"end":{"line":146,"column":5}},"30":{"start":{"line":145,"column":6},"end":{"line":145,"column":56}},"31":{"start":{"line":148,"column":16},"end":{"line":148,"column":26}},"32":{"start":{"line":149,"column":4},"end":{"line":149,"column":29}},"33":{"start":{"line":150,"column":25},"end":{"line":157,"column":6}},"34":{"start":{"line":158,"column":4},"end":{"line":160,"column":5}},"35":{"start":{"line":159,"column":6},"end":{"line":159,"column":45}},"36":{"start":{"line":162,"column":4},"end":{"line":162,"column":58}},"37":{"start":{"line":163,"column":4},"end":{"line":163,"column":51}},"38":{"start":{"line":165,"column":17},"end":{"line":165,"column":41}},"39":{"start":{"line":166,"column":18},"end":{"line":175,"column":6}},"40":{"start":{"line":178,"column":6},"end":{"line":180,"column":24}},"41":{"start":{"line":182,"column":19},"end":{"line":186,"column":6}},"42":{"start":{"line":188,"column":4},"end":{"line":195,"column":6}},"43":{"start":{"line":200,"column":18},"end":{"line":200,"column":82}},"44":{"start":{"line":201,"column":4},"end":{"line":205,"column":5}},"45":{"start":{"line":202,"column":6},"end":{"line":204,"column":8}},"46":{"start":{"line":207,"column":27},"end":{"line":209,"column":6}},"47":{"start":{"line":210,"column":4},"end":{"line":214,"column":5}},"48":{"start":{"line":211,"column":6},"end":{"line":213,"column":8}},"49":{"start":{"line":216,"column":23},"end":{"line":221,"column":6}},"50":{"start":{"line":222,"column":4},"end":{"line":231,"column":5}},"51":{"start":{"line":223,"column":21},"end":{"line":223,"column":34}},"52":{"start":{"line":224,"column":31},"end":{"line":224,"column":63}},"53":{"start":{"line":225,"column":25},"end":{"line":225,"column":49}},"54":{"start":{"line":226,"column":6},"end":{"line":230,"column":7}},"55":{"start":{"line":227,"column":8},"end":{"line":229,"column":10}},"56":{"start":{"line":236,"column":18},"end":{"line":242,"column":6}},"57":{"start":{"line":243,"column":4},"end":{"line":247,"column":5}},"58":{"start":{"line":244,"column":6},"end":{"line":246,"column":8}},"59":{"start":{"line":248,"column":4},"end":{"line":248,"column":27}},"60":{"start":{"line":261,"column":18},"end":{"line":263,"column":6}},"61":{"start":{"line":264,"column":4},"end":{"line":266,"column":5}},"62":{"start":{"line":265,"column":6},"end":{"line":265,"column":48}},"63":{"start":{"line":267,"column":4},"end":{"line":269,"column":5}},"64":{"start":{"line":268,"column":6},"end":{"line":268,"column":47}},"65":{"start":{"line":271,"column":24},"end":{"line":277,"column":6}},"66":{"start":{"line":279,"column":4},"end":{"line":288,"column":7}},"67":{"start":{"line":290,"column":4},"end":{"line":294,"column":6}},"68":{"start":{"line":306,"column":18},"end":{"line":314,"column":6}},"69":{"start":{"line":315,"column":4},"end":{"line":317,"column":5}},"70":{"start":{"line":316,"column":6},"end":{"line":316,"column":48}},"71":{"start":{"line":318,"column":4},"end":{"line":320,"column":5}},"72":{"start":{"line":319,"column":6},"end":{"line":319,"column":51}},"73":{"start":{"line":321,"column":4},"end":{"line":321,"column":55}},"74":{"start":{"line":36,"column":13},"end":{"line":36,"column":26}},"75":{"start":{"line":36,"column":13},"end":{"line":323,"column":null}}},"fnMap":{"0":{"name":"(anonymous_2)","decl":{"start":{"line":37,"column":2},"end":{"line":37,"column":null}},"loc":{"start":{"line":42,"column":44},"end":{"line":43,"column":6}}},"1":{"name":"(anonymous_3)","decl":{"start":{"line":45,"column":2},"end":{"line":45,"column":7}},"loc":{"start":{"line":45,"column":59},"end":{"line":83,"column":3}}},"2":{"name":"(anonymous_4)","decl":{"start":{"line":85,"column":2},"end":{"line":85,"column":7}},"loc":{"start":{"line":85,"column":40},"end":{"line":119,"column":3}}},"3":{"name":"(anonymous_5)","decl":{"start":{"line":110,"column":22},"end":{"line":110,"column":23}},"loc":{"start":{"line":110,"column":30},"end":{"line":118,"column":6}}},"4":{"name":"(anonymous_6)","decl":{"start":{"line":126,"column":2},"end":{"line":126,"column":7}},"loc":{"start":{"line":129,"column":26},"end":{"line":196,"column":3}}},"5":{"name":"(anonymous_7)","decl":{"start":{"line":199,"column":10},"end":{"line":199,"column":15}},"loc":{"start":{"line":199,"column":73},"end":{"line":232,"column":3}}},"6":{"name":"(anonymous_8)","decl":{"start":{"line":235,"column":10},"end":{"line":235,"column":15}},"loc":{"start":{"line":235,"column":49},"end":{"line":249,"column":3}}},"7":{"name":"(anonymous_9)","decl":{"start":{"line":255,"column":2},"end":{"line":255,"column":7}},"loc":{"start":{"line":259,"column":26},"end":{"line":295,"column":3}}},"8":{"name":"(anonymous_10)","decl":{"start":{"line":301,"column":2},"end":{"line":301,"column":7}},"loc":{"start":{"line":304,"column":24},"end":{"line":322,"column":3}}}},"branchMap":{"0":{"loc":{"start":{"line":62,"column":4},"end":{"line":64,"column":5}},"type":"if","locations":[{"start":{"line":62,"column":4},"end":{"line":64,"column":5}},{"start":{},"end":{}}]},"1":{"loc":{"start":{"line":134,"column":4},"end":{"line":136,"column":5}},"type":"if","locations":[{"start":{"line":134,"column":4},"end":{"line":136,"column":5}},{"start":{},"end":{}}]},"2":{"loc":{"start":{"line":137,"column":4},"end":{"line":139,"column":5}},"type":"if","locations":[{"start":{"line":137,"column":4},"end":{"line":139,"column":5}},{"start":{},"end":{}}]},"3":{"loc":{"start":{"line":144,"column":4},"end":{"lin
[...]
ne":72,"column":54}},{"start":{"line":72,"column":58},"end":{"line":72,"column":86}}]},"25":{"loc":{"start":{"line":73,"column":26},"end":{"line":73,"column":85}},"type":"binary-expr","locations":[{"start":{"line":73,"column":26},"end":{"line":73,"column":53}},{"start":{"line":73,"column":57},"end":{"line":73,"column":85}}]},"26":{"loc":{"start":{"line":78,"column":12},"end":{"line":78,"column":69}},"type":"binary-expr","locations":[{"start":{"line":78,"column":12},"end":{"line":78,"column":36}},{"start":{"line":78,"column":40},"end":{"line":78,"column":69}}]},"27":{"loc":{"start":{"line":79,"column":12},"end":{"line":79,"column":93}},"type":"binary-expr","locations":[{"start":{"line":79,"column":12},"end":{"line":79,"column":41}},{"start":{"line":79,"column":45},"end":{"line":79,"column":93}}]},"28":{"loc":{"start":{"line":79,"column":60},"end":{"line":79,"column":91}},"type":"binary-expr","locations":[{"start":{"line":79,"column":60},"end":{"line":79,"column":83}},{"start":{"line":79,"column":87},"end":{"line":79,"column":91}}]},"29":{"loc":{"start":{"line":80,"column":12},"end":{"line":80,"column":83}},"type":"binary-expr","locations":[{"start":{"line":80,"column":12},"end":{"line":80,"column":43}},{"start":{"line":80,"column":47},"end":{"line":80,"column":83}}]},"30":{"loc":{"start":{"line":81,"column":12},"end":{"line":81,"column":77}},"type":"binary-expr","locations":[{"start":{"line":81,"column":12},"end":{"line":81,"column":41}},{"start":{"line":81,"column":45},"end":{"line":81,"column":77}}]},"31":{"loc":{"start":{"line":82,"column":24},"end":{"line":82,"column":92}},"type":"cond-expr","locations":[{"start":{"line":82,"column":42},"end":{"line":82,"column":46}},{"start":{"line":82,"column":50},"end":{"line":82,"column":91}}]},"32":{"loc":{"start":{"line":82,"column":50},"end":{"line":82,"column":91}},"type":"binary-expr","locations":[{"start":{"line":82,"column":50},"end":{"line":82,"column":68}},{"start":{"line":82,"column":72},"end":{"line":82,"column":91}}]},"33":{"loc":{"start":{"line":83,"column":25},"end":{"line":83,"column":94}},"type":"cond-expr","locations":[{"start":{"line":83,"column":42},"end":{"line":83,"column":46}},{"start":{"line":83,"column":50},"end":{"line":83,"column":93}}]},"34":{"loc":{"start":{"line":83,"column":50},"end":{"line":83,"column":93}},"type":"binary-expr","locations":[{"start":{"line":83,"column":50},"end":{"line":83,"column":69}},{"start":{"line":83,"column":73},"end":{"line":83,"column":93}}]},"35":{"loc":{"start":{"line":84,"column":25},"end":{"line":84,"column":93}},"type":"cond-expr","locations":[{"start":{"line":84,"column":41},"end":{"line":84,"column":45}},{"start":{"line":84,"column":49},"end":{"line":84,"column":92}}]},"36":{"loc":{"start":{"line":84,"column":49},"end":{"line":84,"column":92}},"type":"binary-expr","locations":[{"start":{"line":84,"column":49},"end":{"line":84,"column":68}},{"start":{"line":84,"column":72},"end":{"line":84,"column":92}}]},"37":{"loc":{"start":{"line":85,"column":12},"end":{"line":85,"column":119}},"type":"binary-expr","locations":[{"start":{"line":85,"column":12},"end":{"line":85,"column":55}},{"start":{"line":85,"column":59},"end":{"line":85,"column":119}}]},"38":{"loc":{"start":{"line":86,"column":12},"end":{"line":86,"column":113}},"type":"binary-expr","locations":[{"start":{"line":86,"column":12},"end":{"line":86,"column":53}},{"start":{"line":86,"column":57},"end":{"line":86,"column":113}}]},"39":{"loc":{"start":{"line":87,"column":12},"end":{"line":87,"column":113}},"type":"binary-expr","locations":[{"start":{"line":87,"column":12},"end":{"line":87,"column":53}},{"start":{"line":87,"column":57},"end":{"line":87,"column":113}}]},"40":{"loc":{"start":{"line":88,"column":12},"end":{"line":88,"column":92}},"type":"binary-expr","locations":[{"start":{"line":88,"column":12},"end":{"line":88,"column":46}},{"start":{"line":88,"column":50},"end":{"line":88,"column":92}}]},"41":{"loc":{"start":{"line":89,"column":12},"end":{"line":89,"column":74}},"type":"binary-expr","locations":[{"start":{"line":89,"column":12},"end":{"line":89,"column":40}},{"start":{"line":89,"column":44},"end":{"line":89,"column":74}}]},"42":{"loc":{"start":{"line":90,"column":12},"end":{"line":90,"column":62}},"type":"binary-expr","locations":[{"start":{"line":90,"column":12},"end":{"line":90,"column":36}},{"start":{"line":90,"column":40},"end":{"line":90,"column":62}}]},"43":{"loc":{"start":{"line":91,"column":12},"end":{"line":93,"column":10}},"type":"binary-expr","locations":[{"start":{"line":91,"column":12},"end":{"line":91,"column":55}},{"start":{"line":91,"column":59},"end":{"line":93,"column":10}}]},"44":{"loc":{"start":{"line":94,"column":12},"end":{"line":96,"column":10}},"type":"binary-expr","locations":[{"start":{"line":94,"column":12},"end":{"line":94,"column":50}},{"start":{"line":94,"column":54},"end":{"line":96,"column":10}}]},"45":{"loc":{"start":{"line":97,"column":12},"end":{"line":99,"column":10}},"type":"binary-expr","locations":[{"start":{"line":97,"column":12},"end":{"line":97,"column":53}},{"start":{"line":97,"column":57},"end":{"line":99,"column":10}}]},"46":{"loc":{"start":{"line":12,"column":39},"end":{"line":12,"column":55}},"type":"cond-expr","locations":[{"start":{"line":12,"column":52},"end":{"line":12,"column":55}},{"start":{"line":12,"column":52},"end":{"line":12,"column":55}}]},"47":{"loc":{"start":{"line":12,"column":39},"end":{"line":12,"column":52}},"type":"binary-expr","locations":[{"start":{"line":12,"column":39},"end":{"line":12,"column":55}},{"start":{"line":12,"column":39},"end":{"line":12,"column":52}}]}},"s":{"0":0,"1":0,"2":0,"3":0,"4":0,"5":0,"6":0,"7":0,"8":0,"9":0,"10":0,"11":0,"12":0,"13":0,"14":0,"15":0,"16":0,"17":0,"18":0,"19":0,"20":0,"21":0,"22":0,"23":0,"24":0,"25":0,"26":0,"27":0,"28":0},"f":{"0":0,"1":0,"2":0,"3":0,"4":0},"b":{"0":[0],"1":[0,0],"2":[0,0],"3":[0,0],"4":[0,0],"5":[0,0],"6":[0,0],"7":[0,0],"8":[0,0],"9":[0,0],"10":[0,0],"11":[0,0],"12":[0,0],"13":[0,0],"14":[0,0],"15":[0,0],"16":[0,0],"17":[0,0],"18":[0,0],"19":[0,0],"20":[0,0],"21":[0,0],"22":[0,0],"23":[0,0],"24":[0,0],"25":[0,0],"26":[0,0],"27":[0,0],"28":[0,0],"29":[0,0],"30":[0,0],"31":[0,0],"32":[0,0],"33":[0,0],"34":[0,0],"35":[0,0],"36":[0,0],"37":[0,0],"38":[0,0],"39":[0,0],"40":[0,0],"41":[0,0],"42":[0,0],"43":[0,0],"44":[0,0],"45":[0,0],"46":[0,0],"47":[0,0]}}
,"C:\\Users\\gdmp9\\Desktop\\JAC App\\apps\\backend\\src\\platform\\reportes\\platform-reportes.controller.ts": {"path":"C:\\Users\\gdmp9\\Desktop\\JAC App\\apps\\backend\\src\\platform\\reportes\\platform-reportes.controller.ts","statementMap":{"0":{"start":{"line":1,"column":0},"end":{"line":1,"column":60}},"1":{"start":{"line":2,"column":0},"end":{"line":2,"column":45}},"2":{"start":{"line":3,"column":0},"end":{"line":3,"column":76}},"3":{"start":{"line":4,"column":0},"end":{"line":4,"column":70}},"4":{"start":{"line":12,"column":7},"end":{"line":29,"column":null}},"5":{"start":{"line":13,"column":31},"end":{"line":13,"column":41}},"6":{"start":{"line":17,"column":4},"end":{"line":17,"column":41}},"7":{"start":{"line":22,"column":4},"end":{"line":22,"column":46}},"8":{"start":{"line":27,"column":4},"end":{"line":27,"column":38}},"9":{"start":{"line":12,"column":13},"end":{"line":12,"column":39}},"10":{"start":{"line":16,"column":8},"end":{"line":18,"column":null}},"11":{"start":{"line":21,"column":8},"end":{"line":23,"column":null}},"12":{"start":{"line":26,"column":8},"end":{"line":28,"column":null}},"13":{"start":{"line":12,"column":13},"end":{"line":29,"column":null}}},"fnMap":{"0":{"name":"(anonymous_2)","decl":{"start":{"line":13,"column":2},"end":{"line":13,"column":31}},"loc":{"start":{"line":13,"column":64},"end":{"line":13,"column":68}}},"1":{"name":"(anonymous_3)","decl":{"start":{"line":16,"column":8},"end":{"line":16,"column":21}},"loc":{"start":{"line":16,"column":21},"end":{"line":18,"column":3}}},"2":{"name":"(anonymous_4)","decl":{"start":{"line":21,"column":8},"end":{"line":21,"column":26}},"loc":{"start":{"line":21,"column":26},"end":{"line":23,"column":3}}},"3":{"name":"(anonymous_5)","decl":{"start":{"line":26,"column":8},"end":{"line":26,"column":18}},"loc":{"start":{"line":26,"column":18},"end":{"line":28,"column":3}}}},"branchMap":{"0":{"loc":{"start":{"line":13,"column":41},"end":{"line":13,"column":67}},"type":"cond-expr","locations":[{"start":{"line":13,"column":64},"end":{"line":13,"column":67}},{"start":{"line":13,"column":64},"end":{"line":13,"column":67}}]},"1":{"loc":{"start":{"line":13,"column":41},"end":{"line":13,"column":64}},"type":"binary-expr","locations":[{"start":{"line":13,"column":41},"end":{"line":13,"column":67}},{"start":{"line":13,"column":41},"end":{"line":13,"column":64}}]}},"s":{"0":0,"1":0,"2":0,"3":0,"4":0,"5":0,"6":0,"7":0,"8":0,"9":0,"10":0,"11":0,"12":0,"13":0},"f":{"0":0,"1":0,"2":0,"3":0},"b":{"0":[0,0],"1":[0,0]}}
,"C:\\Users\\gdmp9\\Desktop\\JAC App\\apps\\backend\\src\\platform\\reportes\\platform-reportes.service.ts": {"path":"C:\\Users\\gdmp9\\Desktop\\JAC App\\apps\\backend\\src\\platform\\reportes\\platform-reportes.service.ts","statementMap":{"0":{"start":{"line":1,"column":0},"end":{"line":1,"column":44}},"1":{"start":{"line":2,"column":0},"end":{"line":2,"column":60}},"2":{"start":{"line":5,"column":17},"end":{"line":5,"column":25}},"3":{"start":{"line":11,"column":7},"end":{"line":168,"column":null}},"4":{"start":{"line":12,"column":31},"end":{"line":12,"column":39}},"5":{"start":{"line":15,"column":4},"end":{"line":15,"column":31}},"6":{"start":{"line":15,"column":21},"end":{"line":15,"column":31}},"7":{"start":{"line":16,"column":14},"end":{"line":16,"column":25}},"8":{"start":{"line":17,"column":4},"end":{"line":19,"column":5}},"9":{"start":{"line":18,"column":6},"end":{"line":18,"column":42}},"10":{"start":{"line":20,"column":4},"end":{"line":20,"column":13}},"11":{"start":{"line":24,"column":19},"end":{"line":30,"column":6}},"12":{"start":{"line":32,"column":28},"end":{"line":34,"column":6}},"13":{"start":{"line":36,"column":4},"end":{"line":61,"column":5}},"14":{"start":{"line":37,"column":19},"end":{"line":37,"column":53}},"15":{"start":{"line":38,"column":21},"end":{"line":38,"column":49}},"16":{"start":{"line":39,"column":19},"end":{"line":41,"column":13}},"17":{"start":{"line":42,"column":17},"end":{"line":42,"column":92}},"18":{"start":{"line":44,"column":6},"end":{"line":60,"column":8}},"19":{"start":{"line":63,"column":21},"end":{"line":63,"column":82}},"20":{"start":{"line":64,"column":4},"end":{"line":64,"column":59}},"21":{"start":{"line":68,"column":21},"end":{"line":75,"column":6}},"22":{"start":{"line":77,"column":28},"end":{"line":79,"column":6}},"23":{"start":{"line":81,"column":4},"end":{"line":100,"column":5}},"24":{"start":{"line":82,"column":26},"end":{"line":82,"column":66}},"25":{"start":{"line":82,"column":51},"end":{"line":82,"column":62}},"26":{"start":{"line":83,"column":25},"end":{"line":85,"column":14}},"27":{"start":{"line":84,"column":38},"end":{"line":84,"column":67}},"28":{"start":{"line":87,"column":6},"end":{"line":99,"column":8}},"29":{"start":{"line":102,"column":21},"end":{"line":102,"column":87}},"30":{"start":{"line":103,"column":4},"end":{"line":103,"column":59}},"31":{"start":{"line":107,"column":19},"end":{"line":112,"column":6}},"32":{"start":{"line":114,"column":16},"end":{"line":114,"column":26}},"33":{"start":{"line":115,"column":22},"end":{"line":115,"column":68}},"34":{"start":{"line":117,"column":28},"end":{"line":119,"column":6}},"35":{"start":{"line":121,"column":4},"end":{"line":163,"column":5}},"36":{"start":{"line":123,"column":8},"end":{"line":139,"column":10}},"37":{"start":{"line":141,"column":19},"end":{"line":141,"column":38}},"38":{"start":{"line":142,"column":21},"end":{"line":142,"column":47}},"39":{"start":{"line":143,"column":24},"end":{"line":143,"column":51}},"40":{"start":{"line":144,"column":25},"end":{"line":144,"column":52}},"41":{"start":{"line":145,"column":18},"end":{"line":145,"column":81}},"42":{"start":{"line":147,"column":6},"end":{"line":162,"column":8}},"43":{"start":{"line":165,"column":21},"end":{"line":165,"column":79}},"44":{"start":{"line":166,"column":4},"end":{"line":166,"column":59}},"45":{"start":{"line":11,"column":13},"end":{"line":11,"column":36}},"46":{"start":{"line":11,"column":13},"end":{"line":168,"column":null}}},"fnMap":{"0":{"name":"(anonymous_2)","decl":{"start":{"line":12,"column":2},"end":{"line":12,"column":31}},"loc":{"start":{"line":12,"column":52},"end":{"line":12,"column":56}}},"1":{"name":"(anonymous_3)","decl":{"start":{"line":14,"column":10},"end":{"line":14,"column":19}},"loc":{"start":{"line":14,"column":32},"end":{"line":21,"column":3}}},"2":{"name":"(anonymous_4)","decl":{"start":{"line":23,"column":2},"end":{"line":23,"column":7}},"loc":{"start":{"line":23,"column":21},"end":{"line":65,"column":3}}},"3":{"name":"(anonymous_5)","decl":{"start":{"line":67,"column":2},"end":{"line":67,"column":7}},"loc":{"start":{"line":67,"column":26},"end":{"line":104,"column":3}}},"4":{"name":"(anonymous_6)","decl":{"start":{"line":82,"column":41},"end":{"line":82,"column":42}},"loc":{"start":{"line":82,"column":51},"end":{"line":82,"column":62}}},"5":{"name":"(anonymous_7)","decl":{"start":{"line":84,"column":25},"end":{"line":84,"column":26}},"loc":{"start":{"line":84,"column":38},"end":{"line":84,"column":67}}},"6":{"name":"(anonymous_8)","decl":{"start":{"line":106,"column":2},"end":{"line":106,"column":7}},"loc":{"start":{"line":106,"column":18},"end":{"line":167,"column":3}}}},"branchMap":{"0":{"loc":{"start":{"line":15,"column":4},"end":{"line":15,"column":31}},"type":"if","locations":[{"start":{"line":15,"column":4},"end":{"line":15,"column":31}},{"start":{},"end":{}}]},"1":{"loc":{"start":{"line":17,"column":4},"end":{"line":19,"column":5}},"type":"if","locations":[{"start":{"line":17,"column":4},"end":{"line":19,"column":5}},{"start":{},"end":{}}]},"2":{"loc":{"start":{"line":17,"column":8},"end":{"line":17,"column":62}},"type":"binary-expr","locations":[{"start":{"line":17,"column":8},"end":{"line":17,"column":23}},{"start":{"line":17,"column":27},"end":{"line":17,"column":42}},{"start":{"line":17,"column":46},"end":{"line":17,"column":62}}]},"3":{"loc":{"start":{"line":37,"column":19},"end":{"line":37,"column":53}},"type":"binary-expr","locations":[{"start":{"line":37,"column":19},"end":{"line":37,"column":46}},{"start":{"line":37,"column":50},"end":{"line":37,"column":53}}]},"4":{"loc":{"start":{"line":38,"column":21},"end":{"line":38,"column":49}},"type":"binary-expr","locations":[{"start":{"line":38,"column":21},"end":{"line":38,"column":42}},{"start":{"line":38,"column":46},"end":{"line":38,"column":49}}]},"5":{"loc":{"start":{"line":39,"column":19},"end":{"line":41,"column":13}},"type":"cond-expr","locations":[{"start":{"line":40,"column":10},"end":{"line":40,"column":77}},{"start":{"line":41,"column":10},"end":{"line":41,"column":13}}]},"6":{"loc":{"start":{"line":42,"column":17},"end":{"line":42,"column":92}},"type":"cond-expr","locations":[{"start":{"line":42,"column":35},"end":{"line":42,"column":87}},{"start":{"line":42,"column":90},"end":{"line":42,"column":92}}]},"7":{"loc":{"start":{"line":49,"column":10},"end":{"line":49,"column":32}},"type":"cond-expr","locations":[{"start":{"line":49,"column":21},"end":{"line":49,"column":25}},{"start":{"line":49,"column":28},"end":{"line":49,"column":32}}]},"8":{"loc":{"start":{"line":83,"column":25},"end":{"line":85,"column":14}},"type":"cond-expr","locations":[{"start":{"line":84,"column":10},"end":{"line":84,"column":87}},{"start":{"line":85,"column":10},"end":{"line":85,"column":14}}]},"9":{"loc":{"start":{"line":84,"column":38},"end":{"line":84,"column":67}},"type":"cond-expr","locations":[{"start":{"line":84,"column":54},"end":{"line":84,"column":61}},{"start":{"line":84,"column":64},"end":{"line":84,"column":67}}]},"10":{"loc":{"start":{"line":97,"column":10},"end":{"line":97,"column":75}},"type":"cond-expr","locations":[{"start":{"line":97,"column":23},"end":{"line":97,"column":70}},{"start":{"line":97,"column":73},"end":{"line":97,"column":75}}]},"11":{"loc":{"start":{"line":142,"column":21},"end":{"line":142,"column":47}},"type":"binary-expr","locations":[{"start":{"line":142,"column":21},"end":{"line":142,"column":41}},{"start":{"line":142,"column":45},"end":{"line":142,"column":47}}]},"12":{"loc":{"start":{"line":143,"column":24},"end":{"line":143,"column":51}},"type":"binary-expr","locations":[{"start":{"line":143,"column":24},"end":{"line":143,"column":45}},{"start":{"line":143,"column":49},"end":{"line":143,"column":51}}]},"13":{"loc":{"start":{"line":144,"column":25},"end":{"line":144,"column":52}},"type":"binary-expr","locations":[{"start":{"line":144,"column":25},"end":{"line":144,"column":46}},{"start":{"line":144,"column":50},"end":{"line":144,"column":52}}]},"14":{"loc":{"start":{"line":151,"column":10},"end":{"line":151,"column":29}},"type":"binary-expr","locations":[{"start":{"line":151,"column":10},"end":{"line":151,"column":22}},{"start":{"line":151,"column":26},"end":{"line":151,"column":29}}]},"15":{"loc":{"start":{"line":12,"column":39},"end":{"line":12,"column":55}},"type":"cond-expr","locations":[{"start":{"line":12,"column":52},"end":{"line":12,"column":55}},{"start":{"line":12,"column":52},"end":{"line":12,"column":55}}]},"16":{"loc":{"start":{"line":12,"column":39},"end":{"line":12,"column":52}},"type":"binary-expr","locations":[{"start":{"line":12,"column":39},"end":{"line":12,"column":55}},{"start":{"line":12,"column":39},"end":{"line":12,"column":52}}]}},"s":{"0":0,"1":0,"2":0,"3":0,"4":0,"5":0,"6":0,"7":0,"8":0,"9":0,"10":0,"11":0,"12":0,"13":0,"14":0,"15":0,"16":0,"17":0,"18":0,"19":0,"20":0,"21":0,"22":0,"23":0,"24":0,"25":0,"26":0,"27":0,"28":0,"29":0,"30":0,"31":0,"32":0,"33":0,"34":0,"35":0,"36":0,"37":0,"38":0,"39":0,"40":0,"41":0,"42":0,"43":0,"44":0,"45":0,"46":0},"f":{"0":0,"1":0,"2":0,"3":0,"4":0,"5":0,"6":0},"b":{"0":[0,0],"1":[0,0],"2":[0,0,0],"3":[0,0],"4":[0,0],"5":[0,0],"6":[0,0],"7":[0,0],"8":[0,0],"9":[0,0],"10":[0,0],"11":[0,0],"12":[0,0],"13":[0,0],"14":[0,0],"15":[0,0],"16":[0,0]}}
,"C:\\Users\\gdmp9\\Desktop\\JAC App\\apps\\backend\\src\\prisma\\prisma.module.ts": {"path":"C:\\Users\\gdmp9\\Desktop\\JAC App\\apps\\backend\\src\\prisma\\prisma.module.ts","statementMap":{"0":{"start":{"line":1,"column":0},"end":{"line":1,"column":48}},"1":{"start":{"line":2,"column":0},"end":{"line":2,"column":49}},"2":{"start":{"line":9,"column":7},"end":{"line":9,"column":null}},"3":{"start":{"line":9,"column":13},"end":{"line":9,"column":25}},"4":{"start":{"line":9,"column":13},"end":{"line":9,"column":null}}},"fnMap":{},"branchMap":{},"s":{"0":0,"1":0,"2":0,"3":0,"4":0},"f":{},"b":{}}
,"C:\\Users\\gdmp9\\Desktop\\JAC App\\apps\\backend\\src\\prisma\\prisma.service.ts": {"path":"C:\\Users\\gdmp9\\Desktop\\JAC App\\apps\\backend\\src\\prisma\\prisma.service.ts","statementMap":{"0":{"start":{"line":1,"column":0},"end":{"line":1,"column":75}},"1":{"start":{"line":2,"column":0},"end":{"line":2,"column":46}},"2":{"start":{"line":5,"column":17},"end":{"line":5,"column":33}},"3":{"start":{"line":8,"column":7},"end":{"line":17,"column":null}},"4":{"start":{"line":10,"column":4},"end":{"line":10,"column":26}},"5":{"start":{"line":11,"column":4},"end":{"line":11,"column":64}},"6":{"start":{"line":15,"column":4},"end":{"line":15,"column":29}},"7":{"start":{"line":8,"column":13},"end":{"line":8,"column":26}},"8":{"start":{"line":8,"column":13},"end":{"line":17,"column":null}}},"fnMap":{"0":{"name":"(anonymous_1)","decl":{"start":{"line":9,"column":2},"end":{"line":9,"column":7}},"loc":{"start":{"line":9,"column":20},"end":{"line":12,"column":3}}},"1":{"name":"(anonymous_2)","decl":{"start":{"line":14,"column":2},"end":{"line":14,"column":7}},"loc":{"start":{"line":14,"column":23},"end":{"line":16,"column":3}}}},"branchMap":{},"s":{"0":0,"1":0,"2":0,"3":0,"4":0,"5":0,"6":0,"7":0,"8":0},"f":{"0":0,"1":0},"b":{}}
}
