TN:
SF:src\app.controller.ts
FN:6,(anonymous_2)
FN:9,(anonymous_3)
FNF:2
FNH:2
FNDA:1,(anonymous_2)
FNDA:1,(anonymous_3)
DA:1,1
DA:2,1
DA:5,1
DA:6,1
DA:9,1
DA:10,1
LF:6
LH:6
BRDA:6,0,0,1
BRDA:6,0,1,0
BRDA:6,1,0,1
BRDA:6,1,1,1
BRF:4
BRH:3
end_of_record
TN:
SF:src\app.module.ts
FNF:0
FNH:0
DA:1,0
DA:2,0
DA:3,0
DA:4,0
DA:5,0
DA:6,0
DA:7,0
DA:8,0
DA:9,0
DA:10,0
DA:11,0
DA:12,0
DA:13,0
DA:14,0
DA:15,0
DA:16,0
DA:17,0
DA:18,0
DA:19,0
DA:20,0
DA:21,0
DA:22,0
DA:23,0
DA:24,0
DA:25,0
DA:26,0
DA:27,0
DA:28,0
DA:29,0
DA:30,0
DA:31,0
DA:32,0
DA:33,0
DA:84,0
LF:34
LH:0
BRF:0
BRH:0
end_of_record
TN:
SF:src\app.service.ts
FN:5,(anonymous_1)
FNF:1
FNH:1
FNDA:1,(anonymous_1)
DA:1,1
DA:4,1
DA:6,1
LF:3
LH:3
BRF:0
BRH:0
end_of_record
TN:
SF:src\main.ts
FN:14,(anonymous_1)
FN:29,(anonymous_2)
FN:30,(anonymous_3)
FN:31,(anonymous_4)
FN:32,(anonymous_5)
FN:33,(anonymous_6)
FN:34,(anonymous_7)
FN:44,validateEnv
FN:45,(anonymous_9)
FN:54,bootstrap
FNF:10
FNH:0
FNDA:0,(anonymous_1)
FNDA:0,(anonymous_2)
FNDA:0,(anonymous_3)
FNDA:0,(anonymous_4)
FNDA:0,(anonymous_5)
FNDA:0,(anonymous_6)
FNDA:0,(anonymous_7)
FNDA:0,validateEnv
FNDA:0,(anonymous_9)
FNDA:0,bootstrap
DA:1,0
DA:2,0
DA:3,0
DA:4,0
DA:5,0
DA:15,0
DA:22,0
DA:23,0
DA:25,0
DA:29,0
DA:30,0
DA:31,0
DA:32,0
DA:33,0
DA:34,0
DA:37,0
DA:45,0
DA:46,0
DA:47,0
DA:49,0
DA:50,0
DA:55,0
DA:57,0
DA:58,0
DA:61,0
DA:64,0
DA:66,0
DA:67,0
DA:74,0
DA:81,0
DA:82,0
DA:83,0
DA:89,0
DA:90,0
DA:91,0
DA:94,0
DA:95,0
DA:96,0
DA:98,0
LF:39
LH:0
BRDA:19,0,0,0
BRDA:19,0,1,0
BRDA:20,1,0,0
BRDA:20,1,1,0
BRDA:22,2,0,0
BRDA:22,2,1,0
BRDA:22,3,0,0
BRDA:22,3,1,0
BRDA:46,4,0,0
BRDA:46,4,1,0
BRDA:59,5,0,0
BRDA:59,5,1,0
BRDA:61,6,0,0
BRDA:61,6,1,0
BRDA:75,7,0,0
BRDA:75,7,1,0
BRDA:81,8,0,0
BRDA:81,8,1,0
BRDA:82,9,0,0
BRDA:82,9,1,0
BRDA:94,10,0,0
BRDA:94,10,1,0
BRF:22
BRH:0
end_of_record
TN:
SF:src\application\auditorias\auditorias.controller.ts
FN:18,(anonymous_4)
FN:21,(anonymous_5)
FNF:2
FNH:0
FNDA:0,(anonymous_4)
FNDA:0,(anonymous_5)
DA:1,0
DA:2,0
DA:3,0
DA:4,0
DA:5,0
DA:6,0
DA:8,0
DA:17,0
DA:18,0
DA:21,0
DA:30,0
DA:31,0
DA:37,0
DA:38,0
DA:39,0
DA:40,0
DA:41,0
LF:17
LH:0
BRDA:32,0,0,0
BRDA:32,0,1,0
BRDA:33,1,0,0
BRDA:33,1,1,0
BRDA:34,2,0,0
BRDA:34,2,1,0
BRDA:35,3,0,0
BRDA:35,3,1,0
BRDA:38,4,0,0
BRDA:38,4,1,0
BRDA:38,5,0,0
BRDA:38,5,1,0
BRDA:39,6,0,0
BRDA:39,6,1,0
BRDA:39,7,0,0
BRDA:39,7,1,0
BRDA:18,8,0,0
BRDA:18,8,1,0
BRDA:18,9,0,0
BRDA:18,9,1,0
BRF:20
BRH:0
end_of_record
TN:
SF:src\application\auditorias\auditorias.module.ts
FNF:0
FNH:0
DA:1,0
DA:2,0
DA:3,0
DA:4,0
DA:11,0
LF:5
LH:0
BRF:0
BRH:0
end_of_record
TN:
SF:src\application\auditorias\auditorias.service.ts
FN:16,(anonymous_2)
FN:18,(anonymous_3)
FN:64,(anonymous_4)
FNF:3
FNH:0
FNDA:0,(anonymous_2)
FNDA:0,(anonymous_3)
FNDA:0,(anonymous_4)
DA:1,0
DA:2,0
DA:15,0
DA:16,0
DA:29,0
DA:30,0
DA:31,0
DA:32,0
DA:34,0
DA:35,0
DA:36,0
DA:37,0
DA:38,0
DA:46,0
DA:48,0
DA:63,0
DA:64,0
LF:17
LH:0
BRDA:29,0,0,0
BRDA:29,0,1,0
BRDA:30,1,0,0
BRDA:30,1,1,0
BRDA:31,2,0,0
BRDA:31,2,1,0
BRDA:32,3,0,0
BRDA:32,3,1,0
BRDA:35,4,0,0
BRDA:35,4,1,0
BRDA:36,5,0,0
BRDA:36,5,1,0
BRDA:36,6,0,0
BRDA:36,6,1,0
BRDA:69,7,0,0
BRDA:69,7,1,0
BRDA:16,8,0,0
BRDA:16,8,1,0
BRDA:16,9,0,0
BRDA:16,9,1,0
BRF:20
BRH:0
end_of_record
TN:
SF:src\application\avisos-junta\avisos-junta.controller.ts
FN:33,(anonymous_4)
FN:36,(anonymous_5)
FN:44,(anonymous_6)
FN:57,(anonymous_7)
FN:68,(anonymous_8)
FN:80,(anonymous_9)
FNF:6
FNH:0
FNDA:0,(anonymous_4)
FNDA:0,(anonymous_5)
FNDA:0,(anonymous_6)
FNDA:0,(anonymous_7)
FNDA:0,(anonymous_8)
FNDA:0,(anonymous_9)
DA:1,0
DA:13,0
DA:14,0
DA:15,0
DA:16,0
DA:17,0
DA:18,0
DA:20,0
DA:21,0
DA:22,0
DA:32,0
DA:33,0
DA:36,0
DA:37,0
DA:38,0
DA:44,0
DA:48,0
DA:50,0
DA:51,0
DA:57,0
DA:61,0
DA:62,0
DA:68,0
DA:73,0
DA:74,0
DA:80,0
DA:81,0
DA:82,0
LF:28
LH:0
BRDA:38,0,0,0
BRDA:38,0,1,0
BRDA:50,1,0,0
BRDA:50,1,1,0
BRDA:50,2,0,0
BRDA:50,2,1,0
BRDA:59,3,0,0
BRDA:59,3,1,0
BRDA:59,4,0,0
BRDA:59,4,1,0
BRDA:71,5,0,0
BRDA:71,5,1,0
BRDA:71,6,0,0
BRDA:71,6,1,0
BRDA:33,7,0,0
BRDA:33,7,1,0
BRDA:33,8,0,0
BRDA:33,8,1,0
BRF:18
BRH:0
end_of_record
TN:
SF:src\application\avisos-junta\avisos-junta.module.ts
FNF:0
FNH:0
DA:1,0
DA:2,0
DA:3,0
DA:4,0
DA:5,0
DA:6,0
DA:18,0
LF:7
LH:0
BRF:0
BRH:0
end_of_record
TN:
SF:src\application\avisos-junta\avisos-junta.service.ts
FN:14,(anonymous_2)
FN:20,(anonymous_3)
FN:37,(anonymous_4)
FN:56,(anonymous_5)
FN:85,(anonymous_6)
FN:123,(anonymous_7)
FNF:6
FNH:0
FNDA:0,(anonymous_2)
FNDA:0,(anonymous_3)
FNDA:0,(anonymous_4)
FNDA:0,(anonymous_5)
FNDA:0,(anonymous_6)
FNDA:0,(anonymous_7)
DA:1,0
DA:2,0
DA:3,0
DA:13,0
DA:15,0
DA:16,0
DA:21,0
DA:22,0
DA:33,0
DA:38,0
DA:39,0
DA:40,0
DA:52,0
DA:57,0
DA:73,0
DA:81,0
DA:91,0
DA:94,0
DA:95,0
DA:111,0
DA:119,0
DA:124,0
DA:127,0
DA:128,0
DA:129,0
DA:137,0
LF:26
LH:0
BRDA:21,0,0,0
BRDA:21,0,1,0
BRDA:39,1,0,0
BRDA:39,1,1,0
BRDA:94,2,0,0
BRDA:94,2,1,0
BRDA:98,3,0,0
BRDA:98,3,1,0
BRDA:99,4,0,0
BRDA:99,4,1,0
BRDA:100,5,0,0
BRDA:100,5,1,0
BRDA:127,6,0,0
BRDA:127,6,1,0
BRDA:15,7,0,0
BRDA:15,7,1,0
BRDA:15,8,0,0
BRDA:15,8,1,0
BRDA:15,9,0,0
BRDA:15,9,1,0
BRDA:15,10,0,0
BRDA:15,10,1,0
BRF:22
BRH:0
end_of_record
TN:
SF:src\application\avisos-junta\dto\actualizar-aviso-junta.dto.ts
FNF:0
FNH:0
DA:1,0
DA:6,0
DA:11,0
DA:16,0
DA:20,0
LF:5
LH:0
BRF:0
BRH:0
end_of_record
TN:
SF:src\application\avisos-junta\dto\crear-aviso-junta.dto.ts
FNF:0
FNH:0
DA:1,0
DA:7,0
DA:11,0
DA:15,0
LF:4
LH:0
BRF:0
BRH:0
end_of_record
TN:
SF:src\application\bootstrap\bootstrap.controller.ts
FN:17,(anonymous_4)
FN:22,(anonymous_5)
FNF:2
FNH:0
FNDA:0,(anonymous_4)
FNDA:0,(anonymous_5)
DA:1,0
DA:11,0
DA:12,0
DA:13,0
DA:16,0
DA:17,0
DA:22,0
DA:26,0
DA:27,0
DA:28,0
DA:31,0
DA:32,0
DA:33,0
DA:36,0
DA:37,0
DA:40,0
DA:47,0
DA:50,0
DA:59,0
DA:64,0
DA:66,0
LF:21
LH:0
BRDA:27,0,0,0
BRDA:27,0,1,0
BRDA:27,1,0,0
BRDA:27,1,1,0
BRDA:32,2,0,0
BRDA:32,2,1,0
BRDA:36,3,0,0
BRDA:36,3,1,0
BRDA:36,4,0,0
BRDA:36,4,1,0
BRDA:40,5,0,0
BRDA:40,5,1,0
BRDA:41,6,0,0
BRDA:41,6,1,0
BRDA:41,6,2,0
BRDA:41,6,3,0
BRDA:41,6,4,0
BRDA:50,7,0,0
BRDA:50,7,1,0
BRDA:51,8,0,0
BRDA:51,8,1,0
BRDA:51,8,2,0
BRDA:51,8,3,0
BRDA:51,8,4,0
BRDA:51,8,5,0
BRDA:51,8,6,0
BRDA:23,9,0,0
BRDA:23,9,1,0
BRDA:23,10,0,0
BRDA:23,10,1,0
BRDA:17,11,0,0
BRDA:17,11,1,0
BRDA:17,12,0,0
BRDA:17,12,1,0
BRF:34
BRH:0
end_of_record
TN:
SF:src\application\bootstrap\bootstrap.module.ts
FNF:0
FNH:0
DA:1,0
DA:2,0
DA:3,0
DA:4,0
DA:11,0
LF:5
LH:0
BRF:0
BRH:0
end_of_record
TN:
SF:src\application\bootstrap\bootstrap.service.ts
FN:56,generarPasswordTemporal
FN:60,(anonymous_12)
FN:71,(anonymous_13)
FN:76,(anonymous_14)
FN:81,(anonymous_15)
FNF:5
FNH:0
FNDA:0,generarPasswordTemporal
FNDA:0,(anonymous_12)
FNDA:0,(anonymous_13)
FNDA:0,(anonymous_14)
FNDA:0,(anonymous_15)
DA:1,0
DA:2,0
DA:3,0
DA:4,0
DA:5,0
DA:6,0
DA:7,0
DA:57,0
DA:58,0
DA:59,0
DA:60,0
DA:70,0
DA:72,0
DA:73,0
DA:77,0
DA:78,0
DA:82,0
DA:83,0
DA:84,0
DA:87,0
DA:91,0
DA:92,0
DA:94,0
DA:106,0
DA:113,0
DA:125,0
LF:26
LH:0
BRDA:83,0,0,0
BRDA:83,0,1,0
BRDA:72,1,0,0
BRDA:72,1,1,0
BRDA:72,2,0,0
BRDA:72,2,1,0
BRDA:72,3,0,0
BRDA:72,3,1,0
BRDA:72,4,0,0
BRDA:72,4,1,0
BRF:10
BRH:0
end_of_record
TN:
SF:src\application\bootstrap\dto\bootstrap-body.dto.ts
FN:73,(anonymous_2)
FN:79,(anonymous_3)
FN:83,(anonymous_4)
FNF:3
FNH:0
FNDA:0,(anonymous_2)
FNDA:0,(anonymous_3)
FNDA:0,(anonymous_4)
DA:1,0
DA:9,0
DA:11,0
DA:13,0
DA:16,0
DA:19,0
DA:22,0
DA:25,0
DA:28,0
DA:30,0
DA:33,0
DA:36,0
DA:39,0
DA:43,0
DA:47,0
DA:50,0
DA:52,0
DA:56,0
DA:62,0
DA:66,0
DA:70,0
DA:73,0
DA:74,0
DA:77,0
DA:79,0
DA:80,0
DA:83,0
DA:84,0
LF:28
LH:0
BRF:0
BRH:0
end_of_record
TN:
SF:src\application\cartas\cartas.controller.ts
FN:40,(anonymous_4)
FN:56,(anonymous_5)
FN:90,(anonymous_6)
FN:121,(anonymous_7)
FN:215,(anonymous_8)
FN:235,(anonymous_9)
FN:257,(anonymous_10)
FN:276,(anonymous_11)
FN:310,(anonymous_12)
FNF:9
FNH:0
FNDA:0,(anonymous_4)
FNDA:0,(anonymous_5)
FNDA:0,(anonymous_6)
FNDA:0,(anonymous_7)
FNDA:0,(anonymous_8)
FNDA:0,(anonymous_9)
FNDA:0,(anonymous_10)
FNDA:0,(anonymous_11)
FNDA:0,(anonymous_12)
DA:5,0
DA:17,0
DA:18,0
DA:19,0
DA:20,0
DA:21,0
DA:22,0
DA:25,0
DA:26,0
DA:27,0
DA:28,0
DA:29,0
DA:30,0
DA:31,0
DA:32,0
DA:33,0
DA:34,0
DA:39,0
DA:41,0
DA:42,0
DA:43,0
DA:44,0
DA:45,0
DA:46,0
DA:56,0
DA:61,0
DA:62,0
DA:64,0
DA:65,0
DA:66,0
DA:68,0
DA:69,0
DA:72,0
DA:73,0
DA:74,0
DA:76,0
DA:77,0
DA:80,0
DA:90,0
DA:94,0
DA:95,0
DA:98,0
DA:99,0
DA:101,0
DA:102,0
DA:105,0
DA:106,0
DA:121,0
DA:125,0
DA:126,0
DA:128,0
DA:129,0
DA:132,0
DA:145,0
DA:146,0
DA:149,0
DA:163,0
DA:168,0
DA:169,0
DA:170,0
DA:172,0
DA:201,0
DA:204,0
DA:205,0
DA:215,0
DA:219,0
DA:220,0
DA:222,0
DA:224,0
DA:225,0
DA:235,0
DA:240,0
DA:241,0
DA:247,0
DA:257,0
DA:261,0
DA:262,0
DA:264,0
DA:270,0
DA:287,0
DA:291,0
DA:293,0
DA:307,0
DA:323,0
DA:326,0
LF:85
LH:0
BRDA:64,0,0,0
BRDA:64,0,1,0
BRDA:65,1,0,0
BRDA:65,1,1,0
BRDA:65,2,0,0
BRDA:65,2,1,0
BRDA:72,3,0,0
BRDA:72,3,1,0
BRDA:73,4,0,0
BRDA:73,4,1,0
BRDA:94,5,0,0
BRDA:94,5,1,0
BRDA:101,6,0,0
BRDA:101,6,1,0
BRDA:101,7,0,0
BRDA:101,7,1,0
BRDA:128,8,0,0
BRDA:128,8,1,0
BRDA:145,9,0,0
BRDA:145,9,1,0
BRDA:168,10,0,0
BRDA:168,10,1,0
BRDA:179,11,0,0
BRDA:179,11,1,0
BRDA:180,12,0,0
BRDA:180,12,1,0
BRDA:181,13,0,0
BRDA:181,13,1,0
BRDA:182,14,0,0
BRDA:182,14,1,0
BRDA:183,15,0,0
BRDA:183,15,1,0
BRDA:185,16,0,0
BRDA:185,16,1,0
BRDA:186,17,0,0
BRDA:186,17,1,0
BRDA:187,18,0,0
BRDA:187,18,1,0
BRDA:188,19,0,0
BRDA:188,19,1,0
BRDA:189,20,0,0
BRDA:189,20,1,0
BRDA:190,21,0,0
BRDA:190,21,1,0
BRDA:191,22,0,0
BRDA:191,22,1,0
BRDA:192,23,0,0
BRDA:192,23,1,0
BRDA:195,24,0,0
BRDA:195,24,1,0
BRDA:222,25,0,0
BRDA:222,25,1,0
BRDA:244,26,0,0
BRDA:244,26,1,0
BRDA:291,27,0,0
BRDA:291,27,1,0
BRDA:323,28,0,0
BRDA:323,28,1,0
BRDA:331,29,0,0
BRDA:331,29,1,0
BRDA:332,30,0,0
BRDA:332,30,1,0
BRDA:124,31,0,0
BRDA:124,31,1,0
BRDA:124,32,0,0
BRDA:124,32,1,0
BRDA:237,33,0,0
BRDA:237,33,1,0
BRDA:237,34,0,0
BRDA:237,34,1,0
BRDA:41,35,0,0
BRDA:41,35,1,0
BRDA:41,36,0,0
BRDA:41,36,1,0
BRDA:41,37,0,0
BRDA:41,37,1,0
BRDA:41,38,0,0
BRDA:41,38,1,0
BRDA:42,39,0,0
BRDA:42,39,1,0
BRDA:42,40,0,0
BRDA:42,40,1,0
BRDA:43,41,0,0
BRDA:43,41,1,0
BRDA:43,42,0,0
BRDA:43,42,1,0
BRDA:44,43,0,0
BRDA:44,43,1,0
BRDA:44,44,0,0
BRDA:44,44,1,0
BRDA:45,45,0,0
BRDA:45,45,1,0
BRDA:45,46,0,0
BRDA:45,46,1,0
BRF:94
BRH:0
end_of_record
TN:
SF:src\application\cartas\cartas.module.ts
FNF:0
FNH:0
DA:1,0
DA:2,0
DA:3,0
DA:4,0
DA:5,0
DA:6,0
DA:7,0
DA:8,0
DA:9,0
DA:17,0
LF:10
LH:0
BRF:0
BRH:0
end_of_record
TN:
SF:src\application\cartas\cartas.service.ts
FN:37,(anonymous_2)
FN:45,(anonymous_3)
FN:85,(anonymous_4)
FN:110,(anonymous_5)
FN:126,(anonymous_6)
FN:199,(anonymous_7)
FN:235,(anonymous_8)
FN:255,(anonymous_9)
FN:301,(anonymous_10)
FNF:9
FNH:0
FNDA:0,(anonymous_2)
FNDA:0,(anonymous_3)
FNDA:0,(anonymous_4)
FNDA:0,(anonymous_5)
FNDA:0,(anonymous_6)
FNDA:0,(anonymous_7)
FNDA:0,(anonymous_8)
FNDA:0,(anonymous_9)
FNDA:0,(anonymous_10)
DA:7,0
DA:8,0
DA:9,0
DA:10,0
DA:11,0
DA:12,0
DA:13,0
DA:14,0
DA:15,0
DA:36,0
DA:38,0
DA:39,0
DA:40,0
DA:41,0
DA:42,0
DA:59,0
DA:62,0
DA:63,0
DA:66,0
DA:82,0
DA:96,0
DA:110,0
DA:131,0
DA:134,0
DA:135,0
DA:137,0
DA:138,0
DA:141,0
DA:144,0
DA:145,0
DA:148,0
DA:149,0
DA:150,0
DA:158,0
DA:159,0
DA:162,0
DA:163,0
DA:165,0
DA:166,0
DA:178,0
DA:182,0
DA:188,0
DA:200,0
DA:201,0
DA:202,0
DA:207,0
DA:210,0
DA:211,0
DA:216,0
DA:222,0
DA:223,0
DA:224,0
DA:225,0
DA:226,0
DA:227,0
DA:236,0
DA:243,0
DA:244,0
DA:248,0
DA:261,0
DA:264,0
DA:265,0
DA:267,0
DA:268,0
DA:271,0
DA:279,0
DA:290,0
DA:306,0
DA:315,0
DA:316,0
DA:318,0
DA:319,0
DA:321,0
LF:73
LH:0
BRDA:62,0,0,0
BRDA:62,0,1,0
BRDA:134,1,0,0
BRDA:134,1,1,0
BRDA:137,2,0,0
BRDA:137,2,1,0
BRDA:144,3,0,0
BRDA:144,3,1,0
BRDA:158,4,0,0
BRDA:158,4,1,0
BRDA:178,5,0,0
BRDA:178,5,1,0
BRDA:201,6,0,0
BRDA:201,6,1,0
BRDA:210,7,0,0
BRDA:210,7,1,0
BRDA:224,8,0,0
BRDA:224,8,1,0
BRDA:225,9,0,0
BRDA:225,9,1,0
BRDA:226,10,0,0
BRDA:226,10,1,0
BRDA:226,11,0,0
BRDA:226,11,1,0
BRDA:243,12,0,0
BRDA:243,12,1,0
BRDA:264,13,0,0
BRDA:264,13,1,0
BRDA:267,14,0,0
BRDA:267,14,1,0
BRDA:275,15,0,0
BRDA:275,15,1,0
BRDA:285,16,0,0
BRDA:285,16,1,0
BRDA:311,17,0,0
BRDA:311,17,1,0
BRDA:315,18,0,0
BRDA:315,18,1,0
BRDA:315,19,0,0
BRDA:315,19,1,0
BRDA:318,20,0,0
BRDA:318,20,1,0
BRDA:38,21,0,0
BRDA:38,21,1,0
BRDA:38,22,0,0
BRDA:38,22,1,0
BRDA:38,23,0,0
BRDA:38,23,1,0
BRDA:38,24,0,0
BRDA:38,24,1,0
BRDA:39,25,0,0
BRDA:39,25,1,0
BRDA:39,26,0,0
BRDA:39,26,1,0
BRDA:40,27,0,0
BRDA:40,27,1,0
BRDA:40,28,0,0
BRDA:40,28,1,0
BRDA:41,29,0,0
BRDA:41,29,1,0
BRDA:41,30,0,0
BRDA:41,30,1,0
BRF:62
BRH:0
end_of_record
TN:
SF:src\application\cartas\dto\rechazar-carta.dto.ts
FNF:0
FNH:0
DA:1,0
DA:3,0
DA:7,0
LF:3
LH:0
BRF:0
BRH:0
end_of_record
TN:
SF:src\application\deuda\deuda.controller.ts
FN:29,(anonymous_4)
FN:37,(anonymous_5)
FNF:2
FNH:0
FNDA:0,(anonymous_4)
FNDA:0,(anonymous_5)
DA:1,0
DA:10,0
DA:11,0
DA:12,0
DA:13,0
DA:14,0
DA:15,0
DA:17,0
DA:28,0
DA:30,0
DA:31,0
DA:37,0
DA:42,0
DA:43,0
DA:45,0
DA:46,0
DA:49,0
DA:54,0
DA:58,0
DA:59,0
DA:62,0
LF:21
LH:0
BRDA:45,0,0,0
BRDA:45,0,1,0
BRDA:45,1,0,0
BRDA:45,1,1,0
BRDA:58,2,0,0
BRDA:58,2,1,0
BRDA:58,3,0,0
BRDA:58,3,1,0
BRDA:30,4,0,0
BRDA:30,4,1,0
BRDA:30,5,0,0
BRDA:30,5,1,0
BRDA:30,6,0,0
BRDA:30,6,1,0
BRDA:30,7,0,0
BRDA:30,7,1,0
BRF:16
BRH:0
end_of_record
TN:
SF:src\application\deuda\deuda.module.ts
FNF:0
FNH:0
DA:1,0
DA:2,0
DA:3,0
DA:4,0
DA:10,0
LF:5
LH:0
BRF:0
BRH:0
end_of_record
TN:
SF:src\application\documentos\documentos-usuario.controller.ts
FN:25,(anonymous_4)
FN:38,(anonymous_5)
FNF:2
FNH:0
FNDA:0,(anonymous_4)
FNDA:0,(anonymous_5)
DA:5,0
DA:13,0
DA:14,0
DA:15,0
DA:16,0
DA:17,0
DA:19,0
DA:20,0
DA:24,0
DA:26,0
DA:27,0
DA:38,0
DA:42,0
DA:43,0
DA:45,0
DA:46,0
DA:49,0
DA:50,0
DA:55,0
LF:19
LH:0
BRDA:45,0,0,0
BRDA:45,0,1,0
BRDA:45,1,0,0
BRDA:45,1,1,0
BRDA:49,2,0,0
BRDA:49,2,1,0
BRDA:26,3,0,0
BRDA:26,3,1,0
BRDA:26,4,0,0
BRDA:26,4,1,0
BRDA:26,5,0,0
BRDA:26,5,1,0
BRDA:26,6,0,0
BRDA:26,6,1,0
BRF:14
BRH:0
end_of_record
TN:
SF:src\application\documentos\documentos.controller.ts
FN:35,(anonymous_4)
FN:53,(anonymous_5)
FN:93,(anonymous_6)
FNF:3
FNH:0
FNDA:0,(anonymous_4)
FNDA:0,(anonymous_5)
FNDA:0,(anonymous_6)
DA:5,0
DA:18,0
DA:19,0
DA:20,0
DA:21,0
DA:22,0
DA:23,0
DA:25,0
DA:26,0
DA:28,0
DA:30,0
DA:34,0
DA:36,0
DA:37,0
DA:53,0
DA:59,0
DA:60,0
DA:62,0
DA:63,0
DA:66,0
DA:67,0
DA:69,0
DA:70,0
DA:73,0
DA:81,0
DA:93,0
DA:97,0
DA:98,0
DA:100,0
DA:101,0
DA:102,0
LF:31
LH:0
BRDA:59,0,0,0
BRDA:59,0,1,0
BRDA:59,1,0,0
BRDA:59,1,1,0
BRDA:62,2,0,0
BRDA:62,2,1,0
BRDA:69,3,0,0
BRDA:69,3,1,0
BRDA:69,4,0,0
BRDA:69,4,1,0
BRDA:100,5,0,0
BRDA:100,5,1,0
BRDA:36,6,0,0
BRDA:36,6,1,0
BRDA:36,7,0,0
BRDA:36,7,1,0
BRDA:36,8,0,0
BRDA:36,8,1,0
BRDA:36,9,0,0
BRDA:36,9,1,0
BRF:20
BRH:0
end_of_record
TN:
SF:src\application\documentos\documentos.module.ts
FNF:0
FNH:0
DA:1,0
DA:2,0
DA:3,0
DA:4,0
DA:5,0
DA:6,0
DA:7,0
DA:8,0
DA:16,0
LF:9
LH:0
BRF:0
BRH:0
end_of_record
TN:
SF:src\application\documentos\documentos.service.ts
FN:30,(anonymous_2)
FN:36,(anonymous_3)
FN:105,(anonymous_4)
FN:110,(anonymous_5)
FN:134,(anonymous_6)
FNF:5
FNH:0
FNDA:0,(anonymous_2)
FNDA:0,(anonymous_3)
FNDA:0,(anonymous_4)
FNDA:0,(anonymous_5)
FNDA:0,(anonymous_6)
DA:5,0
DA:6,0
DA:7,0
DA:8,0
DA:10,0
DA:11,0
DA:18,0
DA:29,0
DA:31,0
DA:32,0
DA:33,0
DA:42,0
DA:43,0
DA:46,0
DA:47,0
DA:50,0
DA:53,0
DA:54,0
DA:57,0
DA:59,0
DA:60,0
DA:62,0
DA:64,0
DA:66,0
DA:72,0
DA:82,0
DA:97,0
DA:106,0
DA:107,0
DA:115,0
DA:131,0
DA:139,0
DA:148,0
DA:149,0
DA:151,0
LF:35
LH:0
BRDA:42,0,0,0
BRDA:42,0,1,0
BRDA:46,1,0,0
BRDA:46,1,1,0
BRDA:53,2,0,0
BRDA:53,2,1,0
BRDA:59,3,0,0
BRDA:59,3,1,0
BRDA:59,3,2,0
BRDA:77,4,0,0
BRDA:77,4,1,0
BRDA:107,5,0,0
BRDA:107,5,1,0
BRDA:120,6,0,0
BRDA:120,6,1,0
BRDA:144,7,0,0
BRDA:144,7,1,0
BRDA:148,8,0,0
BRDA:148,8,1,0
BRDA:31,9,0,0
BRDA:31,9,1,0
BRDA:31,10,0,0
BRDA:31,10,1,0
BRDA:31,11,0,0
BRDA:31,11,1,0
BRDA:31,12,0,0
BRDA:31,12,1,0
BRDA:32,13,0,0
BRDA:32,13,1,0
BRDA:32,14,0,0
BRDA:32,14,1,0
BRF:31
BRH:0
end_of_record
TN:
SF:src\application\estado-general\estado-general.controller.ts
FN:25,(anonymous_4)
FN:39,(anonymous_5)
FNF:2
FNH:0
FNDA:0,(anonymous_4)
FNDA:0,(anonymous_5)
DA:5,0
DA:13,0
DA:14,0
DA:15,0
DA:16,0
DA:17,0
DA:19,0
DA:20,0
DA:24,0
DA:26,0
DA:27,0
DA:39,0
DA:43,0
DA:44,0
DA:46,0
DA:47,0
DA:50,0
DA:54,0
LF:18
LH:0
BRDA:46,0,0,0
BRDA:46,0,1,0
BRDA:46,1,0,0
BRDA:46,1,1,0
BRDA:26,2,0,0
BRDA:26,2,1,0
BRDA:26,3,0,0
BRDA:26,3,1,0
BRDA:26,4,0,0
BRDA:26,4,1,0
BRDA:26,5,0,0
BRDA:26,5,1,0
BRF:12
BRH:0
end_of_record
TN:
SF:src\application\estado-general\estado-general.module.ts
FNF:0
FNH:0
DA:1,0
DA:2,0
DA:3,0
DA:4,0
DA:5,0
DA:6,0
DA:7,0
DA:8,0
DA:9,0
DA:23,0
LF:10
LH:0
BRF:0
BRH:0
end_of_record
TN:
SF:src\application\estado-general\estado-general.service.ts
FN:36,(anonymous_4)
FN:42,(anonymous_5)
FN:74,(anonymous_6)
FNF:3
FNH:0
FNDA:0,(anonymous_4)
FNDA:0,(anonymous_5)
FNDA:0,(anonymous_6)
DA:12,0
DA:13,0
DA:14,0
DA:16,0
DA:18,0
DA:19,0
DA:35,0
DA:37,0
DA:38,0
DA:39,0
DA:47,0
DA:48,0
DA:49,0
DA:52,0
DA:53,0
DA:54,0
DA:58,0
DA:62,0
DA:65,0
DA:67,0
DA:68,0
DA:70,0
DA:72,0
DA:74,0
LF:24
LH:0
BRDA:48,0,0,0
BRDA:48,0,1,0
BRDA:70,1,0,0
BRDA:70,1,1,0
BRDA:79,2,0,0
BRDA:79,2,1,0
BRDA:37,3,0,0
BRDA:37,3,1,0
BRDA:37,4,0,0
BRDA:37,4,1,0
BRF:10
BRH:0
end_of_record
TN:
SF:src\application\historial-laboral\historial-laboral.controller.ts
FN:24,(anonymous_4)
FN:32,(anonymous_5)
FN:49,(anonymous_6)
FNF:3
FNH:0
FNDA:0,(anonymous_4)
FNDA:0,(anonymous_5)
FNDA:0,(anonymous_6)
DA:1,0
DA:11,0
DA:12,0
DA:13,0
DA:14,0
DA:15,0
DA:16,0
DA:17,0
DA:19,0
DA:23,0
DA:25,0
DA:26,0
DA:32,0
DA:36,0
DA:37,0
DA:39,0
DA:40,0
DA:43,0
DA:49,0
DA:54,0
DA:55,0
LF:21
LH:0
BRDA:39,0,0,0
BRDA:39,0,1,0
BRDA:39,1,0,0
BRDA:39,1,1,0
BRDA:51,2,0,0
BRDA:51,2,1,0
BRDA:51,3,0,0
BRDA:51,3,1,0
BRDA:25,4,0,0
BRDA:25,4,1,0
BRDA:25,5,0,0
BRDA:25,5,1,0
BRDA:25,6,0,0
BRDA:25,6,1,0
BRDA:25,7,0,0
BRDA:25,7,1,0
BRF:16
BRH:0
end_of_record
TN:
SF:src\application\historial-laboral\historial-laboral.module.ts
FNF:0
FNH:0
DA:1,0
DA:2,0
DA:3,0
DA:4,0
DA:5,0
DA:6,0
DA:14,0
LF:7
LH:0
BRF:0
BRH:0
end_of_record
TN:
SF:src\application\historial-laboral\historial-laboral.service.ts
FN:9,(anonymous_2)
FN:14,(anonymous_3)
FN:39,(anonymous_4)
FN:58,(anonymous_5)
FNF:4
FNH:0
FNDA:0,(anonymous_2)
FNDA:0,(anonymous_3)
FNDA:0,(anonymous_4)
FNDA:0,(anonymous_5)
DA:1,0
DA:2,0
DA:3,0
DA:4,0
DA:8,0
DA:10,0
DA:11,0
DA:15,0
DA:19,0
DA:20,0
DA:23,0
DA:36,0
DA:45,0
DA:49,0
DA:50,0
DA:53,0
DA:54,0
DA:55,0
DA:56,0
DA:58,0
DA:61,0
DA:66,0
DA:67,0
DA:68,0
DA:69,0
DA:70,0
DA:71,0
DA:77,0
DA:81,0
DA:82,0
DA:86,0
DA:90,0
DA:91,0
DA:97,0
DA:108,0
DA:122,0
LF:36
LH:0
BRDA:19,0,0,0
BRDA:19,0,1,0
BRDA:49,1,0,0
BRDA:49,1,1,0
BRDA:56,2,0,0
BRDA:56,2,1,0
BRDA:66,3,0,0
BRDA:66,3,1,0
BRDA:69,4,0,0
BRDA:69,4,1,0
BRDA:70,5,0,0
BRDA:70,5,1,0
BRDA:81,6,0,0
BRDA:81,6,1,0
BRDA:81,7,0,0
BRDA:81,7,1,0
BRDA:90,8,0,0
BRDA:90,8,1,0
BRDA:117,9,0,0
BRDA:117,9,1,0
BRDA:10,10,0,0
BRDA:10,10,1,0
BRDA:10,11,0,0
BRDA:10,11,1,0
BRDA:10,12,0,0
BRDA:10,12,1,0
BRDA:10,13,0,0
BRDA:10,13,1,0
BRF:28
BRH:0
end_of_record
TN:
SF:src\application\historial-laboral\dto\create-historial-laboral.dto.ts
FNF:0
FNH:0
DA:1,0
DA:3,0
DA:6,0
DA:9,0
DA:13,0
LF:5
LH:0
BRF:0
BRH:0
end_of_record
TN:
SF:src\application\junta\junta.module.ts
FNF:0
FNH:0
DA:1,0
DA:2,0
DA:3,0
DA:4,0
DA:11,0
LF:5
LH:0
BRF:0
BRH:0
end_of_record
TN:
SF:src\application\junta\junta.service.ts
FN:52,(anonymous_11)
FN:57,(anonymous_12)
FN:71,(anonymous_13)
FNF:3
FNH:0
FNDA:0,(anonymous_11)
FNDA:0,(anonymous_12)
FNDA:0,(anonymous_13)
DA:1,0
DA:2,0
DA:3,0
DA:4,0
DA:5,0
DA:6,0
DA:7,0
DA:22,0
DA:51,0
DA:53,0
DA:54,0
DA:58,0
DA:59,0
DA:61,0
DA:62,0
DA:63,0
DA:65,0
DA:66,0
DA:67,0
DA:69,0
DA:71,0
DA:72,0
DA:84,0
DA:88,0
DA:102,0
DA:110,0
DA:111,0
DA:112,0
DA:115,0
DA:117,0
DA:118,0
DA:119,0
DA:120,0
DA:121,0
DA:122,0
DA:127,0
DA:128,0
DA:138,0
DA:139,0
DA:140,0
DA:155,0
DA:158,0
DA:167,0
LF:43
LH:0
BRDA:58,0,0,0
BRDA:58,0,1,0
BRDA:62,1,0,0
BRDA:62,1,1,0
BRDA:62,2,0,0
BRDA:62,2,1,0
BRDA:66,3,0,0
BRDA:66,3,1,0
BRDA:77,4,0,0
BRDA:77,4,1,0
BRDA:78,5,0,0
BRDA:78,5,1,0
BRDA:95,6,0,0
BRDA:95,6,1,0
BRDA:96,7,0,0
BRDA:96,7,1,0
BRDA:111,8,0,0
BRDA:111,8,1,0
BRDA:115,9,0,0
BRDA:115,9,1,0
BRDA:117,10,0,0
BRDA:117,10,1,0
BRDA:119,11,0,0
BRDA:119,11,1,0
BRDA:119,11,2,0
BRDA:125,12,0,0
BRDA:125,12,1,0
BRDA:138,13,0,0
BRDA:138,13,1,0
BRDA:53,14,0,0
BRDA:53,14,1,0
BRDA:53,15,0,0
BRDA:53,15,1,0
BRDA:53,16,0,0
BRDA:53,16,1,0
BRDA:53,17,0,0
BRDA:53,17,1,0
BRF:37
BRH:0
end_of_record
TN:
SF:src\application\mi-junta\mi-junta.controller.ts
FN:45,(anonymous_4)
FN:48,(anonymous_5)
FN:54,(anonymous_6)
FN:60,(anonymous_7)
FN:69,(anonymous_8)
FN:91,(anonymous_9)
FN:114,(anonymous_10)
FN:125,(anonymous_11)
FN:136,(anonymous_12)
FN:143,(anonymous_13)
FN:160,(anonymous_14)
FN:172,(anonymous_15)
FN:184,(anonymous_16)
FNF:13
FNH:0
FNDA:0,(anonymous_4)
FNDA:0,(anonymous_5)
FNDA:0,(anonymous_6)
FNDA:0,(anonymous_7)
FNDA:0,(anonymous_8)
FNDA:0,(anonymous_9)
FNDA:0,(anonymous_10)
FNDA:0,(anonymous_11)
FNDA:0,(anonymous_12)
FNDA:0,(anonymous_13)
FNDA:0,(anonymous_14)
FNDA:0,(anonymous_15)
FNDA:0,(anonymous_16)
DA:1,0
DA:15,0
DA:16,0
DA:17,0
DA:18,0
DA:20,0
DA:21,0
DA:22,0
DA:23,0
DA:24,0
DA:25,0
DA:26,0
DA:27,0
DA:28,0
DA:29,0
DA:44,0
DA:45,0
DA:48,0
DA:49,0
DA:50,0
DA:54,0
DA:55,0
DA:56,0
DA:60,0
DA:61,0
DA:62,0
DA:69,0
DA:73,0
DA:74,0
DA:75,0
DA:76,0
DA:78,0
DA:91,0
DA:95,0
DA:96,0
DA:98,0
DA:99,0
DA:114,0
DA:118,0
DA:119,0
DA:125,0
DA:129,0
DA:130,0
DA:136,0
DA:137,0
DA:143,0
DA:147,0
DA:148,0
DA:160,0
DA:164,0
DA:165,0
DA:172,0
DA:176,0
DA:177,0
DA:184,0
DA:185,0
DA:186,0
LF:57
LH:0
BRDA:74,0,0,0
BRDA:74,0,1,0
BRDA:75,1,0,0
BRDA:75,1,1,0
BRDA:75,2,0,0
BRDA:75,2,1,0
BRDA:75,2,2,0
BRDA:95,3,0,0
BRDA:95,3,1,0
BRDA:115,4,0,0
BRDA:115,4,1,0
BRDA:115,5,0,0
BRDA:115,5,1,0
BRDA:126,6,0,0
BRDA:126,6,1,0
BRDA:126,7,0,0
BRDA:126,7,1,0
BRDA:144,8,0,0
BRDA:144,8,1,0
BRDA:144,9,0,0
BRDA:144,9,1,0
BRDA:161,10,0,0
BRDA:161,10,1,0
BRDA:161,11,0,0
BRDA:161,11,1,0
BRDA:173,12,0,0
BRDA:173,12,1,0
BRDA:173,13,0,0
BRDA:173,13,1,0
BRDA:45,14,0,0
BRDA:45,14,1,0
BRDA:45,15,0,0
BRDA:45,15,1,0
BRF:33
BRH:0
end_of_record
TN:
SF:src\application\mi-junta\mi-junta.module.ts
FNF:0
FNH:0
DA:1,0
DA:2,0
DA:3,0
DA:4,0
DA:5,0
DA:6,0
DA:7,0
DA:14,0
LF:8
LH:0
BRF:0
BRH:0
end_of_record
TN:
SF:src\application\mi-junta\mi-junta.service.ts
FN:27,(anonymous_2)
FN:35,(anonymous_3)
FN:118,(anonymous_4)
FN:152,(anonymous_5)
FN:181,(anonymous_6)
FN:191,(anonymous_7)
FN:191,(anonymous_8)
FN:192,(anonymous_9)
FN:192,(anonymous_10)
FN:205,(anonymous_11)
FN:209,(anonymous_12)
FN:213,(anonymous_13)
FN:213,(anonymous_14)
FN:214,(anonymous_15)
FN:214,(anonymous_16)
FN:228,(anonymous_17)
FN:265,(anonymous_18)
FN:280,(anonymous_19)
FN:318,(anonymous_20)
FN:365,(anonymous_21)
FN:406,(anonymous_22)
FN:463,(anonymous_23)
FN:502,(anonymous_24)
FN:529,(anonymous_25)
FN:601,(anonymous_26)
FNF:25
FNH:0
FNDA:0,(anonymous_2)
FNDA:0,(anonymous_3)
FNDA:0,(anonymous_4)
FNDA:0,(anonymous_5)
FNDA:0,(anonymous_6)
FNDA:0,(anonymous_7)
FNDA:0,(anonymous_8)
FNDA:0,(anonymous_9)
FNDA:0,(anonymous_10)
FNDA:0,(anonymous_11)
FNDA:0,(anonymous_12)
FNDA:0,(anonymous_13)
FNDA:0,(anonymous_14)
FNDA:0,(anonymous_15)
FNDA:0,(anonymous_16)
FNDA:0,(anonymous_17)
FNDA:0,(anonymous_18)
FNDA:0,(anonymous_19)
FNDA:0,(anonymous_20)
FNDA:0,(anonymous_21)
FNDA:0,(anonymous_22)
FNDA:0,(anonymous_23)
FNDA:0,(anonymous_24)
FNDA:0,(anonymous_25)
FNDA:0,(anonymous_26)
DA:1,0
DA:6,0
DA:7,0
DA:8,0
DA:9,0
DA:10,0
DA:11,0
DA:12,0
DA:13,0
DA:14,0
DA:26,0
DA:28,0
DA:29,0
DA:30,0
DA:31,0
DA:32,0
DA:36,0
DA:98,0
DA:99,0
DA:102,0
DA:103,0
DA:104,0
DA:106,0
DA:119,0
DA:120,0
DA:121,0
DA:124,0
DA:138,0
DA:153,0
DA:157,0
DA:159,0
DA:160,0
DA:162,0
DA:180,0
DA:181,0
DA:182,0
DA:183,0
DA:184,0
DA:187,0
DA:188,0
DA:189,0
DA:191,0
DA:192,0
DA:193,0
DA:194,0
DA:195,0
DA:196,0
DA:197,0
DA:198,0
DA:200,0
DA:201,0
DA:202,0
DA:203,0
DA:204,0
DA:205,0
DA:206,0
DA:207,0
DA:209,0
DA:210,0
DA:211,0
DA:213,0
DA:214,0
DA:215,0
DA:216,0
DA:219,0
DA:220,0
DA:221,0
DA:229,0
DA:230,0
DA:232,0
DA:238,0
DA:239,0
DA:241,0
DA:276,0
DA:277,0
DA:279,0
DA:280,0
DA:281,0
DA:282,0
DA:283,0
DA:286,0
DA:287,0
DA:288,0
DA:289,0
DA:290,0
DA:291,0
DA:292,0
DA:294,0
DA:296,0
DA:305,0
DA:319,0
DA:323,0
DA:325,0
DA:326,0
DA:327,0
DA:329,0
DA:330,0
DA:334,0
DA:342,0
DA:355,0
DA:366,0
DA:370,0
DA:371,0
DA:372,0
DA:374,0
DA:375,0
DA:376,0
DA:379,0
DA:387,0
DA:396,0
DA:417,0
DA:418,0
DA:420,0
DA:421,0
DA:422,0
DA:425,0
DA:426,0
DA:430,0
DA:432,0
DA:433,0
DA:434,0
DA:435,0
DA:437,0
DA:439,0
DA:440,0
DA:441,0
DA:443,0
DA:445,0
DA:447,0
DA:456,0
DA:468,0
DA:469,0
DA:472,0
DA:473,0
DA:475,0
DA:477,0
DA:478,0
DA:484,0
DA:489,0
DA:498,0
DA:503,0
DA:525,0
DA:536,0
DA:539,0
DA:540,0
DA:543,0
DA:544,0
DA:545,0
DA:546,0
DA:549,0
DA:550,0
DA:551,0
DA:556,0
DA:558,0
DA:559,0
DA:571,0
DA:572,0
DA:573,0
DA:574,0
DA:588,0
DA:597,0
DA:613,0
DA:617,0
DA:619,0
DA:620,0
DA:621,0
DA:622,0
DA:623,0
DA:625,0
DA:632,0
DA:633,0
DA:635,0
DA:637,0
DA:638,0
DA:641,0
DA:643,0
DA:644,0
DA:645,0
DA:650,0
DA:652,0
DA:653,0
DA:655,0
DA:656,0
DA:657,0
DA:658,0
DA:662,0
DA:665,0
DA:666,0
DA:667,0
DA:668,0
DA:669,0
DA:673,0
DA:674,0
DA:675,0
DA:676,0
DA:677,0
DA:678,0
DA:679,0
DA:680,0
DA:681,0
DA:684,0
DA:690,0
DA:699,0
LF:203
LH:0
BRDA:98,0,0,0
BRDA:98,0,1,0
BRDA:104,1,0,0
BRDA:104,1,1,0
BRDA:157,2,0,0
BRDA:157,2,1,0
BRDA:182,3,0,0
BRDA:182,3,1,0
BRDA:184,4,0,0
BRDA:184,4,1,0
BRDA:184,5,0,0
BRDA:184,5,1,0
BRDA:184,5,2,0
BRDA:206,6,0,0
BRDA:206,6,1,0
BRDA:207,7,0,0
BRDA:207,7,1,0
BRDA:207,7,2,0
BRDA:210,8,0,0
BRDA:210,8,1,0
BRDA:211,9,0,0
BRDA:211,9,1,0
BRDA:211,9,2,0
BRDA:219,10,0,0
BRDA:219,10,1,0
BRDA:230,11,0,0
BRDA:230,11,1,0
BRDA:248,12,0,0
BRDA:248,12,1,0
BRDA:250,13,0,0
BRDA:250,13,1,0
BRDA:251,14,0,0
BRDA:251,14,1,0
BRDA:252,15,0,0
BRDA:252,15,1,0
BRDA:277,16,0,0
BRDA:277,16,1,0
BRDA:281,17,0,0
BRDA:281,17,1,0
BRDA:282,18,0,0
BRDA:282,18,1,0
BRDA:282,19,0,0
BRDA:282,19,1,0
BRDA:286,20,0,0
BRDA:286,20,1,0
BRDA:287,21,0,0
BRDA:287,21,1,0
BRDA:288,22,0,0
BRDA:288,22,1,0
BRDA:290,23,0,0
BRDA:290,23,1,0
BRDA:291,24,0,0
BRDA:291,24,1,0
BRDA:292,25,0,0
BRDA:292,25,1,0
BRDA:323,26,0,0
BRDA:323,26,1,0
BRDA:326,27,0,0
BRDA:326,27,1,0
BRDA:329,28,0,0
BRDA:329,28,1,0
BRDA:350,29,0,0
BRDA:350,29,1,0
BRDA:370,30,0,0
BRDA:370,30,1,0
BRDA:371,31,0,0
BRDA:371,31,1,0
BRDA:375,32,0,0
BRDA:375,32,1,0
BRDA:418,33,0,0
BRDA:418,33,1,0
BRDA:421,34,0,0
BRDA:421,34,1,0
BRDA:422,35,0,0
BRDA:422,35,1,0
BRDA:425,36,0,0
BRDA:425,36,1,0
BRDA:432,37,0,0
BRDA:432,37,1,0
BRDA:434,38,0,0
BRDA:434,38,1,0
BRDA:434,39,0,0
BRDA:434,39,1,0
BRDA:439,40,0,0
BRDA:439,40,1,0
BRDA:439,41,0,0
BRDA:439,41,1,0
BRDA:440,42,0,0
BRDA:440,42,1,0
BRDA:440,43,0,0
BRDA:440,43,1,0
BRDA:441,44,0,0
BRDA:441,44,1,0
BRDA:441,45,0,0
BRDA:441,45,1,0
BRDA:443,46,0,0
BRDA:443,46,1,0
BRDA:468,47,0,0
BRDA:468,47,1,0
BRDA:473,48,0,0
BRDA:473,48,1,0
BRDA:539,49,0,0
BRDA:539,49,1,0
BRDA:544,50,0,0
BRDA:544,50,1,0
BRDA:545,51,0,0
BRDA:545,51,1,0
BRDA:550,52,0,0
BRDA:550,52,1,0
BRDA:550,52,2,0
BRDA:554,53,0,0
BRDA:554,53,1,0
BRDA:558,54,0,0
BRDA:558,54,1,0
BRDA:571,55,0,0
BRDA:571,55,1,0
BRDA:572,56,0,0
BRDA:572,56,1,0
BRDA:573,57,0,0
BRDA:573,57,1,0
BRDA:617,58,0,0
BRDA:617,58,1,0
BRDA:620,59,0,0
BRDA:620,59,1,0
BRDA:622,60,0,0
BRDA:622,60,1,0
BRDA:623,61,0,0
BRDA:623,61,1,0
BRDA:630,62,0,0
BRDA:630,62,1,0
BRDA:633,63,0,0
BRDA:633,63,1,0
BRDA:635,64,0,0
BRDA:635,64,1,0
BRDA:643,65,0,0
BRDA:643,65,1,0
BRDA:643,65,2,0
BRDA:644,66,0,0
BRDA:644,66,1,0
BRDA:662,67,0,0
BRDA:662,67,1,0
BRDA:662,67,2,0
BRDA:665,68,0,0
BRDA:665,68,1,0
BRDA:666,69,0,0
BRDA:666,69,1,0
BRDA:668,70,0,0
BRDA:668,70,1,0
BRDA:673,71,0,0
BRDA:673,71,1,0
BRDA:675,72,0,0
BRDA:675,72,1,0
BRDA:677,73,0,0
BRDA:677,73,1,0
BRDA:679,74,0,0
BRDA:679,74,1,0
BRDA:28,75,0,0
BRDA:28,75,1,0
BRDA:28,76,0,0
BRDA:28,76,1,0
BRDA:28,77,0,0
BRDA:28,77,1,0
BRDA:28,78,0,0
BRDA:28,78,1,0
BRDA:29,79,0,0
BRDA:29,79,1,0
BRDA:29,80,0,0
BRDA:29,80,1,0
BRDA:30,81,0,0
BRDA:30,81,1,0
BRDA:30,82,0,0
BRDA:30,82,1,0
BRDA:31,83,0,0
BRDA:31,83,1,0
BRDA:31,84,0,0
BRDA:31,84,1,0
BRF:176
BRH:0
end_of_record
TN:
SF:src\application\mi-junta\dto\actualizar-datos-junta.dto.ts
FNF:0
FNH:0
DA:1,0
DA:3,0
DA:7,0
DA:12,0
DA:17,0
DA:22,0
DA:27,0
LF:7
LH:0
BRF:0
BRH:0
end_of_record
TN:
SF:src\application\mi-junta\dto\actualizar-suscripcion-mi-junta.dto.ts
FNF:0
FNH:0
DA:1,0
DA:3,0
DA:6,0
DA:9,0
DA:14,0
DA:19,0
DA:24,0
DA:29,0
DA:33,0
LF:9
LH:0
BRF:0
BRH:0
end_of_record
TN:
SF:src\application\mi-junta\dto\cancelar-suscripcion.dto.ts
FNF:0
FNH:0
DA:1,0
DA:3,0
DA:7,0
LF:3
LH:0
BRF:0
BRH:0
end_of_record
TN:
SF:src\application\mi-junta\dto\crear-suscripcion-mi-junta.dto.ts
FNF:0
FNH:0
DA:1,0
DA:3,0
DA:5,0
DA:7,0
DA:13,0
DA:18,0
LF:6
LH:0
BRF:0
BRH:0
end_of_record
TN:
SF:src\application\pagos\pagos.controller.ts
FN:37,(anonymous_4)
FN:49,(anonymous_5)
FN:71,(anonymous_6)
FN:104,(anonymous_7)
FN:121,(anonymous_8)
FN:154,(anonymous_9)
FN:186,(anonymous_10)
FN:215,(anonymous_11)
FN:246,(anonymous_12)
FN:275,(anonymous_13)
FNF:10
FNH:0
FNDA:0,(anonymous_4)
FNDA:0,(anonymous_5)
FNDA:0,(anonymous_6)
FNDA:0,(anonymous_7)
FNDA:0,(anonymous_8)
FNDA:0,(anonymous_9)
FNDA:0,(anonymous_10)
FNDA:0,(anonymous_11)
FNDA:0,(anonymous_12)
FNDA:0,(anonymous_13)
DA:1,0
DA:13,0
DA:14,0
DA:15,0
DA:16,0
DA:17,0
DA:18,0
DA:19,0
DA:21,0
DA:22,0
DA:23,0
DA:24,0
DA:30,0
DA:36,0
DA:38,0
DA:39,0
DA:49,0
DA:54,0
DA:55,0
DA:56,0
DA:57,0
DA:58,0
DA:71,0
DA:83,0
DA:84,0
DA:85,0
DA:86,0
DA:87,0
DA:88,0
DA:89,0
DA:90,0
DA:91,0
DA:92,0
DA:93,0
DA:94,0
DA:95,0
DA:104,0
DA:108,0
DA:109,0
DA:110,0
DA:121,0
DA:125,0
DA:126,0
DA:131,0
DA:132,0
DA:140,0
DA:154,0
DA:158,0
DA:159,0
DA:164,0
DA:165,0
DA:173,0
DA:186,0
DA:190,0
DA:192,0
DA:193,0
DA:196,0
DA:202,0
DA:215,0
DA:219,0
DA:221,0
DA:222,0
DA:225,0
DA:231,0
DA:246,0
DA:251,0
DA:252,0
DA:254,0
DA:255,0
DA:257,0
DA:258,0
DA:261,0
DA:262,0
DA:275,0
DA:283,0
DA:284,0
DA:285,0
DA:286,0
DA:287,0
DA:288,0
DA:289,0
DA:290,0
LF:82
LH:0
BRDA:56,0,0,0
BRDA:56,0,1,0
BRDA:57,1,0,0
BRDA:57,1,1,0
BRDA:84,2,0,0
BRDA:84,2,1,0
BRDA:85,3,0,0
BRDA:85,3,1,0
BRDA:87,4,0,0
BRDA:87,4,1,0
BRDA:88,5,0,0
BRDA:88,5,1,0
BRDA:88,6,0,0
BRDA:88,6,1,0
BRDA:89,7,0,0
BRDA:89,7,1,0
BRDA:90,8,0,0
BRDA:90,8,1,0
BRDA:91,9,0,0
BRDA:91,9,1,0
BRDA:93,10,0,0
BRDA:93,10,1,0
BRDA:93,11,0,0
BRDA:93,11,1,0
BRDA:94,12,0,0
BRDA:94,12,1,0
BRDA:94,13,0,0
BRDA:94,13,1,0
BRDA:109,14,0,0
BRDA:109,14,1,0
BRDA:110,15,0,0
BRDA:110,15,1,0
BRDA:125,16,0,0
BRDA:125,16,1,0
BRDA:125,17,0,0
BRDA:125,17,1,0
BRDA:137,18,0,0
BRDA:137,18,1,0
BRDA:158,19,0,0
BRDA:158,19,1,0
BRDA:158,20,0,0
BRDA:158,20,1,0
BRDA:170,21,0,0
BRDA:170,21,1,0
BRDA:192,22,0,0
BRDA:192,22,1,0
BRDA:192,23,0,0
BRDA:192,23,1,0
BRDA:221,24,0,0
BRDA:221,24,1,0
BRDA:221,25,0,0
BRDA:221,25,1,0
BRDA:251,26,0,0
BRDA:251,26,1,0
BRDA:254,27,0,0
BRDA:254,27,1,0
BRDA:257,28,0,0
BRDA:257,28,1,0
BRDA:285,29,0,0
BRDA:285,29,1,0
BRDA:286,30,0,0
BRDA:286,30,1,0
BRDA:286,31,0,0
BRDA:286,31,1,0
BRDA:287,32,0,0
BRDA:287,32,1,0
BRDA:288,33,0,0
BRDA:288,33,1,0
BRDA:289,34,0,0
BRDA:289,34,1,0
BRDA:122,35,0,0
BRDA:122,35,1,0
BRDA:122,36,0,0
BRDA:122,36,1,0
BRDA:155,37,0,0
BRDA:155,37,1,0
BRDA:155,38,0,0
BRDA:155,38,1,0
BRDA:187,39,0,0
BRDA:187,39,1,0
BRDA:187,40,0,0
BRDA:187,40,1,0
BRDA:216,41,0,0
BRDA:216,41,1,0
BRDA:216,42,0,0
BRDA:216,42,1,0
BRDA:38,43,0,0
BRDA:38,43,1,0
BRDA:38,44,0,0
BRDA:38,44,1,0
BRDA:38,45,0,0
BRDA:38,45,1,0
BRDA:38,46,0,0
BRDA:38,46,1,0
BRF:94
BRH:0
end_of_record
TN:
SF:src\application\pagos\pagos.module.ts
FNF:0
FNH:0
DA:1,0
DA:2,0
DA:3,0
DA:4,0
DA:5,0
DA:6,0
DA:7,0
DA:8,0
DA:16,0
LF:9
LH:0
BRF:0
BRH:0
end_of_record
TN:
SF:src\application\pagos\pagos.service.ts
FN:53,(anonymous_2)
FN:65,(anonymous_3)
FN:83,(anonymous_4)
FN:110,(anonymous_5)
FN:187,(anonymous_6)
FN:212,(anonymous_7)
FN:260,(anonymous_8)
FN:300,(anonymous_9)
FN:356,(anonymous_10)
FN:364,(anonymous_11)
FN:387,(anonymous_12)
FN:401,(anonymous_13)
FN:408,(anonymous_14)
FN:412,(anonymous_15)
FN:471,(anonymous_16)
FN:565,(anonymous_17)
FN:624,(anonymous_18)
FN:693,(anonymous_19)
FN:701,(anonymous_20)
FNF:19
FNH:0
FNDA:0,(anonymous_2)
FNDA:0,(anonymous_3)
FNDA:0,(anonymous_4)
FNDA:0,(anonymous_5)
FNDA:0,(anonymous_6)
FNDA:0,(anonymous_7)
FNDA:0,(anonymous_8)
FNDA:0,(anonymous_9)
FNDA:0,(anonymous_10)
FNDA:0,(anonymous_11)
FNDA:0,(anonymous_12)
FNDA:0,(anonymous_13)
FNDA:0,(anonymous_14)
FNDA:0,(anonymous_15)
FNDA:0,(anonymous_16)
FNDA:0,(anonymous_17)
FNDA:0,(anonymous_18)
FNDA:0,(anonymous_19)
FNDA:0,(anonymous_20)
DA:1,0
DA:2,0
DA:6,0
DA:7,0
DA:8,0
DA:10,0
DA:11,0
DA:20,0
DA:21,0
DA:52,0
DA:54,0
DA:55,0
DA:56,0
DA:57,0
DA:58,0
DA:66,0
DA:70,0
DA:71,0
DA:73,0
DA:74,0
DA:86,0
DA:90,0
DA:91,0
DA:93,0
DA:94,0
DA:96,0
DA:97,0
DA:99,0
DA:100,0
DA:103,0
DA:124,0
DA:125,0
DA:126,0
DA:128,0
DA:130,0
DA:131,0
DA:132,0
DA:133,0
DA:134,0
DA:135,0
DA:137,0
DA:138,0
DA:139,0
DA:140,0
DA:149,0
DA:151,0
DA:186,0
DA:187,0
DA:222,0
DA:223,0
DA:225,0
DA:226,0
DA:227,0
DA:228,0
DA:229,0
DA:230,0
DA:232,0
DA:233,0
DA:234,0
DA:235,0
DA:244,0
DA:260,0
DA:261,0
DA:262,0
DA:263,0
DA:266,0
DA:267,0
DA:268,0
DA:269,0
DA:270,0
DA:273,0
DA:274,0
DA:288,0
DA:289,0
DA:290,0
DA:301,0
DA:303,0
DA:315,0
DA:316,0
DA:317,0
DA:318,0
DA:319,0
DA:320,0
DA:321,0
DA:322,0
DA:324,0
DA:325,0
DA:327,0
DA:328,0
DA:330,0
DA:331,0
DA:332,0
DA:333,0
DA:334,0
DA:335,0
DA:337,0
DA:341,0
DA:342,0
DA:344,0
DA:345,0
DA:346,0
DA:347,0
DA:348,0
DA:349,0
DA:352,0
DA:353,0
DA:354,0
DA:356,0
DA:358,0
DA:359,0
DA:360,0
DA:361,0
DA:362,0
DA:364,0
DA:365,0
DA:366,0
DA:369,0
DA:388,0
DA:389,0
DA:402,0
DA:403,0
DA:409,0
DA:413,0
DA:415,0
DA:417,0
DA:419,0
DA:420,0
DA:423,0
DA:424,0
DA:425,0
DA:427,0
DA:428,0
DA:430,0
DA:443,0
DA:455,0
DA:456,0
DA:460,0
DA:472,0
DA:474,0
DA:476,0
DA:486,0
DA:487,0
DA:488,0
DA:505,0
DA:515,0
DA:516,0
DA:517,0
DA:519,0
DA:520,0
DA:522,0
DA:535,0
DA:547,0
DA:548,0
DA:552,0
DA:571,0
DA:573,0
DA:597,0
DA:598,0
DA:601,0
DA:603,0
DA:611,0
DA:612,0
DA:615,0
DA:628,0
DA:629,0
DA:630,0
DA:631,0
DA:638,0
DA:639,0
DA:640,0
DA:641,0
DA:644,0
DA:645,0
DA:651,0
DA:660,0
DA:661,0
DA:671,0
DA:672,0
DA:680,0
DA:681,0
DA:689,0
DA:694,0
DA:695,0
DA:696,0
DA:697,0
DA:698,0
DA:702,0
DA:703,0
DA:704,0
DA:705,0
DA:707,0
DA:708,0
DA:710,0
LF:193
LH:0
BRDA:70,0,0,0
BRDA:70,0,1,0
BRDA:73,1,0,0
BRDA:73,1,1,0
BRDA:90,2,0,0
BRDA:90,2,1,0
BRDA:94,3,0,0
BRDA:94,3,1,0
BRDA:96,4,0,0
BRDA:96,4,1,0
BRDA:99,5,0,0
BRDA:99,5,1,0
BRDA:112,6,0,0
BRDA:113,7,0,0
BRDA:125,8,0,0
BRDA:125,8,1,0
BRDA:126,9,0,0
BRDA:126,9,1,0
BRDA:130,10,0,0
BRDA:130,10,1,0
BRDA:131,11,0,0
BRDA:131,11,1,0
BRDA:132,12,0,0
BRDA:132,12,1,0
BRDA:132,13,0,0
BRDA:132,13,1,0
BRDA:134,14,0,0
BRDA:134,14,1,0
BRDA:135,15,0,0
BRDA:135,15,1,0
BRDA:137,16,0,0
BRDA:137,16,1,0
BRDA:137,17,0,0
BRDA:137,17,1,0
BRDA:145,18,0,0
BRDA:145,18,1,0
BRDA:197,19,0,0
BRDA:197,19,1,0
BRDA:200,20,0,0
BRDA:200,20,1,0
BRDA:225,21,0,0
BRDA:225,21,1,0
BRDA:226,22,0,0
BRDA:226,22,1,0
BRDA:227,23,0,0
BRDA:227,23,1,0
BRDA:227,24,0,0
BRDA:227,24,1,0
BRDA:229,25,0,0
BRDA:229,25,1,0
BRDA:230,26,0,0
BRDA:230,26,1,0
BRDA:232,27,0,0
BRDA:232,27,1,0
BRDA:232,28,0,0
BRDA:232,28,1,0
BRDA:240,29,0,0
BRDA:240,29,1,0
BRDA:261,30,0,0
BRDA:261,30,1,0
BRDA:269,31,0,0
BRDA:269,31,1,0
BRDA:270,32,0,0
BRDA:270,32,1,0
BRDA:273,33,0,0
BRDA:273,33,1,0
BRDA:330,34,0,0
BRDA:330,34,1,0
BRDA:331,35,0,0
BRDA:331,35,1,0
BRDA:332,36,0,0
BRDA:332,36,1,0
BRDA:334,37,0,0
BRDA:334,37,1,0
BRDA:341,38,0,0
BRDA:341,38,1,0
BRDA:342,39,0,0
BRDA:342,39,1,0
BRDA:347,40,0,0
BRDA:347,40,1,0
BRDA:349,41,0,0
BRDA:349,41,1,0
BRDA:361,42,0,0
BRDA:361,42,1,0
BRDA:361,43,0,0
BRDA:361,43,1,0
BRDA:365,44,0,0
BRDA:365,44,1,0
BRDA:419,45,0,0
BRDA:419,45,1,0
BRDA:424,46,0,0
BRDA:424,46,1,0
BRDA:456,47,0,0
BRDA:456,47,1,0
BRDA:516,48,0,0
BRDA:516,48,1,0
BRDA:548,49,0,0
BRDA:548,49,1,0
BRDA:573,50,0,0
BRDA:573,50,1,0
BRDA:584,51,0,0
BRDA:584,51,1,0
BRDA:597,52,0,0
BRDA:597,52,1,0
BRDA:597,53,0,0
BRDA:597,53,1,0
BRDA:611,54,0,0
BRDA:611,54,1,0
BRDA:630,55,0,0
BRDA:630,55,1,0
BRDA:638,56,0,0
BRDA:638,56,1,0
BRDA:648,57,0,0
BRDA:648,57,1,0
BRDA:649,58,0,0
BRDA:649,58,1,0
BRDA:660,59,0,0
BRDA:660,59,1,0
BRDA:671,60,0,0
BRDA:671,60,1,0
BRDA:680,61,0,0
BRDA:680,61,1,0
BRDA:696,62,0,0
BRDA:696,62,1,0
BRDA:697,63,0,0
BRDA:697,63,1,0
BRDA:704,64,0,0
BRDA:704,64,1,0
BRDA:707,65,0,0
BRDA:707,65,1,0
BRDA:54,66,0,0
BRDA:54,66,1,0
BRDA:54,67,0,0
BRDA:54,67,1,0
BRDA:54,68,0,0
BRDA:54,68,1,0
BRDA:54,69,0,0
BRDA:54,69,1,0
BRDA:55,70,0,0
BRDA:55,70,1,0
BRDA:55,71,0,0
BRDA:55,71,1,0
BRDA:56,72,0,0
BRDA:56,72,1,0
BRDA:56,73,0,0
BRDA:56,73,1,0
BRDA:57,74,0,0
BRDA:57,74,1,0
BRDA:57,75,0,0
BRDA:57,75,1,0
BRF:150
BRH:0
end_of_record
TN:
SF:src\application\pagos\dto\crear-intencion-pago.dto.ts
FNF:0
FNH:0
DA:1,0
DA:7,0
DA:9,0
LF:3
LH:0
BRF:0
BRH:0
end_of_record
TN:
SF:src\application\pagos\dto\registrar-pago-carta.dto.ts
FNF:0
FNH:0
DA:1,0
DA:7,0
DA:9,0
DA:13,0
DA:18,0
LF:5
LH:0
BRF:0
BRH:0
end_of_record
TN:
SF:src\application\pagos\dto\registrar-pago-efectivo.dto.ts
FNF:0
FNH:0
DA:1,0
DA:7,0
DA:9,0
DA:13,0
DA:18,0
LF:5
LH:0
BRF:0
BRH:0
end_of_record
TN:
SF:src\application\public\public.controller.ts
FN:10,escapeHtml
FN:19,buildHtmlPage
FN:98,(anonymous_6)
FN:106,(anonymous_7)
FN:135,(anonymous_8)
FNF:5
FNH:0
FNDA:0,escapeHtml
FNDA:0,buildHtmlPage
FNDA:0,(anonymous_6)
FNDA:0,(anonymous_7)
FNDA:0,(anonymous_8)
DA:5,0
DA:6,0
DA:7,0
DA:8,0
DA:11,0
DA:30,0
DA:31,0
DA:34,0
DA:38,0
DA:39,0
DA:63,0
DA:97,0
DA:98,0
DA:106,0
DA:107,0
DA:125,0
DA:135,0
DA:140,0
DA:141,0
DA:164,0
DA:166,0
DA:167,0
DA:171,0
DA:173,0
DA:176,0
DA:177,0
DA:178,0
DA:180,0
DA:184,0
DA:188,0
DA:199,0
DA:200,0
DA:210,0
DA:211,0
DA:212,0
DA:214,0
LF:36
LH:0
BRDA:30,0,0,0
BRDA:30,0,1,0
BRDA:31,1,0,0
BRDA:31,1,1,0
BRDA:34,2,0,0
BRDA:34,2,1,0
BRDA:38,3,0,0
BRDA:38,3,1,0
BRDA:57,4,0,0
BRDA:57,4,1,0
BRDA:84,5,0,0
BRDA:84,5,1,0
BRDA:85,6,0,0
BRDA:85,6,1,0
BRDA:88,7,0,0
BRDA:88,7,1,0
BRDA:89,8,0,0
BRDA:89,8,1,0
BRDA:89,9,0,0
BRDA:89,9,1,0
BRDA:166,10,0,0
BRDA:166,10,1,0
BRDA:173,11,0,0
BRDA:173,11,1,0
BRDA:173,12,0,0
BRDA:173,12,1,0
BRDA:173,12,2,0
BRDA:176,13,0,0
BRDA:176,13,1,0
BRDA:184,14,0,0
BRDA:184,14,1,0
BRDA:195,15,0,0
BRDA:195,15,1,0
BRDA:199,16,0,0
BRDA:199,16,1,0
BRDA:205,17,0,0
BRDA:205,17,1,0
BRDA:207,18,0,0
BRDA:207,18,1,0
BRDA:210,19,0,0
BRDA:210,19,1,0
BRDA:137,20,0,0
BRDA:137,20,1,0
BRDA:137,21,0,0
BRDA:137,21,1,0
BRDA:137,22,0,0
BRDA:137,22,1,0
BRDA:137,23,0,0
BRDA:137,23,1,0
BRDA:98,24,0,0
BRDA:98,24,1,0
BRDA:98,25,0,0
BRDA:98,25,1,0
BRF:53
BRH:0
end_of_record
TN:
SF:src\application\public\public.module.ts
FNF:0
FNH:0
DA:1,0
DA:2,0
DA:3,0
DA:9,0
LF:4
LH:0
BRF:0
BRH:0
end_of_record
TN:
SF:src\application\requisitos\requisitos-cron.service.ts
FN:15,(anonymous_2)
FN:21,(anonymous_3)
FN:63,(anonymous_4)
FNF:3
FNH:0
FNDA:0,(anonymous_2)
FNDA:0,(anonymous_3)
FNDA:0,(anonymous_4)
DA:1,0
DA:2,0
DA:3,0
DA:4,0
DA:5,0
DA:14,0
DA:16,0
DA:17,0
DA:21,0
DA:22,0
DA:27,0
DA:28,0
DA:29,0
DA:32,0
DA:33,0
DA:35,0
DA:36,0
DA:37,0
DA:38,0
DA:41,0
DA:42,0
DA:45,0
DA:46,0
DA:50,0
DA:52,0
DA:53,0
DA:57,0
DA:64,0
DA:74,0
LF:29
LH:0
BRDA:27,0,0,0
BRDA:27,0,1,0
BRDA:37,1,0,0
BRDA:37,1,1,0
BRDA:74,2,0,0
BRDA:74,2,1,0
BRDA:16,3,0,0
BRDA:16,3,1,0
BRDA:16,4,0,0
BRDA:16,4,1,0
BRDA:16,5,0,0
BRDA:16,5,1,0
BRDA:16,6,0,0
BRDA:16,6,1,0
BRF:14
BRH:0
end_of_record
TN:
SF:src\application\requisitos\requisitos-usuario.controller.ts
FN:24,(anonymous_4)
FN:28,(anonymous_5)
FN:45,(anonymous_6)
FNF:3
FNH:0
FNDA:0,(anonymous_4)
FNDA:0,(anonymous_5)
FNDA:0,(anonymous_6)
DA:1,0
DA:10,0
DA:11,0
DA:12,0
DA:13,0
DA:14,0
DA:15,0
DA:16,0
DA:17,0
DA:18,0
DA:23,0
DA:24,0
DA:28,0
DA:34,0
DA:45,0
DA:51,0
LF:16
LH:0
BRDA:31,0,0,0
BRDA:31,0,1,0
BRDA:31,1,0,0
BRDA:31,1,1,0
BRDA:48,2,0,0
BRDA:48,2,1,0
BRDA:48,3,0,0
BRDA:48,3,1,0
BRDA:24,4,0,0
BRDA:24,4,1,0
BRDA:24,5,0,0
BRDA:24,5,1,0
BRF:12
BRH:0
end_of_record
TN:
SF:src\application\requisitos\requisitos.controller.ts
FN:27,(anonymous_4)
FN:32,(anonymous_5)
FN:41,(anonymous_6)
FN:57,(anonymous_7)
FN:75,(anonymous_8)
FNF:5
FNH:0
FNDA:0,(anonymous_4)
FNDA:0,(anonymous_5)
FNDA:0,(anonymous_6)
FNDA:0,(anonymous_7)
FNDA:0,(anonymous_8)
DA:1,0
DA:12,0
DA:13,0
DA:16,0
DA:17,0
DA:18,0
DA:19,0
DA:20,0
DA:21,0
DA:26,0
DA:27,0
DA:32,0
DA:33,0
DA:34,0
DA:35,0
DA:41,0
DA:45,0
DA:46,0
DA:51,0
DA:57,0
DA:62,0
DA:63,0
DA:69,0
DA:75,0
DA:79,0
DA:80,0
DA:85,0
LF:27
LH:0
BRDA:42,0,0,0
BRDA:42,0,1,0
BRDA:42,1,0,0
BRDA:42,1,1,0
BRDA:59,2,0,0
BRDA:59,2,1,0
BRDA:59,3,0,0
BRDA:59,3,1,0
BRDA:27,4,0,0
BRDA:27,4,1,0
BRDA:27,5,0,0
BRDA:27,5,1,0
BRF:12
BRH:0
end_of_record
TN:
SF:src\application\requisitos\requisitos.module.ts
FNF:0
FNH:0
DA:1,0
DA:2,0
DA:3,0
DA:4,0
DA:5,0
DA:6,0
DA:7,0
DA:8,0
DA:16,0
LF:9
LH:0
BRF:0
BRH:0
end_of_record
TN:
SF:src\application\requisitos\requisitos.service.ts
FN:16,(anonymous_2)
FN:22,(anonymous_3)
FN:34,(anonymous_4)
FN:63,(anonymous_5)
FN:100,(anonymous_6)
FN:124,(anonymous_7)
FN:142,(anonymous_8)
FN:169,(anonymous_9)
FNF:8
FNH:0
FNDA:0,(anonymous_2)
FNDA:0,(anonymous_3)
FNDA:0,(anonymous_4)
FNDA:0,(anonymous_5)
FNDA:0,(anonymous_6)
FNDA:0,(anonymous_7)
FNDA:0,(anonymous_8)
FNDA:0,(anonymous_9)
DA:1,0
DA:2,0
DA:3,0
DA:4,0
DA:5,0
DA:9,0
DA:15,0
DA:17,0
DA:18,0
DA:19,0
DA:23,0
DA:31,0
DA:39,0
DA:48,0
DA:60,0
DA:69,0
DA:72,0
DA:73,0
DA:76,0
DA:88,0
DA:97,0
DA:101,0
DA:104,0
DA:105,0
DA:108,0
DA:112,0
DA:121,0
DA:129,0
DA:132,0
DA:133,0
DA:135,0
DA:136,0
DA:148,0
DA:150,0
DA:152,0
DA:155,0
DA:156,0
DA:159,0
DA:166,0
DA:175,0
DA:177,0
DA:178,0
DA:181,0
DA:184,0
DA:185,0
DA:188,0
DA:191,0
DA:192,0
DA:195,0
DA:202,0
LF:50
LH:0
BRDA:43,0,0,0
BRDA:43,0,1,0
BRDA:44,1,0,0
BRDA:44,1,1,0
BRDA:72,2,0,0
BRDA:72,2,1,0
BRDA:79,3,0,0
BRDA:79,3,1,0
BRDA:80,4,0,0
BRDA:80,4,1,0
BRDA:80,5,0,0
BRDA:80,5,1,0
BRDA:81,6,0,0
BRDA:81,6,1,0
BRDA:84,7,0,0
BRDA:84,7,1,0
BRDA:104,8,0,0
BRDA:104,8,1,0
BRDA:132,9,0,0
BRDA:132,9,1,0
BRDA:135,10,0,0
BRDA:135,10,1,0
BRDA:155,11,0,0
BRDA:155,11,1,0
BRDA:177,12,0,0
BRDA:177,12,1,0
BRDA:184,13,0,0
BRDA:184,13,1,0
BRDA:191,14,0,0
BRDA:191,14,1,0
BRDA:17,15,0,0
BRDA:17,15,1,0
BRDA:17,16,0,0
BRDA:17,16,1,0
BRDA:17,17,0,0
BRDA:17,17,1,0
BRDA:17,18,0,0
BRDA:17,18,1,0
BRDA:18,19,0,0
BRDA:18,19,1,0
BRDA:18,20,0,0
BRDA:18,20,1,0
BRF:42
BRH:0
end_of_record
TN:
SF:src\application\requisitos\dto\create-requisito-tipo.dto.ts
FNF:0
FNH:0
DA:1,0
DA:3,0
DA:5,0
DA:9,0
DA:13,0
LF:5
LH:0
BRF:0
BRH:0
end_of_record
TN:
SF:src\application\requisitos\dto\update-estado-requisito.dto.ts
FNF:0
FNH:0
DA:1,0
DA:3,0
DA:5,0
LF:3
LH:0
BRF:0
BRH:0
end_of_record
TN:
SF:src\application\requisitos\dto\update-obligacion-requisito.dto.ts
FNF:0
FNH:0
DA:1,0
DA:3,0
DA:5,0
LF:3
LH:0
BRF:0
BRH:0
end_of_record
TN:
SF:src\application\requisitos\dto\update-requisito-tipo.dto.ts
FN:9,(anonymous_2)
FNF:1
FNH:0
FNDA:0,(anonymous_2)
DA:1,0
DA:3,0
DA:6,0
DA:9,0
DA:11,0
DA:15,0
DA:19,0
LF:7
LH:0
BRF:0
BRH:0
end_of_record
TN:
SF:src\application\tarifas\tarifas.controller.ts
FN:24,(anonymous_4)
FN:29,(anonymous_5)
FN:40,(anonymous_6)
FNF:3
FNH:0
FNDA:0,(anonymous_4)
FNDA:0,(anonymous_5)
FNDA:0,(anonymous_6)
DA:1,0
DA:10,0
DA:11,0
DA:12,0
DA:13,0
DA:14,0
DA:15,0
DA:16,0
DA:17,0
DA:23,0
DA:24,0
DA:29,0
DA:33,0
DA:34,0
DA:40,0
DA:44,0
DA:45,0
LF:17
LH:0
BRDA:41,0,0,0
BRDA:41,0,1,0
BRDA:41,1,0,0
BRDA:41,1,1,0
BRDA:24,2,0,0
BRDA:24,2,1,0
BRDA:24,3,0,0
BRDA:24,3,1,0
BRF:8
BRH:0
end_of_record
TN:
SF:src\application\tarifas\tarifas.module.ts
FNF:0
FNH:0
DA:1,0
DA:2,0
DA:3,0
DA:4,0
DA:5,0
DA:13,0
LF:6
LH:0
BRF:0
BRH:0
end_of_record
TN:
SF:src\application\tarifas\tarifas.service.ts
FN:8,(anonymous_2)
FN:13,(anonymous_3)
FN:30,(anonymous_4)
FNF:3
FNH:0
FNDA:0,(anonymous_2)
FNDA:0,(anonymous_3)
FNDA:0,(anonymous_4)
DA:1,0
DA:2,0
DA:3,0
DA:7,0
DA:9,0
DA:10,0
DA:14,0
DA:18,0
DA:19,0
DA:22,0
DA:27,0
DA:32,0
DA:37,0
DA:46,0
DA:66,0
LF:15
LH:0
BRDA:18,0,0,0
BRDA:18,0,1,0
BRDA:55,1,0,0
BRDA:55,1,1,0
BRDA:9,2,0,0
BRDA:9,2,1,0
BRDA:9,3,0,0
BRDA:9,3,1,0
BRDA:9,4,0,0
BRDA:9,4,1,0
BRDA:9,5,0,0
BRDA:9,5,1,0
BRF:12
BRH:0
end_of_record
TN:
SF:src\application\tarifas\dto\create-tarifa.dto.ts
FN:9,(anonymous_2)
FNF:1
FNH:0
FNDA:0,(anonymous_2)
DA:1,0
DA:2,0
DA:4,0
DA:7,0
DA:9,0
DA:11,0
DA:14,0
LF:7
LH:0
BRF:0
BRH:0
end_of_record
TN:
SF:src\application\users\users.controller.ts
FN:29,(anonymous_4)
FN:33,(anonymous_5)
FN:59,(anonymous_6)
FN:70,(anonymous_7)
FN:81,(anonymous_8)
FNF:5
FNH:0
FNDA:0,(anonymous_4)
FNDA:0,(anonymous_5)
FNDA:0,(anonymous_6)
FNDA:0,(anonymous_7)
FNDA:0,(anonymous_8)
DA:1,0
DA:12,0
DA:13,0
DA:14,0
DA:15,0
DA:16,0
DA:17,0
DA:18,0
DA:19,0
DA:20,0
DA:21,0
DA:22,0
DA:28,0
DA:29,0
DA:33,0
DA:43,0
DA:44,0
DA:45,0
DA:46,0
DA:47,0
DA:48,0
DA:49,0
DA:50,0
DA:51,0
DA:52,0
DA:53,0
DA:54,0
DA:59,0
DA:63,0
DA:64,0
DA:70,0
DA:74,0
DA:75,0
DA:81,0
DA:86,0
DA:87,0
LF:36
LH:0
BRDA:44,0,0,0
BRDA:44,0,1,0
BRDA:45,1,0,0
BRDA:45,1,1,0
BRDA:47,2,0,0
BRDA:47,2,1,0
BRDA:48,3,0,0
BRDA:48,3,1,0
BRDA:49,4,0,0
BRDA:49,4,1,0
BRDA:50,5,0,0
BRDA:50,5,1,0
BRDA:52,6,0,0
BRDA:52,6,1,0
BRDA:52,7,0,0
BRDA:52,7,1,0
BRDA:53,8,0,0
BRDA:53,8,1,0
BRDA:53,9,0,0
BRDA:53,9,1,0
BRDA:71,10,0,0
BRDA:71,10,1,0
BRDA:71,11,0,0
BRDA:71,11,1,0
BRDA:83,12,0,0
BRDA:83,12,1,0
BRDA:83,13,0,0
BRDA:83,13,1,0
BRDA:29,14,0,0
BRDA:29,14,1,0
BRDA:29,15,0,0
BRDA:29,15,1,0
BRF:32
BRH:0
end_of_record
TN:
SF:src\application\users\users.module.ts
FNF:0
FNH:0
DA:1,0
DA:2,0
DA:3,0
DA:4,0
DA:5,0
DA:6,0
DA:14,0
LF:7
LH:0
BRF:0
BRH:0
end_of_record
TN:
SF:src\application\users\users.service.ts
FN:22,(anonymous_11)
FN:29,(anonymous_12)
FN:57,(anonymous_13)
FN:125,(anonymous_14)
FN:127,(anonymous_15)
FN:133,(anonymous_16)
FN:160,(anonymous_17)
FN:164,(anonymous_18)
FN:206,(anonymous_19)
FN:287,(anonymous_20)
FN:307,(anonymous_21)
FN:330,(anonymous_22)
FN:378,(anonymous_23)
FNF:13
FNH:0
FNDA:0,(anonymous_11)
FNDA:0,(anonymous_12)
FNDA:0,(anonymous_13)
FNDA:0,(anonymous_14)
FNDA:0,(anonymous_15)
FNDA:0,(anonymous_16)
FNDA:0,(anonymous_17)
FNDA:0,(anonymous_18)
FNDA:0,(anonymous_19)
FNDA:0,(anonymous_20)
FNDA:0,(anonymous_21)
FNDA:0,(anonymous_22)
FNDA:0,(anonymous_23)
DA:1,0
DA:7,0
DA:8,0
DA:9,0
DA:10,0
DA:11,0
DA:12,0
DA:16,0
DA:18,0
DA:21,0
DA:23,0
DA:24,0
DA:25,0
DA:34,0
DA:35,0
DA:37,0
DA:47,0
DA:49,0
DA:52,0
DA:69,0
DA:70,0
DA:71,0
DA:72,0
DA:73,0
DA:74,0
DA:76,0
DA:77,0
DA:78,0
DA:84,0
DA:85,0
DA:87,0
DA:88,0
DA:92,0
DA:98,0
DA:124,0
DA:125,0
DA:127,0
DA:134,0
DA:154,0
DA:155,0
DA:158,0
DA:160,0
DA:165,0
DA:167,0
DA:173,0
DA:174,0
DA:180,0
DA:181,0
DA:182,0
DA:183,0
DA:185,0
DA:187,0
DA:190,0
DA:191,0
DA:195,0
DA:196,0
DA:199,0
DA:200,0
DA:204,0
DA:206,0
DA:207,0
DA:225,0
DA:229,0
DA:230,0
DA:236,0
DA:247,0
DA:251,0
DA:252,0
DA:262,0
DA:265,0
DA:277,0
DA:288,0
DA:292,0
DA:293,0
DA:299,0
DA:300,0
DA:301,0
DA:303,0
DA:307,0
DA:310,0
DA:311,0
DA:312,0
DA:315,0
DA:316,0
DA:320,0
DA:321,0
DA:324,0
DA:325,0
DA:330,0
DA:331,0
DA:348,0
DA:349,0
DA:350,0
DA:353,0
DA:354,0
DA:361,0
DA:362,0
DA:363,0
DA:364,0
DA:367,0
DA:377,0
DA:378,0
DA:379,0
DA:380,0
DA:391,0
LF:105
LH:0
BRDA:35,0,0,0
BRDA:35,0,1,0
BRDA:42,1,0,0
BRDA:42,1,1,0
BRDA:47,2,0,0
BRDA:47,2,1,0
BRDA:49,3,0,0
BRDA:49,3,1,0
BRDA:59,4,0,0
BRDA:60,5,0,0
BRDA:73,6,0,0
BRDA:73,6,1,0
BRDA:74,7,0,0
BRDA:74,7,1,0
BRDA:77,8,0,0
BRDA:77,8,1,0
BRDA:77,9,0,0
BRDA:77,9,1,0
BRDA:84,10,0,0
BRDA:84,10,1,0
BRDA:87,11,0,0
BRDA:87,11,1,0
BRDA:87,12,0,0
BRDA:87,12,1,0
BRDA:92,13,0,0
BRDA:92,13,1,0
BRDA:94,14,0,0
BRDA:94,14,1,0
BRDA:154,15,0,0
BRDA:154,15,1,0
BRDA:173,16,0,0
BRDA:173,16,1,0
BRDA:180,17,0,0
BRDA:180,17,1,0
BRDA:180,18,0,0
BRDA:180,18,1,0
BRDA:182,19,0,0
BRDA:182,19,1,0
BRDA:183,20,0,0
BRDA:183,20,1,0
BRDA:187,21,0,0
BRDA:187,21,1,0
BRDA:190,22,0,0
BRDA:190,22,1,0
BRDA:190,23,0,0
BRDA:190,23,1,0
BRDA:195,24,0,0
BRDA:195,24,1,0
BRDA:199,25,0,0
BRDA:199,25,1,0
BRDA:204,26,0,0
BRDA:204,26,1,0
BRDA:215,27,0,0
BRDA:215,27,1,0
BRDA:216,28,0,0
BRDA:216,28,1,0
BRDA:219,29,0,0
BRDA:219,29,1,0
BRDA:220,30,0,0
BRDA:220,30,1,0
BRDA:221,31,0,0
BRDA:221,31,1,0
BRDA:292,32,0,0
BRDA:292,32,1,0
BRDA:299,33,0,0
BRDA:299,33,1,0
BRDA:299,34,0,0
BRDA:299,34,1,0
BRDA:300,35,0,0
BRDA:300,35,1,0
BRDA:311,36,0,0
BRDA:311,36,1,0
BRDA:312,37,0,0
BRDA:312,37,1,0
BRDA:315,38,0,0
BRDA:315,38,1,0
BRDA:315,39,0,0
BRDA:315,39,1,0
BRDA:320,40,0,0
BRDA:320,40,1,0
BRDA:324,41,0,0
BRDA:324,41,1,0
BRDA:334,42,0,0
BRDA:334,42,1,0
BRDA:335,43,0,0
BRDA:335,43,1,0
BRDA:336,44,0,0
BRDA:336,44,1,0
BRDA:337,45,0,0
BRDA:337,45,1,0
BRDA:338,46,0,0
BRDA:338,46,1,0
BRDA:339,47,0,0
BRDA:339,47,1,0
BRDA:340,48,0,0
BRDA:340,48,1,0
BRDA:341,49,0,0
BRDA:341,49,1,0
BRDA:343,50,0,0
BRDA:343,50,1,0
BRDA:344,51,0,0
BRDA:344,51,1,0
BRDA:348,52,0,0
BRDA:348,52,1,0
BRDA:362,53,0,0
BRDA:362,53,1,0
BRDA:362,54,0,0
BRDA:362,54,1,0
BRDA:377,55,0,0
BRDA:377,55,1,0
BRDA:377,56,0,0
BRDA:377,56,1,0
BRDA:379,57,0,0
BRDA:379,57,1,0
BRDA:23,58,0,0
BRDA:23,58,1,0
BRDA:23,59,0,0
BRDA:23,59,1,0
BRDA:23,60,0,0
BRDA:23,60,1,0
BRDA:23,61,0,0
BRDA:23,61,1,0
BRDA:24,62,0,0
BRDA:24,62,1,0
BRDA:24,63,0,0
BRDA:24,63,1,0
BRF:126
BRH:0
end_of_record
TN:
SF:src\application\users\dto\create-user.dto.ts
FN:19,(anonymous_2)
FN:63,(anonymous_3)
FN:70,(anonymous_4)
FNF:3
FNH:0
FNDA:0,(anonymous_2)
FNDA:0,(anonymous_3)
FNDA:0,(anonymous_4)
DA:1,0
DA:2,0
DA:4,0
DA:6,0
DA:9,0
DA:12,0
DA:15,0
DA:19,0
DA:23,0
DA:27,0
DA:31,0
DA:37,0
DA:46,0
DA:54,0
DA:59,0
DA:63,0
DA:66,0
DA:70,0
DA:73,0
LF:19
LH:0
BRDA:19,0,0,0
BRDA:19,0,1,0
BRF:2
BRH:0
end_of_record
TN:
SF:src\application\users\dto\update-user.dto.ts
FN:15,(anonymous_2)
FN:49,(anonymous_3)
FN:56,(anonymous_4)
FNF:3
FNH:0
FNDA:0,(anonymous_2)
FNDA:0,(anonymous_3)
FNDA:0,(anonymous_4)
DA:1,0
DA:2,0
DA:4,0
DA:7,0
DA:11,0
DA:15,0
DA:19,0
DA:23,0
DA:27,0
DA:31,0
DA:40,0
DA:45,0
DA:49,0
DA:52,0
DA:56,0
DA:59,0
LF:16
LH:0
BRDA:15,0,0,0
BRDA:15,0,1,0
BRF:2
BRH:0
end_of_record
TN:
SF:src\application\webhooks\webhooks.controller.ts
FN:49,(anonymous_4)
FN:58,(anonymous_5)
FN:137,(anonymous_6)
FN:174,(anonymous_7)
FNF:4
FNH:0
FNDA:0,(anonymous_4)
FNDA:0,(anonymous_5)
FNDA:0,(anonymous_6)
FNDA:0,(anonymous_7)
DA:1,0
DA:10,0
DA:11,0
DA:12,0
DA:13,0
DA:14,0
DA:15,0
DA:16,0
DA:48,0
DA:50,0
DA:51,0
DA:52,0
DA:53,0
DA:58,0
DA:62,0
DA:63,0
DA:66,0
DA:67,0
DA:68,0
DA:71,0
DA:72,0
DA:75,0
DA:76,0
DA:77,0
DA:80,0
DA:85,0
DA:87,0
DA:91,0
DA:92,0
DA:95,0
DA:96,0
DA:98,0
DA:99,0
DA:107,0
DA:109,0
DA:110,0
DA:112,0
DA:116,0
DA:119,0
DA:120,0
DA:121,0
DA:122,0
DA:124,0
DA:126,0
DA:131,0
DA:134,0
DA:142,0
DA:143,0
DA:144,0
DA:147,0
DA:153,0
DA:156,0
DA:158,0
DA:159,0
DA:160,0
DA:161,0
DA:162,0
DA:166,0
DA:167,0
DA:169,0
DA:170,0
DA:175,0
DA:176,0
DA:177,0
DA:178,0
DA:179,0
DA:181,0
DA:184,0
LF:68
LH:0
BRDA:62,0,0,0
BRDA:62,0,1,0
BRDA:67,1,0,0
BRDA:67,1,1,0
BRDA:71,2,0,0
BRDA:71,2,1,0
BRDA:75,3,0,0
BRDA:75,3,1,0
BRDA:76,4,0,0
BRDA:76,4,1,0
BRDA:85,5,0,0
BRDA:85,5,1,0
BRDA:91,6,0,0
BRDA:91,6,1,0
BRDA:102,7,0,0
BRDA:102,7,1,0
BRDA:103,8,0,0
BRDA:103,8,1,0
BRDA:107,9,0,0
BRDA:107,9,1,0
BRDA:107,9,2,0
BRDA:109,10,0,0
BRDA:109,10,1,0
BRDA:119,11,0,0
BRDA:119,11,1,0
BRDA:121,12,0,0
BRDA:121,12,1,0
BRDA:142,13,0,0
BRDA:142,13,1,0
BRDA:143,14,0,0
BRDA:143,14,1,0
BRDA:147,15,0,0
BRDA:147,15,1,0
BRDA:153,16,0,0
BRDA:153,16,1,0
BRDA:153,16,2,0
BRDA:156,17,0,0
BRDA:156,17,1,0
BRDA:161,18,0,0
BRDA:161,18,1,0
BRDA:161,19,0,0
BRDA:161,19,1,0
BRDA:169,20,0,0
BRDA:169,20,1,0
BRDA:178,21,0,0
BRDA:178,21,1,0
BRDA:178,22,0,0
BRDA:178,22,1,0
BRDA:178,22,2,0
BRDA:50,23,0,0
BRDA:50,23,1,0
BRDA:50,24,0,0
BRDA:50,24,1,0
BRDA:50,25,0,0
BRDA:50,25,1,0
BRDA:50,26,0,0
BRDA:50,26,1,0
BRDA:51,27,0,0
BRDA:51,27,1,0
BRDA:51,28,0,0
BRDA:51,28,1,0
BRDA:52,29,0,0
BRDA:52,29,1,0
BRDA:52,30,0,0
BRDA:52,30,1,0
BRF:65
BRH:0
end_of_record
TN:
SF:src\application\webhooks\webhooks.module.ts
FNF:0
FNH:0
DA:1,0
DA:2,0
DA:3,0
DA:4,0
DA:5,0
DA:11,0
LF:6
LH:0
BRF:0
BRH:0
end_of_record
TN:
SF:src\application\wompi-reconciliation\wompi-reconciliation-cron.service.ts
FN:12,(anonymous_2)
FN:15,(anonymous_3)
FNF:2
FNH:0
FNDA:0,(anonymous_2)
FNDA:0,(anonymous_3)
DA:1,0
DA:2,0
DA:3,0
DA:11,0
DA:12,0
DA:15,0
DA:16,0
DA:17,0
DA:18,0
DA:23,0
DA:28,0
DA:29,0
DA:33,0
LF:13
LH:0
BRDA:18,0,0,0
BRDA:18,0,1,0
BRDA:19,1,0,0
BRDA:19,1,1,0
BRDA:19,1,2,0
BRDA:28,2,0,0
BRDA:28,2,1,0
BRDA:12,3,0,0
BRDA:12,3,1,0
BRDA:12,4,0,0
BRDA:12,4,1,0
BRF:11
BRH:0
end_of_record
TN:
SF:src\application\wompi-reconciliation\wompi-reconciliation.controller.ts
FN:14,(anonymous_2)
FN:17,(anonymous_3)
FNF:2
FNH:0
FNDA:0,(anonymous_2)
FNDA:0,(anonymous_3)
DA:1,0
DA:2,0
DA:3,0
DA:4,0
DA:13,0
DA:14,0
DA:17,0
DA:18,0
DA:19,0
LF:9
LH:0
BRDA:14,0,0,0
BRDA:14,0,1,0
BRDA:14,1,0,0
BRDA:14,1,1,0
BRF:4
BRH:0
end_of_record
TN:
SF:src\application\wompi-reconciliation\wompi-reconciliation.module.ts
FNF:0
FNH:0
DA:1,0
DA:2,0
DA:3,0
DA:4,0
DA:5,0
DA:6,0
DA:7,0
DA:8,0
DA:9,0
DA:10,0
DA:11,0
DA:34,0
LF:12
LH:0
BRF:0
BRH:0
end_of_record
TN:
SF:src\application\wompi-reconciliation\wompi-reconciliation.service.ts
FN:31,(anonymous_2)
FN:42,(anonymous_3)
FN:84,(anonymous_4)
FN:138,(anonymous_5)
FN:140,(anonymous_6)
FN:163,(anonymous_7)
FN:177,(anonymous_8)
FNF:7
FNH:0
FNDA:0,(anonymous_2)
FNDA:0,(anonymous_3)
FNDA:0,(anonymous_4)
FNDA:0,(anonymous_5)
FNDA:0,(anonymous_6)
FNDA:0,(anonymous_7)
FNDA:0,(anonymous_8)
DA:1,0
DA:2,0
DA:3,0
DA:4,0
DA:5,0
DA:6,0
DA:7,0
DA:28,0
DA:29,0
DA:32,0
DA:33,0
DA:34,0
DA:35,0
DA:36,0
DA:43,0
DA:51,0
DA:52,0
DA:53,0
DA:56,0
DA:61,0
DA:62,0
DA:75,0
DA:76,0
DA:78,0
DA:79,0
DA:81,0
DA:82,0
DA:84,0
DA:85,0
DA:86,0
DA:89,0
DA:91,0
DA:92,0
DA:98,0
DA:100,0
DA:102,0
DA:104,0
DA:113,0
DA:124,0
DA:125,0
DA:126,0
DA:127,0
DA:129,0
DA:133,0
DA:135,0
DA:136,0
DA:138,0
DA:139,0
DA:140,0
DA:141,0
DA:143,0
DA:144,0
DA:149,0
DA:151,0
DA:152,0
DA:160,0
DA:166,0
DA:170,0
DA:172,0
DA:173,0
DA:174,0
DA:181,0
DA:182,0
DA:183,0
DA:184,0
LF:65
LH:0
BRDA:79,0,0,0
BRDA:79,0,1,0
BRDA:82,1,0,0
BRDA:82,1,1,0
BRDA:89,2,0,0
BRDA:89,2,1,0
BRDA:96,3,0,0
BRDA:96,3,1,0
BRDA:100,4,0,0
BRDA:100,4,1,0
BRDA:105,5,0,0
BRDA:105,5,1,0
BRDA:125,6,0,0
BRDA:125,6,1,0
BRDA:133,7,0,0
BRDA:133,7,1,0
BRDA:136,8,0,0
BRDA:136,8,1,0
BRDA:141,9,0,0
BRDA:141,9,1,0
BRDA:151,10,0,0
BRDA:151,10,1,0
BRDA:153,11,0,0
BRDA:153,11,1,0
BRDA:170,12,0,0
BRDA:170,12,1,0
BRDA:173,13,0,0
BRDA:173,13,1,0
BRDA:182,14,0,0
BRDA:182,14,1,0
BRDA:183,15,0,0
BRDA:183,15,1,0
BRDA:186,16,0,0
BRDA:186,16,1,0
BRDA:32,17,0,0
BRDA:32,17,1,0
BRDA:32,18,0,0
BRDA:32,18,1,0
BRDA:32,19,0,0
BRDA:32,19,1,0
BRDA:32,20,0,0
BRDA:32,20,1,0
BRDA:33,21,0,0
BRDA:33,21,1,0
BRDA:33,22,0,0
BRDA:33,22,1,0
BRDA:34,23,0,0
BRDA:34,23,1,0
BRDA:34,24,0,0
BRDA:34,24,1,0
BRDA:35,25,0,0
BRDA:35,25,1,0
BRDA:35,26,0,0
BRDA:35,26,1,0
BRF:54
BRH:0
end_of_record
TN:
SF:src\auth\auth.controller.ts
FN:29,(anonymous_4)
FN:33,(anonymous_5)
FN:41,(anonymous_6)
FN:52,(anonymous_7)
FN:64,(anonymous_8)
FN:75,(anonymous_9)
FN:86,(anonymous_10)
FN:94,(anonymous_11)
FNF:8
FNH:0
FNDA:0,(anonymous_4)
FNDA:0,(anonymous_5)
FNDA:0,(anonymous_6)
FNDA:0,(anonymous_7)
FNDA:0,(anonymous_8)
FNDA:0,(anonymous_9)
FNDA:0,(anonymous_10)
FNDA:0,(anonymous_11)
DA:1,0
DA:12,0
DA:13,0
DA:14,0
DA:15,0
DA:16,0
DA:17,0
DA:18,0
DA:19,0
DA:23,0
DA:28,0
DA:29,0
DA:33,0
DA:34,0
DA:35,0
DA:41,0
DA:42,0
DA:43,0
DA:52,0
DA:53,0
DA:54,0
DA:64,0
DA:68,0
DA:69,0
DA:75,0
DA:79,0
DA:80,0
DA:86,0
DA:87,0
DA:88,0
DA:94,0
DA:95,0
DA:96,0
LF:33
LH:0
BRDA:41,0,0,0
BRDA:41,0,1,0
BRDA:41,1,0,0
BRDA:41,1,1,0
BRDA:52,2,0,0
BRDA:52,2,1,0
BRDA:52,3,0,0
BRDA:52,3,1,0
BRDA:66,4,0,0
BRDA:66,4,1,0
BRDA:66,5,0,0
BRDA:66,5,1,0
BRDA:77,6,0,0
BRDA:77,6,1,0
BRDA:77,7,0,0
BRDA:77,7,1,0
BRDA:86,8,0,0
BRDA:86,8,1,0
BRDA:86,9,0,0
BRDA:86,9,1,0
BRDA:94,10,0,0
BRDA:94,10,1,0
BRDA:94,11,0,0
BRDA:94,11,1,0
BRDA:29,12,0,0
BRDA:29,12,1,0
BRDA:29,13,0,0
BRDA:29,13,1,0
BRF:28
BRH:0
end_of_record
TN:
SF:src\auth\auth.module.ts
FNF:0
FNH:0
DA:1,0
DA:2,0
DA:3,0
DA:4,0
DA:5,0
DA:6,0
DA:7,0
DA:8,0
DA:9,0
DA:10,0
DA:26,0
LF:11
LH:0
BRF:0
BRH:0
end_of_record
TN:
SF:src\auth\auth.service.ts
FN:59,(anonymous_11)
FN:66,(anonymous_12)
FN:107,(anonymous_13)
FN:160,(anonymous_14)
FN:166,(anonymous_15)
FN:188,(anonymous_16)
FN:194,(anonymous_17)
FN:200,(anonymous_18)
FN:222,(anonymous_19)
FN:223,(anonymous_20)
FN:277,(anonymous_21)
FN:289,(anonymous_22)
FN:350,(anonymous_23)
FN:366,(anonymous_24)
FN:407,(anonymous_25)
FN:417,(anonymous_26)
FN:465,(anonymous_27)
FN:558,(anonymous_28)
FN:593,(anonymous_29)
FN:623,(anonymous_30)
FN:651,(anonymous_31)
FNF:21
FNH:0
FNDA:0,(anonymous_11)
FNDA:0,(anonymous_12)
FNDA:0,(anonymous_13)
FNDA:0,(anonymous_14)
FNDA:0,(anonymous_15)
FNDA:0,(anonymous_16)
FNDA:0,(anonymous_17)
FNDA:0,(anonymous_18)
FNDA:0,(anonymous_19)
FNDA:0,(anonymous_20)
FNDA:0,(anonymous_21)
FNDA:0,(anonymous_22)
FNDA:0,(anonymous_23)
FNDA:0,(anonymous_24)
FNDA:0,(anonymous_25)
FNDA:0,(anonymous_26)
FNDA:0,(anonymous_27)
FNDA:0,(anonymous_28)
FNDA:0,(anonymous_29)
FNDA:0,(anonymous_30)
FNDA:0,(anonymous_31)
DA:1,0
DA:8,0
DA:9,0
DA:10,0
DA:11,0
DA:12,0
DA:13,0
DA:14,0
DA:58,0
DA:60,0
DA:61,0
DA:62,0
DA:63,0
DA:67,0
DA:72,0
DA:73,0
DA:76,0
DA:85,0
DA:87,0
DA:88,0
DA:90,0
DA:91,0
DA:92,0
DA:93,0
DA:95,0
DA:96,0
DA:97,0
DA:101,0
DA:102,0
DA:103,0
DA:104,0
DA:107,0
DA:108,0
DA:109,0
DA:115,0
DA:122,0
DA:129,0
DA:130,0
DA:131,0
DA:136,0
DA:137,0
DA:147,0
DA:160,0
DA:167,0
DA:188,0
DA:189,0
DA:191,0
DA:194,0
DA:201,0
DA:202,0
DA:206,0
DA:207,0
DA:210,0
DA:218,0
DA:219,0
DA:222,0
DA:223,0
DA:224,0
DA:227,0
DA:228,0
DA:229,0
DA:233,0
DA:241,0
DA:242,0
DA:243,0
DA:251,0
DA:270,0
DA:278,0
DA:286,0
DA:287,0
DA:289,0
DA:290,0
DA:291,0
DA:293,0
DA:294,0
DA:297,0
DA:298,0
DA:305,0
DA:310,0
DA:311,0
DA:312,0
DA:317,0
DA:326,0
DA:354,0
DA:362,0
DA:363,0
DA:366,0
DA:367,0
DA:368,0
DA:370,0
DA:376,0
DA:378,0
DA:379,0
DA:380,0
DA:385,0
DA:394,0
DA:407,0
DA:421,0
DA:422,0
DA:423,0
DA:424,0
DA:427,0
DA:430,0
DA:431,0
DA:434,0
DA:438,0
DA:439,0
DA:441,0
DA:450,0
DA:451,0
DA:457,0
DA:474,0
DA:478,0
DA:479,0
DA:480,0
DA:481,0
DA:483,0
DA:484,0
DA:485,0
DA:489,0
DA:490,0
DA:491,0
DA:492,0
DA:496,0
DA:497,0
DA:498,0
DA:499,0
DA:502,0
DA:512,0
DA:513,0
DA:516,0
DA:519,0
DA:520,0
DA:523,0
DA:529,0
DA:531,0
DA:540,0
DA:541,0
DA:551,0
DA:559,0
DA:560,0
DA:564,0
DA:566,0
DA:569,0
DA:570,0
DA:572,0
DA:580,0
DA:581,0
DA:587,0
DA:598,0
DA:599,0
DA:603,0
DA:604,0
DA:607,0
DA:617,0
DA:618,0
DA:621,0
DA:623,0
DA:624,0
DA:628,0
DA:634,0
DA:635,0
DA:656,0
DA:659,0
DA:660,0
LF:165
LH:0
BRDA:72,0,0,0
BRDA:72,0,1,0
BRDA:73,1,0,0
BRDA:73,1,1,0
BRDA:73,2,0,0
BRDA:73,2,1,0
BRDA:85,3,0,0
BRDA:85,3,1,0
BRDA:85,4,0,0
BRDA:85,4,1,0
BRDA:87,5,0,0
BRDA:87,5,1,0
BRDA:90,6,0,0
BRDA:90,6,1,0
BRDA:90,7,0,0
BRDA:90,7,1,0
BRDA:91,8,0,0
BRDA:91,8,1,0
BRDA:95,9,0,0
BRDA:95,9,1,0
BRDA:102,10,0,0
BRDA:102,10,1,0
BRDA:108,11,0,0
BRDA:108,11,1,0
BRDA:133,12,0,0
BRDA:133,12,1,0
BRDA:136,13,0,0
BRDA:136,13,1,0
BRDA:160,14,0,0
BRDA:160,14,1,0
BRDA:188,15,0,0
BRDA:188,15,1,0
BRDA:203,16,0,0
BRDA:203,16,1,0
BRDA:206,17,0,0
BRDA:206,17,1,0
BRDA:218,18,0,0
BRDA:218,18,1,0
BRDA:223,19,0,0
BRDA:223,19,1,0
BRDA:227,20,0,0
BRDA:227,20,1,0
BRDA:228,21,0,0
BRDA:228,21,1,0
BRDA:229,22,0,0
BRDA:229,22,1,0
BRDA:238,23,0,0
BRDA:238,23,1,0
BRDA:247,24,0,0
BRDA:247,24,1,0
BRDA:266,25,0,0
BRDA:266,25,1,0
BRDA:286,26,0,0
BRDA:286,26,1,0
BRDA:286,27,0,0
BRDA:286,27,1,0
BRDA:290,28,0,0
BRDA:290,28,1,0
BRDA:293,29,0,0
BRDA:293,29,1,0
BRDA:314,30,0,0
BRDA:314,30,1,0
BRDA:362,31,0,0
BRDA:362,31,1,0
BRDA:362,32,0,0
BRDA:362,32,1,0
BRDA:367,33,0,0
BRDA:367,33,1,0
BRDA:382,34,0,0
BRDA:382,34,1,0
BRDA:407,35,0,0
BRDA:407,35,1,0
BRDA:423,36,0,0
BRDA:423,36,1,0
BRDA:430,37,0,0
BRDA:430,37,1,0
BRDA:450,38,0,0
BRDA:450,38,1,0
BRDA:478,39,0,0
BRDA:478,39,1,0
BRDA:480,40,0,0
BRDA:480,40,1,0
BRDA:480,41,0,0
BRDA:480,41,1,0
BRDA:484,42,0,0
BRDA:484,42,1,0
BRDA:490,43,0,0
BRDA:490,43,1,0
BRDA:491,44,0,0
BRDA:491,44,1,0
BRDA:491,45,0,0
BRDA:491,45,1,0
BRDA:498,46,0,0
BRDA:498,46,1,0
BRDA:512,47,0,0
BRDA:512,47,1,0
BRDA:519,48,0,0
BRDA:519,48,1,0
BRDA:536,49,0,0
BRDA:536,49,1,0
BRDA:540,50,0,0
BRDA:540,50,1,0
BRDA:564,51,0,0
BRDA:564,51,1,0
BRDA:580,52,0,0
BRDA:580,52,1,0
BRDA:603,53,0,0
BRDA:603,53,1,0
BRDA:617,54,0,0
BRDA:617,54,1,0
BRDA:634,55,0,0
BRDA:634,55,1,0
BRDA:659,56,0,0
BRDA:659,56,1,0
BRDA:60,57,0,0
BRDA:60,57,1,0
BRDA:60,58,0,0
BRDA:60,58,1,0
BRDA:60,59,0,0
BRDA:60,59,1,0
BRDA:60,60,0,0
BRDA:60,60,1,0
BRDA:61,61,0,0
BRDA:61,61,1,0
BRDA:61,62,0,0
BRDA:61,62,1,0
BRDA:62,63,0,0
BRDA:62,63,1,0
BRDA:62,64,0,0
BRDA:62,64,1,0
BRF:130
BRH:0
end_of_record
TN:
SF:src\auth\permission.service.ts
FN:17,(anonymous_1)
FN:34,(anonymous_2)
FN:47,(anonymous_3)
FN:58,(anonymous_4)
FN:66,(anonymous_5)
FN:79,(anonymous_6)
FN:87,(anonymous_7)
FN:95,(anonymous_8)
FNF:8
FNH:0
FNDA:0,(anonymous_1)
FNDA:0,(anonymous_2)
FNDA:0,(anonymous_3)
FNDA:0,(anonymous_4)
FNDA:0,(anonymous_5)
FNDA:0,(anonymous_6)
FNDA:0,(anonymous_7)
FNDA:0,(anonymous_8)
DA:7,0
DA:8,0
DA:12,0
DA:18,0
DA:19,0
DA:25,0
DA:27,0
DA:35,0
DA:48,0
DA:59,0
DA:67,0
DA:80,0
DA:88,0
DA:96,0
LF:14
LH:0
BRDA:18,0,0,0
BRDA:18,0,1,0
BRDA:19,1,0,0
BRDA:19,1,1,0
BRDA:20,2,0,0
BRDA:20,2,1,0
BRDA:20,2,2,0
BRDA:20,2,3,0
BRDA:36,3,0,0
BRDA:36,3,1,0
BRDA:36,3,2,0
BRDA:36,3,3,0
BRDA:49,4,0,0
BRDA:49,4,1,0
BRDA:68,5,0,0
BRDA:68,5,1,0
BRDA:68,5,2,0
BRDA:68,5,3,0
BRDA:97,6,0,0
BRDA:97,6,1,0
BRF:20
BRH:0
end_of_record
TN:
SF:src\auth\permissions-from-roles.ts
FN:8,computePermissions
FN:99,computePermissionsForImpersonation
FNF:2
FNH:0
FNDA:0,computePermissions
FNDA:0,computePermissionsForImpersonation
DA:5,0
DA:6,0
DA:8,0
DA:13,0
DA:16,0
DA:17,0
DA:21,0
DA:22,0
DA:23,0
DA:24,0
DA:25,0
DA:26,0
DA:27,0
DA:28,0
DA:29,0
DA:30,0
DA:31,0
DA:32,0
DA:33,0
DA:34,0
DA:35,0
DA:39,0
DA:40,0
DA:41,0
DA:42,0
DA:43,0
DA:44,0
DA:45,0
DA:46,0
DA:47,0
DA:51,0
DA:52,0
DA:53,0
DA:54,0
DA:55,0
DA:56,0
DA:57,0
DA:58,0
DA:59,0
DA:60,0
DA:61,0
DA:65,0
DA:66,0
DA:67,0
DA:68,0
DA:69,0
DA:70,0
DA:71,0
DA:75,0
DA:76,0
DA:80,0
DA:81,0
DA:82,0
DA:86,0
DA:87,0
DA:91,0
DA:92,0
DA:95,0
DA:99,0
DA:100,0
LF:60
LH:0
BRDA:16,0,0,0
BRDA:16,0,1,0
BRDA:16,1,0,0
BRDA:16,1,1,0
BRDA:21,2,0,0
BRDA:21,2,1,0
BRDA:39,3,0,0
BRDA:39,3,1,0
BRDA:51,4,0,0
BRDA:51,4,1,0
BRDA:65,5,0,0
BRDA:65,5,1,0
BRDA:75,6,0,0
BRDA:75,6,1,0
BRDA:80,7,0,0
BRDA:80,7,1,0
BRDA:86,8,0,0
BRDA:86,8,1,0
BRDA:91,9,0,0
BRDA:91,9,1,0
BRDA:91,10,0,0
BRDA:91,10,1,0
BRDA:91,10,2,0
BRF:23
BRH:0
end_of_record
TN:
SF:src\auth\permissions.constants.ts
FNF:0
FNH:0
DA:6,0
LF:1
LH:0
BRF:0
BRH:0
end_of_record
TN:
SF:src\auth\decorators\roles.decorator.ts
FN:10,(anonymous_0)
FNF:1
FNH:0
FNDA:0,(anonymous_0)
DA:1,0
DA:4,0
DA:10,0
LF:3
LH:0
BRF:0
BRH:0
end_of_record
TN:
SF:src\auth\dto\cambiar-password.dto.ts
FNF:0
FNH:0
DA:1,0
DA:8,0
DA:13,0
DA:17,0
DA:22,0
DA:27,0
LF:6
LH:0
BRF:0
BRH:0
end_of_record
TN:
SF:src\auth\dto\login.dto.ts
FNF:0
FNH:0
DA:1,0
DA:3,0
DA:5,0
DA:8,0
DA:11,0
DA:15,0
LF:6
LH:0
BRF:0
BRH:0
end_of_record
TN:
SF:src\auth\dto\olvide-contrasena.dto.ts
FNF:0
FNH:0
DA:1,0
DA:3,0
DA:5,0
DA:8,0
DA:10,0
DA:14,0
DA:18,0
LF:7
LH:0
BRF:0
BRH:0
end_of_record
TN:
SF:src\auth\dto\refresh-token.dto.ts
FNF:0
FNH:0
DA:1,0
DA:3,0
DA:6,0
LF:3
LH:0
BRF:0
BRH:0
end_of_record
TN:
SF:src\auth\dto\solicitar-verificacion-email.dto.ts
FNF:0
FNH:0
DA:1,0
DA:3,0
DA:5,0
LF:3
LH:0
BRF:0
BRH:0
end_of_record
TN:
SF:src\auth\guards\impersonacion-salir.guard.ts
FN:15,(anonymous_1)
FNF:1
FNH:0
FNDA:0,(anonymous_1)
DA:1,0
DA:14,0
DA:16,0
DA:17,0
DA:19,0
DA:20,0
DA:23,0
DA:24,0
DA:27,0
LF:9
LH:0
BRDA:19,0,0,0
BRDA:19,0,1,0
BRDA:23,1,0,0
BRDA:23,1,1,0
BRF:4
BRH:0
end_of_record
TN:
SF:src\auth\guards\junta.guard.ts
FN:16,(anonymous_1)
FNF:1
FNH:0
FNDA:0,(anonymous_1)
DA:1,0
DA:15,0
DA:17,0
DA:18,0
DA:20,0
DA:21,0
DA:24,0
DA:25,0
DA:28,0
LF:9
LH:0
BRDA:20,0,0,0
BRDA:20,0,1,0
BRDA:24,1,0,0
BRDA:24,1,1,0
BRDA:24,2,0,0
BRDA:24,2,1,0
BRF:6
BRH:0
end_of_record
TN:
SF:src\auth\guards\modificador-o-admin.guard.ts
FN:16,(anonymous_1)
FNF:1
FNH:0
FNDA:0,(anonymous_1)
DA:1,0
DA:7,0
DA:15,0
DA:17,0
DA:18,0
DA:20,0
DA:21,0
DA:25,0
DA:29,0
DA:31,0
DA:32,0
DA:35,0
LF:12
LH:0
BRDA:20,0,0,0
BRDA:20,0,1,0
BRDA:25,1,0,0
BRDA:25,1,1,0
BRDA:25,1,2,0
BRDA:25,1,3,0
BRDA:29,2,0,0
BRDA:29,2,1,0
BRDA:31,3,0,0
BRDA:31,3,1,0
BRDA:31,4,0,0
BRDA:31,4,1,0
BRF:12
BRH:0
end_of_record
TN:
SF:src\auth\guards\modificador-solo.guard.ts
FN:16,(anonymous_1)
FNF:1
FNH:0
FNDA:0,(anonymous_1)
DA:1,0
DA:15,0
DA:17,0
DA:18,0
DA:20,0
DA:21,0
DA:24,0
DA:25,0
DA:28,0
LF:9
LH:0
BRDA:20,0,0,0
BRDA:20,0,1,0
BRDA:24,1,0,0
BRDA:24,1,1,0
BRDA:24,2,0,0
BRDA:24,2,1,0
BRF:6
BRH:0
end_of_record
TN:
SF:src\auth\guards\platform-admin.guard.ts
FN:13,(anonymous_2)
FN:15,(anonymous_3)
FNF:2
FNH:0
FNDA:0,(anonymous_2)
FNDA:0,(anonymous_3)
DA:1,0
DA:7,0
DA:8,0
DA:12,0
DA:13,0
DA:16,0
DA:17,0
DA:19,0
DA:20,0
DA:24,0
DA:26,0
DA:27,0
DA:30,0
LF:13
LH:0
BRDA:19,0,0,0
BRDA:19,0,1,0
BRDA:24,1,0,0
BRDA:24,1,1,0
BRDA:26,2,0,0
BRDA:26,2,1,0
BRDA:13,3,0,0
BRDA:13,3,1,0
BRDA:13,4,0,0
BRDA:13,4,1,0
BRF:10
BRH:0
end_of_record
TN:
SF:src\auth\guards\roles.guard.ts
FN:18,(anonymous_2)
FN:20,(anonymous_3)
FN:37,(anonymous_4)
FNF:3
FNH:0
FNDA:0,(anonymous_2)
FNDA:0,(anonymous_3)
FNDA:0,(anonymous_4)
DA:1,0
DA:7,0
DA:10,0
DA:17,0
DA:18,0
DA:21,0
DA:26,0
DA:27,0
DA:30,0
DA:31,0
DA:33,0
DA:34,0
DA:37,0
DA:39,0
DA:40,0
DA:45,0
LF:16
LH:0
BRDA:26,0,0,0
BRDA:26,0,1,0
BRDA:26,1,0,0
BRDA:26,1,1,0
BRDA:33,2,0,0
BRDA:33,2,1,0
BRDA:39,3,0,0
BRDA:39,3,1,0
BRDA:18,4,0,0
BRDA:18,4,1,0
BRDA:18,5,0,0
BRDA:18,5,1,0
BRF:12
BRH:0
end_of_record
TN:
SF:src\auth\guards\usuario-propio-o-admin.guard.ts
FN:16,(anonymous_1)
FNF:1
FNH:0
FNDA:0,(anonymous_1)
DA:1,0
DA:7,0
DA:15,0
DA:17,0
DA:18,0
DA:20,0
DA:21,0
DA:24,0
DA:25,0
DA:26,0
DA:30,0
DA:34,0
DA:36,0
DA:37,0
DA:40,0
LF:15
LH:0
BRDA:20,0,0,0
BRDA:20,0,1,0
BRDA:25,1,0,0
BRDA:25,1,1,0
BRDA:30,2,0,0
BRDA:30,2,1,0
BRDA:30,2,2,0
BRDA:30,2,3,0
BRDA:34,3,0,0
BRDA:34,3,1,0
BRDA:36,4,0,0
BRDA:36,4,1,0
BRDA:36,5,0,0
BRDA:36,5,1,0
BRF:14
BRH:0
end_of_record
TN:
SF:src\auth\strategies\jwt.strategy.ts
FN:27,(anonymous_2)
FN:35,(anonymous_3)
FN:55,(anonymous_4)
FN:65,(anonymous_5)
FNF:4
FNH:0
FNDA:0,(anonymous_2)
FNDA:0,(anonymous_3)
FNDA:0,(anonymous_4)
FNDA:0,(anonymous_5)
DA:1,0
DA:2,0
DA:3,0
DA:4,0
DA:26,0
DA:27,0
DA:28,0
DA:36,0
DA:37,0
DA:40,0
DA:51,0
DA:52,0
DA:55,0
DA:56,0
DA:60,0
DA:62,0
DA:65,0
LF:17
LH:0
BRDA:36,0,0,0
BRDA:36,0,1,0
BRDA:51,1,0,0
BRDA:51,1,1,0
BRDA:51,2,0,0
BRDA:51,2,1,0
BRDA:55,3,0,0
BRDA:55,3,1,0
BRDA:60,4,0,0
BRDA:60,4,1,0
BRDA:60,5,0,0
BRDA:60,5,1,0
BRDA:27,6,0,0
BRDA:27,6,1,0
BRDA:27,7,0,0
BRDA:27,7,1,0
BRF:16
BRH:0
end_of_record
TN:
SF:src\common\filters\domain-exception.filter.ts
FN:21,(anonymous_1)
FN:52,(anonymous_2)
FN:88,(anonymous_3)
FNF:3
FNH:0
FNDA:0,(anonymous_1)
FNDA:0,(anonymous_2)
FNDA:0,(anonymous_3)
DA:6,0
DA:15,0
DA:18,0
DA:19,0
DA:22,0
DA:23,0
DA:25,0
DA:26,0
DA:28,0
DA:29,0
DA:30,0
DA:31,0
DA:32,0
DA:33,0
DA:34,0
DA:35,0
DA:36,0
DA:37,0
DA:38,0
DA:41,0
DA:46,0
DA:47,0
DA:49,0
DA:53,0
DA:85,0
DA:89,0
DA:100,0
LF:27
LH:0
BRDA:28,0,0,0
BRDA:28,0,1,0
BRDA:31,1,0,0
BRDA:31,1,1,0
BRDA:32,2,0,0
BRDA:32,2,1,0
BRDA:33,3,0,0
BRDA:33,3,1,0
BRDA:36,4,0,0
BRDA:36,4,1,0
BRDA:43,5,0,0
BRDA:43,5,1,0
BRDA:46,6,0,0
BRDA:46,6,1,0
BRDA:85,7,0,0
BRDA:85,7,1,0
BRDA:100,8,0,0
BRDA:100,8,1,0
BRF:18
BRH:0
end_of_record
TN:
SF:src\common\utils\suscripcion-fechas.util.ts
FN:33,calcularFechaVencimiento
FN:54,getEstadoSuscripcion
FNF:2
FNH:0
FNDA:0,calcularFechaVencimiento
FNDA:0,getEstadoSuscripcion
DA:8,0
DA:33,0
DA:34,0
DA:35,0
DA:37,0
DA:38,0
DA:39,0
DA:42,0
DA:43,0
DA:44,0
DA:46,0
DA:48,0
DA:54,0
DA:55,0
LF:14
LH:0
BRDA:35,0,0,0
BRDA:35,0,1,0
BRDA:37,1,0,0
BRDA:37,1,1,0
BRDA:42,2,0,0
BRDA:42,2,1,0
BRDA:43,3,0,0
BRDA:43,3,1,0
BRDA:55,4,0,0
BRDA:55,4,1,0
BRF:10
BRH:0
end_of_record
TN:
SF:src\common\utils\validacion-telefono.util.ts
FN:12,validarTelefonoColombia
FN:21,normalizarTelefonoColombia
FNF:2
FNH:0
FNDA:0,validarTelefonoColombia
FNDA:0,normalizarTelefonoColombia
DA:7,0
DA:12,0
DA:13,0
DA:14,0
DA:15,0
DA:21,0
DA:22,0
DA:23,0
DA:24,0
DA:27,0
DA:28,0
LF:11
LH:0
BRDA:13,0,0,0
BRDA:13,0,1,0
BRDA:13,1,0,0
BRDA:13,1,1,0
BRDA:22,2,0,0
BRDA:22,2,1,0
BRDA:22,3,0,0
BRDA:22,3,1,0
BRDA:24,4,0,0
BRDA:24,4,1,0
BRF:10
BRH:0
end_of_record
TN:
SF:src\domain\errors\domain.errors.ts
FN:10,(anonymous_0)
FN:22,(anonymous_1)
FN:29,(anonymous_2)
FN:39,(anonymous_3)
FN:47,(anonymous_4)
FN:54,(anonymous_5)
FN:61,(anonymous_6)
FN:69,(anonymous_7)
FN:80,(anonymous_8)
FN:87,(anonymous_9)
FN:94,(anonymous_10)
FN:105,(anonymous_11)
FN:113,(anonymous_12)
FN:123,(anonymous_13)
FN:133,(anonymous_14)
FN:143,(anonymous_15)
FN:151,(anonymous_16)
FN:161,(anonymous_17)
FN:168,(anonymous_18)
FN:175,(anonymous_19)
FN:182,(anonymous_20)
FN:189,(anonymous_21)
FN:199,(anonymous_22)
FN:207,(anonymous_23)
FN:217,(anonymous_24)
FN:224,(anonymous_25)
FN:231,(anonymous_26)
FN:238,(anonymous_27)
FN:246,(anonymous_28)
FN:256,(anonymous_29)
FN:266,(anonymous_30)
FN:276,(anonymous_31)
FN:288,(anonymous_32)
FN:299,(anonymous_33)
FNF:34
FNH:11
FNDA:19,(anonymous_0)
FNDA:0,(anonymous_1)
FNDA:0,(anonymous_2)
FNDA:0,(anonymous_3)
FNDA:1,(anonymous_4)
FNDA:0,(anonymous_5)
FNDA:1,(anonymous_6)
FNDA:2,(anonymous_7)
FNDA:4,(anonymous_8)
FNDA:1,(anonymous_9)
FNDA:0,(anonymous_10)
FNDA:3,(anonymous_11)
FNDA:0,(anonymous_12)
FNDA:1,(anonymous_13)
FNDA:1,(anonymous_14)
FNDA:0,(anonymous_15)
FNDA:0,(anonymous_16)
FNDA:0,(anonymous_17)
FNDA:0,(anonymous_18)
FNDA:0,(anonymous_19)
FNDA:4,(anonymous_20)
FNDA:1,(anonymous_21)
FNDA:0,(anonymous_22)
FNDA:0,(anonymous_23)
FNDA:0,(anonymous_24)
FNDA:0,(anonymous_25)
FNDA:0,(anonymous_26)
FNDA:0,(anonymous_27)
FNDA:0,(anonymous_28)
FNDA:0,(anonymous_29)
FNDA:0,(anonymous_30)
FNDA:0,(anonymous_31)
FNDA:0,(anonymous_32)
FNDA:0,(anonymous_33)
DA:9,5
DA:12,19
DA:14,19
DA:15,19
DA:16,19
DA:21,5
DA:23,0
DA:24,0
DA:28,5
DA:30,0
DA:34,0
DA:38,5
DA:40,0
DA:41,0
DA:46,5
DA:48,1
DA:49,1
DA:53,5
DA:55,0
DA:56,0
DA:60,5
DA:62,1
DA:63,1
DA:68,5
DA:70,2
DA:74,2
DA:79,5
DA:81,4
DA:82,4
DA:86,5
DA:88,1
DA:89,1
DA:93,5
DA:95,0
DA:99,0
DA:104,5
DA:106,3
DA:107,3
DA:112,5
DA:114,0
DA:118,0
DA:122,5
DA:124,1
DA:128,1
DA:132,5
DA:134,1
DA:138,1
DA:142,5
DA:144,0
DA:145,0
DA:150,5
DA:152,0
DA:156,0
DA:160,5
DA:162,0
DA:163,0
DA:167,5
DA:169,0
DA:170,0
DA:174,5
DA:176,0
DA:177,0
DA:181,5
DA:183,4
DA:184,4
DA:188,5
DA:190,1
DA:194,1
DA:198,5
DA:200,0
DA:201,0
DA:206,5
DA:208,0
DA:212,0
DA:216,5
DA:218,0
DA:219,0
DA:223,5
DA:225,0
DA:226,0
DA:230,5
DA:232,0
DA:233,0
DA:237,5
DA:239,0
DA:240,0
DA:245,5
DA:247,0
DA:251,0
DA:255,5
DA:257,0
DA:261,0
DA:265,5
DA:267,0
DA:271,0
DA:275,5
DA:277,0
DA:281,0
DA:287,5
DA:289,0
DA:293,0
DA:298,5
DA:300,0
DA:301,0
LF:104
LH:58
BRF:0
BRH:0
end_of_record
TN:
SF:src\domain\errors\index.ts
FN:7,(anonymous_0)
FN:8,(anonymous_1)
FN:9,(anonymous_2)
FN:10,(anonymous_3)
FN:11,(anonymous_4)
FN:12,(anonymous_5)
FN:13,(anonymous_6)
FN:14,(anonymous_7)
FN:15,(anonymous_8)
FN:16,(anonymous_9)
FN:17,(anonymous_10)
FN:18,(anonymous_11)
FN:19,(anonymous_12)
FN:20,(anonymous_13)
FN:21,(anonymous_14)
FN:22,(anonymous_15)
FN:23,(anonymous_16)
FN:24,(anonymous_17)
FN:25,(anonymous_18)
FN:26,(anonymous_19)
FN:27,(anonymous_20)
FN:28,(anonymous_21)
FN:29,(anonymous_22)
FN:30,(anonymous_23)
FN:31,(anonymous_24)
FN:32,(anonymous_25)
FN:33,(anonymous_26)
FN:34,(anonymous_27)
FN:35,(anonymous_28)
FN:36,(anonymous_29)
FN:37,(anonymous_30)
FN:38,(anonymous_31)
FN:39,(anonymous_32)
FN:40,(anonymous_33)
FNF:34
FNH:4
FNDA:0,(anonymous_0)
FNDA:0,(anonymous_1)
FNDA:0,(anonymous_2)
FNDA:0,(anonymous_3)
FNDA:0,(anonymous_4)
FNDA:0,(anonymous_5)
FNDA:0,(anonymous_6)
FNDA:2,(anonymous_7)
FNDA:0,(anonymous_8)
FNDA:0,(anonymous_9)
FNDA:0,(anonymous_10)
FNDA:2,(anonymous_11)
FNDA:0,(anonymous_12)
FNDA:0,(anonymous_13)
FNDA:0,(anonymous_14)
FNDA:0,(anonymous_15)
FNDA:0,(anonymous_16)
FNDA:0,(anonymous_17)
FNDA:0,(anonymous_18)
FNDA:0,(anonymous_19)
FNDA:4,(anonymous_20)
FNDA:1,(anonymous_21)
FNDA:0,(anonymous_22)
FNDA:0,(anonymous_23)
FNDA:0,(anonymous_24)
FNDA:0,(anonymous_25)
FNDA:0,(anonymous_26)
FNDA:0,(anonymous_27)
FNDA:0,(anonymous_28)
FNDA:0,(anonymous_29)
FNDA:0,(anonymous_30)
FNDA:0,(anonymous_31)
FNDA:0,(anonymous_32)
FNDA:0,(anonymous_33)
DA:6,1
DA:7,1
DA:8,1
DA:9,1
DA:10,1
DA:11,1
DA:12,1
DA:13,1
DA:14,3
DA:15,1
DA:16,1
DA:17,1
DA:18,3
DA:19,1
DA:20,1
DA:21,1
DA:22,1
DA:23,1
DA:24,1
DA:25,1
DA:26,1
DA:27,5
DA:28,2
DA:29,1
DA:30,1
DA:31,1
DA:32,1
DA:33,1
DA:34,1
DA:35,1
DA:36,1
DA:37,1
DA:38,1
DA:39,1
DA:40,1
LF:35
LH:35
BRF:0
BRH:0
end_of_record
TN:
SF:src\domain\helpers\carta-pago-validation.helper.ts
FN:28,validateCartaPagoPreconditions
FNF:1
FNH:1
FNDA:10,validateCartaPagoPreconditions
DA:7,1
DA:28,1
DA:29,10
DA:31,10
DA:32,2
DA:34,8
DA:35,4
DA:37,4
DA:38,2
DA:40,2
DA:41,1
LF:11
LH:11
BRDA:31,0,0,2
BRDA:31,0,1,8
BRDA:34,1,0,4
BRDA:34,1,1,4
BRDA:34,2,0,8
BRDA:34,2,1,5
BRDA:37,3,0,2
BRDA:37,3,1,2
BRDA:37,4,0,4
BRDA:37,4,1,3
BRDA:40,5,0,1
BRDA:40,5,1,1
BRF:12
BRH:12
end_of_record
TN:
SF:src\domain\ports\audit-event-store.port.ts
FNF:0
FNH:0
DA:9,0
LF:1
LH:0
BRF:0
BRH:0
end_of_record
TN:
SF:src\domain\ports\debt-data-provider.port.ts
FNF:0
FNH:0
DA:9,0
LF:1
LH:0
BRF:0
BRH:0
end_of_record
TN:
SF:src\domain\ports\estado-general-data-provider.port.ts
FNF:0
FNH:0
DA:13,0
LF:1
LH:0
BRF:0
BRH:0
end_of_record
TN:
SF:src\domain\ports\index.ts
FNF:0
FNH:0
DA:1,0
DA:2,0
DA:3,0
DA:4,0
DA:5,0
LF:5
LH:0
BRF:0
BRH:0
end_of_record
TN:
SF:src\domain\ports\requisito-repository.port.ts
FNF:0
FNH:0
DA:9,0
LF:1
LH:0
BRF:0
BRH:0
end_of_record
TN:
SF:src\domain\services\audit.service.ts
FN:12,(anonymous_0)
FN:14,(anonymous_1)
FNF:2
FNH:2
FNDA:2,(anonymous_0)
FNDA:2,(anonymous_1)
DA:11,1
DA:12,2
DA:15,2
LF:3
LH:3
BRF:0
BRH:0
end_of_record
TN:
SF:src\domain\services\debt.service.ts
FN:18,(anonymous_0)
FN:20,(anonymous_1)
FN:67,(anonymous_2)
FN:71,(anonymous_3)
FN:75,(anonymous_4)
FN:79,(anonymous_5)
FNF:6
FNH:6
FNDA:9,(anonymous_0)
FNDA:9,(anonymous_1)
FNDA:5,(anonymous_2)
FNDA:3,(anonymous_3)
FNDA:8,(anonymous_4)
FNDA:5,(anonymous_5)
DA:15,1
DA:17,1
DA:18,9
DA:21,9
DA:22,9
DA:24,9
DA:25,9
DA:26,1
DA:29,8
DA:31,8
DA:35,8
DA:37,8
DA:38,3
DA:41,5
DA:42,5
DA:43,5
DA:45,5
DA:46,14
DA:53,14
DA:60,14
DA:61,14
DA:64,5
DA:68,5
DA:72,3
DA:76,8
DA:80,5
DA:81,5
DA:83,5
DA:84,14
DA:88,14
DA:91,5
LF:31
LH:31
BRDA:22,0,0,9
BRDA:22,0,1,2
BRDA:25,1,0,1
BRDA:25,1,1,8
BRDA:31,2,0,3
BRDA:31,2,1,5
BRDA:37,3,0,3
BRDA:37,3,1,5
BRF:8
BRH:8
end_of_record
TN:
SF:src\domain\services\letter.service.ts
FN:17,(anonymous_0)
FNF:1
FNH:1
FNDA:11,(anonymous_0)
DA:10,1
DA:14,1
DA:16,1
DA:21,11
DA:23,11
DA:24,11
DA:25,1
DA:27,10
DA:28,1
DA:31,9
DA:32,9
DA:33,1
DA:38,8
DA:39,8
DA:40,1
DA:43,7
DA:44,7
DA:45,2
DA:46,1
DA:52,6
DA:53,6
DA:54,6
DA:55,6
DA:57,6
DA:58,6
DA:60,6
DA:61,4
DA:76,4
DA:77,4
DA:78,4
DA:82,6
DA:94,6
DA:96,6
DA:105,6
LF:34
LH:34
BRDA:24,0,0,1
BRDA:24,0,1,10
BRDA:27,1,0,1
BRDA:27,1,1,9
BRDA:32,2,0,1
BRDA:32,2,1,8
BRDA:39,3,0,1
BRDA:39,3,1,7
BRDA:45,4,0,1
BRDA:45,4,1,1
BRDA:45,5,0,2
BRDA:45,5,1,1
BRDA:60,6,0,4
BRDA:60,6,1,2
BRDA:60,7,0,6
BRDA:60,7,1,5
BRDA:60,7,2,4
BRDA:60,7,3,4
BRDA:76,8,0,4
BRDA:76,8,1,0
BRDA:78,9,0,4
BRDA:78,9,1,0
BRF:22
BRH:20
end_of_record
TN:
SF:src\domain\services\payment.service.ts
FN:16,(anonymous_0)
FNF:1
FNH:1
FNDA:6,(anonymous_0)
DA:13,1
DA:15,1
DA:20,6
DA:22,6
DA:23,3
DA:24,3
DA:25,1
DA:29,5
DA:31,5
DA:32,1
DA:35,4
DA:37,4
DA:47,4
DA:62,4
LF:14
LH:14
BRDA:22,0,0,3
BRDA:22,0,1,3
BRDA:24,1,0,1
BRDA:24,1,1,2
BRDA:31,2,0,1
BRDA:31,2,1,4
BRDA:57,3,0,4
BRDA:57,3,1,2
BRF:8
BRH:8
end_of_record
TN:
SF:src\domain\services\requisito.service.ts
FN:22,(anonymous_0)
FN:27,(anonymous_1)
FN:67,(anonymous_2)
FN:111,(anonymous_3)
FNF:4
FNH:4
FNDA:11,(anonymous_0)
FNDA:4,(anonymous_1)
FNDA:2,(anonymous_2)
FNDA:5,(anonymous_3)
DA:15,1
DA:21,1
DA:23,11
DA:24,11
DA:28,4
DA:30,4
DA:35,4
DA:36,1
DA:39,3
DA:51,3
DA:57,3
DA:70,2
DA:72,2
DA:77,2
DA:78,1
DA:81,1
DA:91,1
DA:97,1
DA:112,5
DA:115,5
DA:117,5
DA:118,3
DA:119,6
DA:129,6
DA:135,6
LF:25
LH:25
BRDA:35,0,0,1
BRDA:35,0,1,3
BRDA:43,1,0,3
BRDA:43,1,1,1
BRDA:77,2,0,1
BRDA:77,2,1,1
BRF:6
BRH:6
end_of_record
TN:
SF:src\domain\types\index.ts
FNF:0
FNH:0
DA:8,0
DA:9,0
DA:10,0
DA:11,0
DA:12,0
LF:5
LH:0
BRF:0
BRH:0
end_of_record
TN:
SF:src\health\health.controller.ts
FN:14,(anonymous_2)
FN:19,(anonymous_3)
FN:25,(anonymous_4)
FN:36,(anonymous_5)
FNF:4
FNH:0
FNDA:0,(anonymous_2)
FNDA:0,(anonymous_3)
FNDA:0,(anonymous_4)
FNDA:0,(anonymous_5)
DA:1,0
DA:2,0
DA:3,0
DA:13,0
DA:14,0
DA:19,0
DA:20,0
DA:25,0
DA:26,0
DA:27,0
DA:28,0
DA:30,0
DA:36,0
DA:37,0
LF:14
LH:0
BRDA:14,0,0,0
BRDA:14,0,1,0
BRDA:14,1,0,0
BRDA:14,1,1,0
BRF:4
BRH:0
end_of_record
TN:
SF:src\health\health.module.ts
FNF:0
FNH:0
DA:1,0
DA:2,0
DA:7,0
LF:3
LH:0
BRF:0
BRH:0
end_of_record
TN:
SF:src\infrastructure\audit\audit.module.ts
FN:17,(anonymous_1)
FNF:1
FNH:0
FNDA:0,(anonymous_1)
DA:1,0
DA:2,0
DA:3,0
DA:4,0
DA:5,0
DA:17,0
DA:23,0
LF:7
LH:0
BRF:0
BRH:0
end_of_record
TN:
SF:src\infrastructure\audit\prisma-audit-event-store.service.ts
FN:15,(anonymous_4)
FN:17,(anonymous_5)
FNF:2
FNH:0
FNDA:0,(anonymous_4)
FNDA:0,(anonymous_5)
DA:1,0
DA:2,0
DA:14,0
DA:15,0
DA:18,0
LF:5
LH:0
BRDA:15,0,0,0
BRDA:15,0,1,0
BRDA:15,1,0,0
BRDA:15,1,1,0
BRF:4
BRH:0
end_of_record
TN:
SF:src\infrastructure\debt\debt.module.ts
FN:17,(anonymous_1)
FNF:1
FNH:0
FNDA:0,(anonymous_1)
DA:1,0
DA:2,0
DA:3,0
DA:4,0
DA:5,0
DA:17,0
DA:23,0
LF:7
LH:0
BRF:0
BRH:0
end_of_record
TN:
SF:src\infrastructure\debt\prisma-debt-data-provider.service.ts
FN:25,(anonymous_4)
FN:27,(anonymous_5)
FN:35,(anonymous_6)
FN:44,(anonymous_7)
FN:73,(anonymous_8)
FNF:5
FNH:0
FNDA:0,(anonymous_4)
FNDA:0,(anonymous_5)
FNDA:0,(anonymous_6)
FNDA:0,(anonymous_7)
FNDA:0,(anonymous_8)
DA:1,0
DA:2,0
DA:5,0
DA:6,0
DA:24,0
DA:25,0
DA:28,0
DA:32,0
DA:36,0
DA:41,0
DA:50,0
DA:51,0
DA:53,0
DA:63,0
DA:64,0
DA:66,0
DA:67,0
DA:70,0
DA:79,0
DA:81,0
DA:91,0
DA:92,0
DA:95,0
LF:23
LH:0
BRDA:63,0,0,0
BRDA:63,0,1,0
BRDA:66,1,0,0
BRDA:66,1,1,0
BRDA:91,2,0,0
BRDA:91,2,1,0
BRDA:25,3,0,0
BRDA:25,3,1,0
BRDA:25,4,0,0
BRDA:25,4,1,0
BRF:10
BRH:0
end_of_record
TN:
SF:src\infrastructure\email\email.module.ts
FNF:0
FNH:0
DA:1,0
DA:2,0
DA:15,0
LF:3
LH:0
BRF:0
BRH:0
end_of_record
TN:
SF:src\infrastructure\email\email.service.ts
FN:34,(anonymous_11)
FN:66,(anonymous_12)
FN:95,(anonymous_13)
FN:149,(anonymous_14)
FN:187,(anonymous_15)
FN:223,(anonymous_16)
FN:252,(anonymous_17)
FN:281,(anonymous_18)
FN:320,(anonymous_19)
FN:359,(anonymous_20)
FN:367,(anonymous_21)
FN:375,(anonymous_22)
FNF:12
FNH:0
FNDA:0,(anonymous_11)
FNDA:0,(anonymous_12)
FNDA:0,(anonymous_13)
FNDA:0,(anonymous_14)
FNDA:0,(anonymous_15)
FNDA:0,(anonymous_16)
FNDA:0,(anonymous_17)
FNDA:0,(anonymous_18)
FNDA:0,(anonymous_19)
FNDA:0,(anonymous_20)
FNDA:0,(anonymous_21)
FNDA:0,(anonymous_22)
DA:1,0
DA:2,0
DA:6,0
DA:27,0
DA:28,0
DA:29,0
DA:35,0
DA:36,0
DA:37,0
DA:39,0
DA:40,0
DA:43,0
DA:44,0
DA:47,0
DA:48,0
DA:49,0
DA:50,0
DA:51,0
DA:53,0
DA:60,0
DA:61,0
DA:62,0
DA:72,0
DA:74,0
DA:75,0
DA:82,0
DA:84,0
DA:102,0
DA:103,0
DA:104,0
DA:105,0
DA:107,0
DA:155,0
DA:156,0
DA:157,0
DA:158,0
DA:160,0
DA:191,0
DA:193,0
DA:228,0
DA:257,0
DA:287,0
DA:288,0
DA:289,0
DA:291,0
DA:321,0
DA:360,0
DA:368,0
DA:376,0
LF:49
LH:0
BRDA:35,0,0,0
BRDA:35,0,1,0
BRDA:36,1,0,0
BRDA:36,1,1,0
BRDA:37,2,0,0
BRDA:37,2,1,0
BRDA:39,3,0,0
BRDA:39,3,1,0
BRDA:47,4,0,0
BRDA:47,4,1,0
BRDA:48,5,0,0
BRDA:48,5,1,0
BRDA:57,6,0,0
BRDA:57,6,1,0
BRDA:57,7,0,0
BRDA:57,7,1,0
BRDA:72,8,0,0
BRDA:72,8,1,0
BRDA:72,9,0,0
BRDA:72,9,1,0
BRDA:80,10,0,0
BRDA:80,10,1,0
BRDA:105,11,0,0
BRDA:105,11,1,0
BRDA:158,12,0,0
BRDA:158,12,1,0
BRF:26
BRH:0
end_of_record
TN:
SF:src\infrastructure\encryption\encryption.module.ts
FNF:0
FNH:0
DA:1,0
DA:2,0
DA:13,0
LF:3
LH:0
BRF:0
BRH:0
end_of_record
TN:
SF:src\infrastructure\encryption\encryption.service.ts
FN:18,(anonymous_2)
FN:22,(anonymous_3)
FN:31,(anonymous_4)
FN:43,(anonymous_5)
FN:59,(anonymous_6)
FNF:5
FNH:0
FNDA:0,(anonymous_2)
FNDA:0,(anonymous_3)
FNDA:0,(anonymous_4)
FNDA:0,(anonymous_5)
FNDA:0,(anonymous_6)
DA:1,0
DA:2,0
DA:4,0
DA:5,0
DA:6,0
DA:7,0
DA:15,0
DA:16,0
DA:19,0
DA:23,0
DA:24,0
DA:25,0
DA:27,0
DA:28,0
DA:32,0
DA:33,0
DA:37,0
DA:44,0
DA:45,0
DA:46,0
DA:47,0
DA:51,0
DA:52,0
DA:53,0
DA:60,0
DA:61,0
DA:62,0
DA:64,0
DA:65,0
DA:66,0
DA:68,0
DA:69,0
DA:70,0
LF:33
LH:0
BRDA:24,0,0,0
BRDA:24,0,1,0
BRDA:24,1,0,0
BRDA:24,1,1,0
BRDA:24,1,2,0
BRDA:28,2,0,0
BRDA:28,2,1,0
BRDA:32,3,0,0
BRDA:32,3,1,0
BRDA:61,4,0,0
BRDA:61,4,1,0
BRF:11
BRH:0
end_of_record
TN:
SF:src\infrastructure\estado-general\prisma-estado-general-data-provider.service.ts
FN:11,(anonymous_2)
FN:13,(anonymous_3)
FN:21,(anonymous_4)
FNF:3
FNH:0
FNDA:0,(anonymous_2)
FNDA:0,(anonymous_3)
FNDA:0,(anonymous_4)
DA:4,0
DA:5,0
DA:6,0
DA:10,0
DA:11,0
DA:14,0
DA:18,0
DA:22,0
LF:8
LH:0
BRDA:11,0,0,0
BRDA:11,0,1,0
BRDA:11,1,0,0
BRDA:11,1,1,0
BRF:4
BRH:0
end_of_record
TN:
SF:src\infrastructure\letter\carta-pdf.service.ts
FN:55,calcularTiempoPermanencia
FN:71,formatearFecha
FN:79,wrap
FN:96,wrapByWidth
FN:124,justifyLine
FN:130,(anonymous_16)
FN:131,(anonymous_17)
FN:152,(anonymous_18)
FN:169,(anonymous_19)
FN:173,(anonymous_20)
FN:198,(anonymous_21)
[...]
BRDA:553,50,0,0
BRDA:553,50,1,0
BRDA:583,51,0,0
BRDA:583,51,1,0
BRDA:619,52,0,0
BRDA:619,52,1,0
BRDA:621,53,0,0
BRDA:621,53,1,0
BRDA:621,53,2,0
BRDA:622,54,0,0
BRDA:622,54,1,0
BRDA:624,55,0,0
BRDA:624,55,1,0
BRDA:624,55,2,0
BRDA:625,56,0,0
BRDA:625,56,1,0
BRDA:627,57,0,0
BRDA:627,57,1,0
BRDA:627,57,2,0
BRDA:630,58,0,0
BRDA:630,58,1,0
BRDA:631,59,0,0
BRDA:631,59,1,0
BRDA:631,59,2,0
BRDA:638,60,0,0
BRDA:638,60,1,0
BRDA:639,61,0,0
BRDA:639,61,1,0
BRDA:639,61,2,0
BRDA:646,62,0,0
BRDA:646,62,1,0
BRDA:647,63,0,0
BRDA:647,63,1,0
BRDA:647,63,2,0
BRDA:655,64,0,0
BRDA:655,64,1,0
BRDA:680,65,0,0
BRDA:680,65,1,0
BRDA:680,66,0,0
BRDA:680,66,1,0
BRDA:686,67,0,0
BRDA:686,67,1,0
BRDA:702,68,0,0
BRDA:702,68,1,0
BRDA:703,69,0,0
BRDA:703,69,1,0
BRDA:713,70,0,0
BRDA:713,70,1,0
BRDA:714,71,0,0
BRDA:714,71,1,0
BRDA:715,72,0,0
BRDA:715,72,1,0
BRDA:716,73,0,0
BRDA:716,73,1,0
BRDA:756,74,0,0
BRDA:756,74,1,0
BRDA:757,75,0,0
BRDA:757,75,1,0
BRDA:761,76,0,0
BRDA:761,76,1,0
BRDA:784,77,0,0
BRDA:784,77,1,0
BRDA:784,78,0,0
BRDA:784,78,1,0
BRDA:791,79,0,0
BRDA:791,79,1,0
BRDA:793,80,0,0
BRDA:793,80,1,0
BRDA:794,81,0,0
BRDA:794,81,1,0
BRDA:795,82,0,0
BRDA:795,82,1,0
BRDA:796,83,0,0
BRDA:796,83,1,0
BRDA:810,84,0,0
BRDA:810,84,1,0
BRDA:810,85,0,0
BRDA:810,85,1,0
BRDA:813,86,0,0
BRDA:813,86,1,0
BRDA:814,87,0,0
BRDA:814,87,1,0
BRDA:842,88,0,0
BRDA:842,88,1,0
BRDA:842,89,0,0
BRDA:842,89,1,0
BRDA:847,90,0,0
BRDA:847,90,1,0
BRDA:850,91,0,0
BRDA:850,91,1,0
BRDA:850,92,0,0
BRDA:850,92,1,0
BRDA:850,93,0,0
BRDA:850,93,1,0
BRDA:902,94,0,0
BRDA:902,94,1,0
BRDA:907,95,0,0
BRDA:907,95,1,0
BRDA:915,96,0,0
BRDA:915,96,1,0
BRDA:924,97,0,0
BRDA:924,97,1,0
BRDA:925,98,0,0
BRDA:925,98,1,0
BRDA:936,99,0,0
BRDA:936,99,1,0
BRDA:936,100,0,0
BRDA:936,100,1,0
BRDA:952,101,0,0
BRDA:952,101,1,0
BRDA:953,102,0,0
BRDA:953,102,1,0
BRDA:967,103,0,0
BRDA:967,103,1,0
BRDA:969,104,0,0
BRDA:969,104,1,0
BRDA:972,105,0,0
BRDA:972,105,1,0
BRDA:976,106,0,0
BRDA:976,106,1,0
BRDA:983,107,0,0
BRDA:983,107,1,0
BRDA:994,108,0,0
BRDA:994,108,1,0
BRDA:995,109,0,0
BRDA:995,109,1,0
BRDA:1000,110,0,0
BRDA:1000,110,1,0
BRDA:1030,111,0,0
BRDA:1030,111,1,0
BRDA:1030,112,0,0
BRDA:1030,112,1,0
BRDA:1035,113,0,0
BRDA:1035,113,1,0
BRDA:1048,114,0,0
BRDA:1048,114,1,0
BRDA:1050,115,0,0
BRDA:1050,115,1,0
BRDA:1053,116,0,0
BRDA:1053,116,1,0
BRDA:1088,117,0,0
BRDA:1088,117,1,0
BRDA:1090,118,0,0
BRDA:1090,118,1,0
BRDA:1095,119,0,0
BRDA:1095,119,1,0
BRDA:1102,120,0,0
BRDA:1102,120,1,0
BRDA:1171,121,0,0
BRDA:1171,121,1,0
BRDA:1177,122,0,0
BRDA:1177,122,1,0
BRDA:1177,123,0,0
BRDA:1177,123,1,0
BRDA:1181,124,0,0
BRDA:1181,124,1,0
BRDA:1183,125,0,0
BRDA:1183,125,1,0
BRDA:1216,126,0,0
BRDA:1216,126,1,0
BRDA:1228,127,0,0
BRDA:1228,127,1,0
BRDA:1243,128,0,0
BRDA:1243,128,1,0
BRDA:1288,129,0,0
BRDA:1288,129,1,0
BRDA:1295,130,0,0
BRDA:1295,130,1,0
BRDA:1303,131,0,0
BRDA:1303,131,1,0
BRDA:1304,132,0,0
BRDA:1304,132,1,0
BRDA:1304,132,2,0
BRDA:1313,133,0,0
BRDA:1313,133,1,0
BRDA:1314,134,0,0
BRDA:1314,134,1,0
BRDA:1314,134,2,0
BRDA:1323,135,0,0
BRDA:1323,135,1,0
BRDA:1324,136,0,0
BRDA:1324,136,1,0
BRDA:1324,136,2,0
BRDA:1334,137,0,0
BRDA:1334,137,1,0
BRDA:1370,138,0,0
BRDA:1370,138,1,0
BRDA:36,139,0,0
BRDA:36,139,1,0
BRDA:36,140,0,0
BRDA:36,140,1,0
BRDA:36,141,0,0
BRDA:36,141,1,0
BRDA:36,142,0,0
BRDA:36,142,1,0
BRDA:37,143,0,0
BRDA:37,143,1,0
BRDA:37,144,0,0
BRDA:37,144,1,0
BRDA:38,145,0,0
BRDA:38,145,1,0
BRDA:38,146,0,0
BRDA:38,146,1,0
BRDA:39,147,0,0
BRDA:39,147,1,0
BRDA:39,148,0,0
BRDA:39,148,1,0
BRF:304
BRH:0
end_of_record
TN:
SF:src\platform\impersonacion\platform-impersonacion.controller.ts
FN:13,(anonymous_4)
FN:17,(anonymous_5)
FN:27,(anonymous_6)
FNF:3
FNH:0
FNDA:0,(anonymous_4)
FNDA:0,(anonymous_5)
FNDA:0,(anonymous_6)
DA:1,0
DA:2,0
DA:3,0
DA:4,0
DA:6,0
DA:12,0
DA:13,0
DA:17,0
DA:21,0
DA:22,0
DA:27,0
DA:28,0
DA:29,0
DA:30,0
DA:32,0
DA:33,0
LF:16
LH:0
BRDA:29,0,0,0
BRDA:29,0,1,0
BRDA:13,1,0,0
BRDA:13,1,1,0
BRDA:13,2,0,0
BRDA:13,2,1,0
BRF:6
BRH:0
end_of_record
TN:
SF:src\platform\juntas\platform-juntas.controller.ts
FN:31,(anonymous_4)
FN:37,(anonymous_5)
FN:50,(anonymous_6)
FN:55,(anonymous_7)
FN:60,(anonymous_8)
FN:65,(anonymous_9)
FN:70,(anonymous_10)
FN:75,(anonymous_11)
FN:80,(anonymous_12)
FN:89,(anonymous_13)
FN:106,(anonymous_14)
FN:122,(anonymous_15)
FN:141,(anonymous_16)
FN:150,(anonymous_17)
FN:158,(anonymous_18)
FN:167,(anonymous_19)
FN:175,(anonymous_20)
FN:183,(anonymous_21)
FN:191,(anonymous_22)
FN:200,(anonymous_23)
FN:209,(anonymous_24)
FNF:21
FNH:0
FNDA:0,(anonymous_4)
FNDA:0,(anonymous_5)
FNDA:0,(anonymous_6)
FNDA:0,(anonymous_7)
FNDA:0,(anonymous_8)
FNDA:0,(anonymous_9)
FNDA:0,(anonymous_10)
FNDA:0,(anonymous_11)
FNDA:0,(anonymous_12)
FNDA:0,(anonymous_13)
FNDA:0,(anonymous_14)
FNDA:0,(anonymous_15)
FNDA:0,(anonymous_16)
FNDA:0,(anonymous_17)
FNDA:0,(anonymous_18)
FNDA:0,(anonymous_19)
FNDA:0,(anonymous_20)
FNDA:0,(anonymous_21)
FNDA:0,(anonymous_22)
FNDA:0,(anonymous_23)
FNDA:0,(anonymous_24)
DA:1,0
DA:13,0
DA:14,0
DA:15,0
DA:18,0
DA:19,0
DA:20,0
DA:21,0
DA:22,0
DA:23,0
DA:24,0
DA:25,0
DA:26,0
DA:30,0
DA:32,0
DA:33,0
DA:37,0
DA:42,0
DA:43,0
DA:45,0
DA:46,0
DA:50,0
DA:51,0
DA:55,0
DA:56,0
DA:60,0
DA:61,0
DA:65,0
DA:66,0
DA:70,0
DA:71,0
DA:75,0
DA:76,0
DA:80,0
DA:85,0
DA:89,0
DA:94,0
DA:95,0
DA:96,0
DA:106,0
DA:111,0
DA:112,0
DA:122,0
DA:127,0
DA:141,0
DA:146,0
DA:150,0
DA:154,0
DA:158,0
DA:163,0
DA:167,0
DA:171,0
DA:175,0
DA:179,0
DA:183,0
DA:187,0
DA:191,0
DA:196,0
DA:200,0
DA:205,0
DA:209,0
DA:210,0
LF:62
LH:0
BRDA:42,0,0,0
BRDA:42,0,1,0
BRDA:43,1,0,0
BRDA:43,1,1,0
BRDA:45,2,0,0
BRDA:45,2,1,0
BRDA:45,3,0,0
BRDA:45,3,1,0
BRDA:94,4,0,0
BRDA:94,4,1,0
BRDA:95,5,0,0
BRDA:95,5,1,0
BRDA:111,6,0,0
BRDA:111,6,1,0
BRDA:82,7,0,0
BRDA:82,7,1,0
BRDA:82,8,0,0
BRDA:82,8,1,0
BRDA:91,9,0,0
BRDA:91,9,1,0
BRDA:91,10,0,0
BRDA:91,10,1,0
BRDA:108,11,0,0
BRDA:108,11,1,0
BRDA:108,12,0,0
BRDA:108,12,1,0
BRDA:124,13,0,0
BRDA:124,13,1,0
BRDA:124,14,0,0
BRDA:124,14,1,0
BRDA:143,15,0,0
BRDA:143,15,1,0
BRDA:143,16,0,0
BRDA:143,16,1,0
BRDA:160,17,0,0
BRDA:160,17,1,0
BRDA:160,18,0,0
BRDA:160,18,1,0
BRDA:184,19,0,0
BRDA:184,19,1,0
BRDA:184,20,0,0
BRDA:184,20,1,0
BRDA:193,21,0,0
BRDA:193,21,1,0
BRDA:193,22,0,0
BRDA:193,22,1,0
BRDA:202,23,0,0
BRDA:202,23,1,0
BRDA:202,24,0,0
BRDA:202,24,1,0
BRDA:32,25,0,0
BRDA:32,25,1,0
BRDA:32,26,0,0
BRDA:32,26,1,0
BRDA:32,27,0,0
BRDA:32,27,1,0
BRDA:32,28,0,0
BRDA:32,28,1,0
BRF:58
BRH:0
end_of_record
TN:
SF:src\platform\juntas\platform-juntas.service.ts
FN:20,generarPasswordTemporal
FN:24,(anonymous_12)
FN:48,(anonymous_13)
FN:56,(anonymous_14)
FN:96,(anonymous_15)
FN:182,(anonymous_16)
FN:198,(anonymous_17)
FN:223,(anonymous_18)
FN:232,(anonymous_19)
FN:250,(anonymous_20)
FN:256,(anonymous_21)
FN:262,(anonymous_22)
FN:311,(anonymous_23)
FN:334,(anonymous_24)
FN:406,(anonymous_25)
FN:525,(anonymous_26)
FN:535,(anonymous_27)
FN:582,(anonymous_28)
FN:629,(anonymous_29)
FN:688,(anonymous_30)
FN:710,(anonymous_31)
FN:788,(anonymous_32)
FN:815,(anonymous_33)
FN:831,(anonymous_34)
FN:868,(anonymous_35)
FN:890,(anonymous_36)
FN:935,(anonymous_37)
FN:939,(anonymous_38)
FNF:28
FNH:0
FNDA:0,generarPasswordTemporal
FNDA:0,(anonymous_12)
FNDA:0,(anonymous_13)
FNDA:0,(anonymous_14)
FNDA:0,(anonymous_15)
FNDA:0,(anonymous_16)
FNDA:0,(anonymous_17)
FNDA:0,(anonymous_18)
FNDA:0,(anonymous_19)
FNDA:0,(anonymous_20)
FNDA:0,(anonymous_21)
FNDA:0,(anonymous_22)
FNDA:0,(anonymous_23)
FNDA:0,(anonymous_24)
FNDA:0,(anonymous_25)
FNDA:0,(anonymous_26)
FNDA:0,(anonymous_27)
FNDA:0,(anonymous_28)
FNDA:0,(anonymous_29)
FNDA:0,(anonymous_30)
FNDA:0,(anonymous_31)
FNDA:0,(anonymous_32)
FNDA:0,(anonymous_33)
FNDA:0,(anonymous_34)
FNDA:0,(anonymous_35)
FNDA:0,(anonymous_36)
FNDA:0,(anonymous_37)
FNDA:0,(anonymous_38)
DA:1,0
DA:2,0
DA:3,0
DA:4,0
DA:9,0
DA:10,0
DA:11,0
DA:12,0
DA:13,0
DA:14,0
DA:15,0
DA:21,0
DA:22,0
DA:23,0
DA:24,0
DA:47,0
DA:49,0
DA:50,0
DA:51,0
DA:52,0
DA:53,0
DA:57,0
DA:58,0
DA:59,0
DA:85,0
DA:97,0
DA:150,0
DA:151,0
DA:154,0
DA:155,0
DA:165,0
DA:166,0
DA:168,0
DA:193,0
DA:194,0
DA:196,0
DA:198,0
DA:199,0
DA:200,0
DA:201,0
DA:204,0
DA:205,0
DA:206,0
DA:207,0
DA:208,0
DA:209,0
DA:210,0
DA:212,0
DA:217,0
DA:223,0
DA:228,0
DA:233,0
DA:234,0
DA:236,0
DA:249,0
DA:250,0
DA:256,0
DA:263,0
DA:264,0
DA:266,0
DA:299,0
DA:312,0
DA:326,0
DA:327,0
DA:328,0
DA:330,0
DA:341,0
DA:342,0
DA:344,0
DA:347,0
DA:348,0
DA:351,0
DA:352,0
DA:354,0
DA:355,0
DA:356,0
DA:361,0
DA:363,0
DA:364,0
DA:376,0
DA:377,0
DA:378,0
DA:379,0
DA:393,0
DA:402,0
DA:421,0
DA:425,0
DA:427,0
DA:428,0
DA:429,0
DA:430,0
DA:432,0
DA:439,0
DA:440,0
DA:442,0
DA:444,0
DA:445,0
DA:446,0
DA:447,0
DA:448,0
DA:449,0
DA:450,0
DA:452,0
DA:453,0
DA:454,0
DA:455,0
DA:456,0
DA:457,0
DA:458,0
DA:459,0
DA:462,0
DA:463,0
DA:464,0
DA:465,0
DA:470,0
DA:472,0
DA:473,0
DA:474,0
DA:475,0
DA:476,0
DA:477,0
DA:480,0
DA:481,0
DA:483,0
DA:484,0
DA:488,0
DA:491,0
DA:492,0
DA:493,0
DA:494,0
DA:495,0
DA:499,0
DA:500,0
DA:501,0
DA:502,0
DA:503,0
DA:506,0
DA:512,0
DA:521,0
DA:526,0
DA:527,0
DA:536,0
DA:537,0
DA:545,0
DA:546,0
DA:547,0
DA:548,0
DA:549,0
DA:550,0
DA:552,0
DA:554,0
DA:565,0
DA:567,0
DA:571,0
DA:574,0
DA:583,0
DA:584,0
DA:595,0
DA:597,0
DA:598,0
DA:599,0
DA:600,0
DA:601,0
DA:603,0
DA:605,0
DA:617,0
DA:621,0
DA:625,0
DA:630,0
DA:631,0
DA:633,0
DA:634,0
DA:637,0
DA:663,0
DA:664,0
DA:666,0
DA:667,0
DA:675,0
DA:692,0
DA:693,0
DA:707,0
DA:728,0
DA:729,0
DA:730,0
DA:733,0
DA:734,0
DA:737,0
DA:738,0
DA:743,0
DA:744,0
DA:745,0
DA:746,0
DA:750,0
DA:771,0
DA:776,0
DA:785,0
DA:789,0
DA:790,0
DA:791,0
DA:793,0
DA:794,0
DA:797,0
DA:802,0
DA:811,0
DA:816,0
DA:819,0
DA:821,0
DA:828,0
DA:832,0
DA:833,0
DA:835,0
DA:836,0
DA:838,0
DA:839,0
DA:841,0
DA:846,0
DA:855,0
DA:873,0
DA:874,0
DA:876,0
DA:880,0
DA:881,0
DA:884,0
DA:888,0
DA:890,0
DA:891,0
DA:892,0
DA:899,0
DA:911,0
DA:923,0
DA:936,0
DA:940,0
DA:941,0
DA:943,0
DA:944,0
DA:946,0
DA:951,0
DA:960,0
LF:238
LH:0
BRDA:56,0,0,0
BRDA:56,1,0,0
BRDA:58,2,0,0
BRDA:58,2,1,0
BRDA:150,3,0,0
BRDA:150,3,1,0
BRDA:155,4,0,0
BRDA:155,4,1,0
BRDA:194,5,0,0
BRDA:194,5,1,0
BRDA:199,6,0,0
BRDA:199,6,1,0
BRDA:200,7,0,0
BRDA:200,7,1,0
BRDA:200,8,0,0
BRDA:200,8,1,0
BRDA:204,9,0,0
BRDA:204,9,1,0
BRDA:205,10,0,0
BRDA:205,10,1,0
BRDA:206,11,0,0
BRDA:206,11,1,0
BRDA:208,12,0,0
BRDA:208,12,1,0
BRDA:209,13,0,0
BRDA:209,13,1,0
BRDA:210,14,0,0
BRDA:210,14,1,0
BRDA:210,15,0,0
BRDA:210,15,1,0
BRDA:234,16,0,0
BRDA:234,16,1,0
BRDA:264,17,0,0
BRDA:264,17,1,0
BRDA:326,18,0,0
BRDA:326,18,1,0
BRDA:327,19,0,0
BRDA:327,19,1,0
BRDA:342,20,0,0
BRDA:342,20,1,0
BRDA:347,21,0,0
BRDA:347,21,1,0
BRDA:352,22,0,0
BRDA:352,22,1,0
BRDA:355,23,0,0
BRDA:355,23,1,0
BRDA:355,23,2,0
BRDA:359,24,0,0
BRDA:359,24,1,0
BRDA:363,25,0,0
BRDA:363,25,1,0
BRDA:376,26,0,0
BRDA:376,26,1,0
BRDA:377,27,0,0
BRDA:377,27,1,0
BRDA:378,28,0,0
BRDA:378,28,1,0
BRDA:425,29,0,0
BRDA:425,29,1,0
BRDA:428,30,0,0
BRDA:428,30,1,0
BRDA:430,31,0,0
BRDA:430,31,1,0
BRDA:436,32,0,0
BRDA:436,32,1,0
BRDA:437,33,0,0
BRDA:437,33,1,0
BRDA:440,34,0,0
BRDA:440,34,1,0
BRDA:442,35,0,0
BRDA:442,35,1,0
BRDA:442,36,0,0
BRDA:442,36,1,0
BRDA:442,37,0,0
BRDA:442,37,1,0
BRDA:450,38,0,0
BRDA:450,38,1,0
BRDA:450,39,0,0
BRDA:450,39,1,0
BRDA:450,39,2,0
BRDA:463,40,0,0
BRDA:463,40,1,0
BRDA:463,40,2,0
BRDA:464,41,0,0
BRDA:464,41,1,0
BRDA:480,42,0,0
BRDA:480,42,1,0
BRDA:480,43,0,0
BRDA:480,43,1,0
BRDA:483,44,0,0
BRDA:483,44,1,0
BRDA:488,45,0,0
BRDA:488,45,1,0
BRDA:488,45,2,0
BRDA:491,46,0,0
BRDA:491,46,1,0
BRDA:492,47,0,0
BRDA:492,47,1,0
BRDA:494,48,0,0
BRDA:494,48,1,0
BRDA:499,49,0,0
BRDA:499,49,1,0
BRDA:500,50,0,0
BRDA:500,50,1,0
BRDA:501,51,0,0
BRDA:501,51,1,0
BRDA:502,52,0,0
BRDA:502,52,1,0
BRDA:547,53,0,0
BRDA:547,53,1,0
BRDA:547,54,0,0
BRDA:547,54,1,0
BRDA:549,55,0,0
BRDA:549,55,1,0
BRDA:598,56,0,0
BRDA:598,56,1,0
BRDA:598,57,0,0
BRDA:598,57,1,0
BRDA:600,58,0,0
BRDA:600,58,1,0
BRDA:631,59,0,0
BRDA:631,59,1,0
BRDA:663,60,0,0
BRDA:663,60,1,0
BRDA:667,61,0,0
BRDA:667,61,1,0
BRDA:669,62,0,0
BRDA:669,62,1,0
BRDA:670,63,0,0
BRDA:670,63,1,0
BRDA:671,64,0,0
BRDA:671,64,1,0
BRDA:729,65,0,0
BRDA:729,65,1,0
BRDA:733,66,0,0
BRDA:733,66,1,0
BRDA:734,67,0,0
BRDA:734,67,1,0
BRDA:737,68,0,0
BRDA:737,68,1,0
BRDA:743,69,0,0
BRDA:743,69,1,0
BRDA:745,70,0,0
BRDA:745,70,1,0
BRDA:745,71,0,0
BRDA:745,71,1,0
BRDA:751,72,0,0
BRDA:751,72,1,0
BRDA:752,73,0,0
BRDA:752,73,1,0
BRDA:753,74,0,0
BRDA:753,74,1,0
BRDA:754,75,0,0
BRDA:754,75,1,0
BRDA:755,76,0,0
BRDA:755,76,1,0
BRDA:756,77,0,0
BRDA:756,77,1,0
BRDA:757,78,0,0
BRDA:757,78,1,0
BRDA:760,79,0,0
BRDA:760,79,1,0
BRDA:763,80,0,0
BRDA:763,80,1,0
BRDA:764,81,0,0
BRDA:764,81,1,0
BRDA:765,82,0,0
BRDA:765,82,1,0
BRDA:766,83,0,0
BRDA:766,83,1,0
BRDA:767,84,0,0
BRDA:767,84,1,0
BRDA:768,85,0,0
BRDA:768,85,1,0
BRDA:790,86,0,0
BRDA:790,86,1,0
BRDA:793,87,0,0
BRDA:793,87,1,0
BRDA:819,88,0,0
BRDA:819,88,1,0
BRDA:833,89,0,0
BRDA:833,89,1,0
BRDA:836,90,0,0
BRDA:836,90,1,0
BRDA:874,91,0,0
BRDA:874,91,1,0
BRDA:880,92,0,0
BRDA:880,92,1,0
BRDA:891,93,0,0
BRDA:891,93,1,0
BRDA:891,94,0,0
BRDA:891,94,1,0
BRDA:941,95,0,0
BRDA:941,95,1,0
BRDA:944,96,0,0
BRDA:944,96,1,0
BRDA:49,97,0,0
BRDA:49,97,1,0
BRDA:49,98,0,0
BRDA:49,98,1,0
BRDA:49,99,0,0
BRDA:49,99,1,0
BRDA:49,100,0,0
BRDA:49,100,1,0
BRDA:50,101,0,0
BRDA:50,101,1,0
BRDA:50,102,0,0
BRDA:50,102,1,0
BRDA:51,103,0,0
BRDA:51,103,1,0
BRDA:51,104,0,0
BRDA:51,104,1,0
BRDA:52,105,0,0
BRDA:52,105,1,0
BRDA:52,106,0,0
BRDA:52,106,1,0
BRF:216
BRH:0
end_of_record
TN:
SF:src\platform\operaciones\platform-operaciones.controller.ts
FN:22,(anonymous_4)
FN:25,(anonymous_5)
FN:36,(anonymous_6)
FN:45,(anonymous_7)
FNF:4
FNH:0
FNDA:0,(anonymous_4)
FNDA:0,(anonymous_5)
FNDA:0,(anonymous_6)
FNDA:0,(anonymous_7)
DA:1,0
DA:12,0
DA:13,0
DA:14,0
DA:15,0
DA:17,0
DA:21,0
DA:22,0
DA:25,0
DA:30,0
DA:31,0
DA:32,0
DA:36,0
DA:41,0
DA:45,0
DA:50,0
DA:51,0
DA:53,0
DA:54,0
DA:55,0
DA:56,0
DA:57,0
DA:60,0
LF:23
LH:0
BRDA:30,0,0,0
BRDA:30,0,1,0
BRDA:31,1,0,0
BRDA:31,1,1,0
BRDA:50,2,0,0
BRDA:50,2,1,0
BRDA:53,3,0,0
BRDA:53,3,1,0
BRDA:38,4,0,0
BRDA:38,4,1,0
BRDA:38,5,0,0
BRDA:38,5,1,0
BRDA:47,6,0,0
BRDA:47,6,1,0
BRDA:47,7,0,0
BRDA:47,7,1,0
BRDA:22,8,0,0
BRDA:22,8,1,0
BRDA:22,9,0,0
BRDA:22,9,1,0
BRF:20
BRH:0
end_of_record
TN:
SF:src\platform\operaciones\platform-operaciones.service.ts
FN:14,(anonymous_2)
FN:20,(anonymous_3)
FN:51,(anonymous_4)
FN:88,(anonymous_5)
FN:198,(anonymous_6)
FNF:5
FNH:0
FNDA:0,(anonymous_2)
FNDA:0,(anonymous_3)
FNDA:0,(anonymous_4)
FNDA:0,(anonymous_5)
FNDA:0,(anonymous_6)
DA:1,0
DA:6,0
DA:7,0
DA:13,0
DA:15,0
DA:16,0
DA:21,0
DA:22,0
DA:24,0
DA:26,0
DA:39,0
DA:56,0
DA:57,0
DA:59,0
DA:60,0
DA:61,0
DA:64,0
DA:75,0
DA:84,0
DA:89,0
DA:95,0
DA:105,0
DA:151,0
DA:191,0
DA:192,0
DA:195,0
DA:199,0
DA:200,0
DA:201,0
DA:202,0
DA:203,0
DA:204,0
DA:205,0
DA:206,0
DA:208,0
DA:209,0
DA:210,0
DA:211,0
DA:212,0
DA:213,0
DA:214,0
DA:215,0
DA:216,0
DA:217,0
DA:218,0
DA:219,0
DA:223,0
DA:224,0
DA:225,0
DA:227,0
LF:50
LH:0
BRDA:20,0,0,0
BRDA:20,1,0,0
BRDA:22,2,0,0
BRDA:22,2,1,0
BRDA:57,3,0,0
BRDA:57,3,1,0
BRDA:60,4,0,0
BRDA:60,4,1,0
BRDA:88,5,0,0
BRDA:95,6,0,0
BRDA:95,6,1,0
BRDA:165,7,0,0
BRDA:165,7,1,0
BRDA:191,8,0,0
BRDA:191,8,1,0
BRDA:201,9,0,0
BRDA:201,9,1,0
BRDA:202,10,0,0
BRDA:202,10,1,0
BRDA:203,11,0,0
BRDA:203,11,1,0
BRDA:204,12,0,0
BRDA:204,12,1,0
BRDA:205,13,0,0
BRDA:205,13,1,0
BRDA:206,14,0,0
BRDA:206,14,1,0
BRDA:209,15,0,0
BRDA:209,15,1,0
BRDA:214,16,0,0
BRDA:214,16,1,0
BRDA:215,17,0,0
BRDA:215,17,1,0
BRDA:216,18,0,0
BRDA:216,18,1,0
BRDA:217,19,0,0
BRDA:217,19,1,0
BRDA:218,20,0,0
BRDA:218,20,1,0
BRDA:223,21,0,0
BRDA:223,21,1,0
BRDA:15,22,0,0
BRDA:15,22,1,0
BRDA:15,23,0,0
BRDA:15,23,1,0
BRDA:15,24,0,0
BRDA:15,24,1,0
BRDA:15,25,0,0
BRDA:15,25,1,0
BRF:49
BRH:0
end_of_record
TN:
SF:src\platform\planes\platform-planes.controller.ts
FN:11,(anonymous_4)
FN:14,(anonymous_5)
FN:19,(anonymous_6)
FN:24,(anonymous_7)
FN:29,(anonymous_8)
FNF:5
FNH:0
FNDA:0,(anonymous_4)
FNDA:0,(anonymous_5)
FNDA:0,(anonymous_6)
FNDA:0,(anonymous_7)
FNDA:0,(anonymous_8)
DA:1,0
DA:2,0
DA:3,0
DA:4,0
DA:5,0
DA:6,0
DA:10,0
DA:11,0
DA:14,0
DA:15,0
DA:19,0
DA:20,0
DA:24,0
DA:25,0
DA:29,0
DA:30,0
LF:16
LH:0
BRDA:24,0,0,0
BRDA:24,0,1,0
BRDA:24,1,0,0
BRDA:24,1,1,0
BRDA:29,2,0,0
BRDA:29,2,1,0
BRDA:29,3,0,0
BRDA:29,3,1,0
BRDA:11,4,0,0
BRDA:11,4,1,0
BRDA:11,5,0,0
BRDA:11,5,1,0
BRF:12
BRH:0
end_of_record
TN:
SF:src\platform\planes\platform-planes.service.ts
FN:12,(anonymous_2)
FN:14,(anonymous_3)
FN:22,(anonymous_4)
FN:28,(anonymous_5)
FN:58,(anonymous_6)
FNF:5
FNH:0
FNDA:0,(anonymous_2)
FNDA:0,(anonymous_3)
FNDA:0,(anonymous_4)
FNDA:0,(anonymous_5)
FNDA:0,(anonymous_6)
DA:1,0
DA:2,0
DA:11,0
DA:12,0
DA:15,0
DA:19,0
DA:23,0
DA:24,0
DA:25,0
DA:29,0
DA:32,0
DA:33,0
DA:36,0
DA:55,0
DA:59,0
DA:60,0
DA:62,0
DA:63,0
DA:66,0
DA:67,0
DA:71,0
DA:72,0
DA:73,0
DA:75,0
DA:102,0
LF:25
LH:0
BRDA:14,0,0,0
BRDA:16,1,0,0
BRDA:16,1,1,0
BRDA:24,2,0,0
BRDA:24,2,1,0
BRDA:32,3,0,0
BRDA:32,3,1,0
BRDA:39,4,0,0
BRDA:39,4,1,0
BRDA:42,5,0,0
BRDA:42,5,1,0
BRDA:42,6,0,0
BRDA:42,6,1,0
BRDA:43,7,0,0
BRDA:43,7,1,0
BRDA:43,8,0,0
BRDA:43,8,1,0
BRDA:44,9,0,0
BRDA:44,9,1,0
BRDA:44,10,0,0
BRDA:44,10,1,0
BRDA:45,11,0,0
BRDA:45,11,1,0
BRDA:46,12,0,0
BRDA:46,12,1,0
BRDA:47,13,0,0
BRDA:47,13,1,0
BRDA:48,14,0,0
BRDA:48,14,1,0
BRDA:49,15,0,0
BRDA:49,15,1,0
BRDA:50,16,0,0
BRDA:50,16,1,0
BRDA:51,17,0,0
BRDA:51,17,1,0
BRDA:52,18,0,0
BRDA:52,18,1,0
BRDA:60,19,0,0
BRDA:60,19,1,0
BRDA:62,20,0,0
BRDA:62,20,1,0
BRDA:62,21,0,0
BRDA:62,21,1,0
BRDA:66,22,0,0
BRDA:66,22,1,0
BRDA:71,23,0,0
BRDA:71,23,1,0
BRDA:72,24,0,0
BRDA:72,24,1,0
BRDA:73,25,0,0
BRDA:73,25,1,0
BRDA:78,26,0,0
BRDA:78,26,1,0
BRDA:79,27,0,0
BRDA:79,27,1,0
BRDA:79,28,0,0
BRDA:79,28,1,0
BRDA:80,29,0,0
BRDA:80,29,1,0
BRDA:81,30,0,0
BRDA:81,30,1,0
BRDA:82,31,0,0
BRDA:82,31,1,0
BRDA:82,32,0,0
BRDA:82,32,1,0
BRDA:83,33,0,0
BRDA:83,33,1,0
BRDA:83,34,0,0
BRDA:83,34,1,0
BRDA:84,35,0,0
BRDA:84,35,1,0
BRDA:84,36,0,0
BRDA:84,36,1,0
BRDA:85,37,0,0
BRDA:85,37,1,0
BRDA:86,38,0,0
BRDA:86,38,1,0
BRDA:87,39,0,0
BRDA:87,39,1,0
BRDA:88,40,0,0
BRDA:88,40,1,0
BRDA:89,41,0,0
BRDA:89,41,1,0
BRDA:90,42,0,0
BRDA:90,42,1,0
BRDA:91,43,0,0
BRDA:91,43,1,0
BRDA:94,44,0,0
BRDA:94,44,1,0
BRDA:97,45,0,0
BRDA:97,45,1,0
BRDA:12,46,0,0
BRDA:12,46,1,0
BRDA:12,47,0,0
BRDA:12,47,1,0
BRF:95
BRH:0
end_of_record
TN:
SF:src\platform\reportes\platform-reportes.controller.ts
FN:13,(anonymous_2)
FN:16,(anonymous_3)
FN:21,(anonymous_4)
FN:26,(anonymous_5)
FNF:4
FNH:0
FNDA:0,(anonymous_2)
FNDA:0,(anonymous_3)
FNDA:0,(anonymous_4)
FNDA:0,(anonymous_5)
DA:1,0
DA:2,0
DA:3,0
DA:4,0
DA:12,0
DA:13,0
DA:16,0
DA:17,0
DA:21,0
DA:22,0
DA:26,0
DA:27,0
LF:12
LH:0
BRDA:13,0,0,0
BRDA:13,0,1,0
BRDA:13,1,0,0
BRDA:13,1,1,0
BRF:4
BRH:0
end_of_record
TN:
SF:src\platform\reportes\platform-reportes.service.ts
FN:12,(anonymous_2)
FN:14,(anonymous_3)
FN:23,(anonymous_4)
FN:67,(anonymous_5)
FN:82,(anonymous_6)
FN:84,(anonymous_7)
FN:106,(anonymous_8)
FNF:7
FNH:0
FNDA:0,(anonymous_2)
FNDA:0,(anonymous_3)
FNDA:0,(anonymous_4)
FNDA:0,(anonymous_5)
FNDA:0,(anonymous_6)
FNDA:0,(anonymous_7)
FNDA:0,(anonymous_8)
DA:1,0
DA:2,0
DA:5,0
DA:11,0
DA:12,0
DA:15,0
DA:16,0
DA:17,0
DA:18,0
DA:20,0
DA:24,0
DA:32,0
DA:36,0
DA:37,0
DA:38,0
DA:39,0
DA:42,0
DA:44,0
DA:63,0
DA:64,0
DA:68,0
DA:77,0
DA:81,0
DA:82,0
DA:83,0
DA:84,0
DA:87,0
DA:102,0
DA:103,0
DA:107,0
DA:114,0
DA:115,0
DA:117,0
DA:121,0
DA:123,0
DA:141,0
DA:142,0
DA:143,0
DA:144,0
DA:145,0
DA:147,0
DA:165,0
DA:166,0
LF:43
LH:0
BRDA:15,0,0,0
BRDA:15,0,1,0
BRDA:17,1,0,0
BRDA:17,1,1,0
BRDA:17,2,0,0
BRDA:17,2,1,0
BRDA:17,2,2,0
BRDA:37,3,0,0
BRDA:37,3,1,0
BRDA:38,4,0,0
BRDA:38,4,1,0
BRDA:39,5,0,0
BRDA:39,5,1,0
BRDA:42,6,0,0
BRDA:42,6,1,0
BRDA:49,7,0,0
BRDA:49,7,1,0
BRDA:83,8,0,0
BRDA:83,8,1,0
BRDA:84,9,0,0
BRDA:84,9,1,0
BRDA:97,10,0,0
BRDA:97,10,1,0
BRDA:142,11,0,0
BRDA:142,11,1,0
BRDA:143,12,0,0
BRDA:143,12,1,0
BRDA:144,13,0,0
BRDA:144,13,1,0
BRDA:151,14,0,0
BRDA:151,14,1,0
BRDA:12,15,0,0
BRDA:12,15,1,0
BRDA:12,16,0,0
BRDA:12,16,1,0
BRF:35
BRH:0
end_of_record
TN:
SF:src\prisma\prisma.module.ts
FNF:0
FNH:0
DA:1,0
DA:2,0
DA:9,0
LF:3
LH:0
BRF:0
BRH:0
end_of_record
TN:
SF:src\prisma\prisma.service.ts
FN:9,(anonymous_1)
FN:14,(anonymous_2)
FNF:2
FNH:0
FNDA:0,(anonymous_1)
FNDA:0,(anonymous_2)
DA:1,0
DA:2,0
DA:5,0
DA:8,0
DA:10,0
DA:11,0
DA:15,0
LF:7
LH:0
BRF:0
BRH:0
end_of_record
